#
# There is insufficient memory for the Java Runtime Environment to continue.
# Native memory allocation (mmap) failed to map 79691776 bytes for G1 virtual space
# Possible reasons:
#   The system is out of physical RAM or swap space
#   The process is running with CompressedOops enabled, and the Java Heap may be blocking the growth of the native heap
# Possible solutions:
#   Reduce memory load on the system
#   Increase physical memory or swap space
#   Check if swap backing store is full
#   Decrease Java heap size (-Xmx/-Xms)
#   Decrease number of Java threads
#   Decrease Java thread stack sizes (-Xss)
#   Set larger code cache with -XX:ReservedCodeCacheSize=
#   JVM is running with Zero Based Compressed Oops mode in which the Java heap is
#     placed in the first 32GB address space. The Java Heap base address is the
#     maximum limit for the native heap growth. Please use -XX:HeapBaseMinAddress
#     to set the Java Heap base and to place the Java Heap above 32GB virtual address.
# This output file may be truncated or incomplete.
#
#  Out of Memory Error (os_windows.cpp:3550), pid=15860, tid=32416
#
# JRE version: Java(TM) SE Runtime Environment (17.0.6+9) (build 17.0.6+9-LTS-190)
# Java VM: Java HotSpot(TM) 64-Bit Server VM (17.0.6+9-LTS-190, mixed mode, sharing, tiered, compressed oops, compressed class ptrs, g1 gc, windows-amd64)
# No core dump will be written. Minidumps are not enabled by default on client versions of Windows
#

---------------  S U M M A R Y ------------

Command Line: --add-opens=java.base/java.lang=ALL-UNNAMED --add-opens=java.base/java.lang.invoke=ALL-UNNAMED --add-opens=java.base/java.util=ALL-UNNAMED --add-opens=java.prefs/java.util.prefs=ALL-UNNAMED --add-exports=jdk.compiler/com.sun.tools.javac.api=ALL-UNNAMED --add-exports=jdk.compiler/com.sun.tools.javac.util=ALL-UNNAMED --add-opens=java.base/java.util=ALL-UNNAMED --add-opens=java.prefs/java.util.prefs=ALL-UNNAMED --add-opens=java.base/java.nio.charset=ALL-UNNAMED --add-opens=java.base/java.net=ALL-UNNAMED --add-opens=java.base/java.util.concurrent.atomic=ALL-UNNAMED --add-opens=java.xml/javax.xml.namespace=ALL-UNNAMED -XX:+HeapDumpOnOutOfMemoryError --add-exports=jdk.compiler/com.sun.tools.javac.api=ALL-UNNAMED --add-exports=jdk.compiler/com.sun.tools.javac.file=ALL-UNNAMED --add-exports=jdk.compiler/com.sun.tools.javac.parser=ALL-UNNAMED --add-exports=jdk.compiler/com.sun.tools.javac.tree=ALL-UNNAMED --add-exports=jdk.compiler/com.sun.tools.javac.util=ALL-UNNAMED -Xmx2048m -Dfile.encoding=UTF-8A -Duser.country=IN -Duser.language=en -Duser.variant -javaagent:C:\Users\rajee\.gradle\wrapper\dists\gradle-8.13-bin\5xuhj0ry160q40clulazy9h7d\gradle-8.13\lib\agents\gradle-instrumentation-agent-8.13.jar -Xmx4g org.gradle.launcher.daemon.bootstrap.GradleDaemon 8.13

Host: AMD Ryzen 5 3450U with Radeon Vega Mobile Gfx  , 8 cores, 5G,  Windows 11 , 64 bit Build 26100 (10.0.26100.5074)
Time: Thu Sep 25 12:11:08 2025 India Standard Time elapsed time: 61.591973 seconds (0d 0h 1m 1s)

---------------  T H R E A D  ---------------

Current thread (0x000002653c5b4c20):  VMThread "VM Thread" [stack: 0x000000ddda800000,0x000000ddda900000] [id=32416]

Stack: [0x000000ddda800000,0x000000ddda900000]
Native frames: (J=compiled Java code, j=interpreted, Vv=VM code, C=native code)
V  [jvm.dll+0x6734ea]
V  [jvm.dll+0x7d18f4]
V  [jvm.dll+0x7d309e]
V  [jvm.dll+0x7d3703]
V  [jvm.dll+0x2433c5]
V  [jvm.dll+0x6703f9]
V  [jvm.dll+0x664d32]
V  [jvm.dll+0x300086]
V  [jvm.dll+0x307606]
V  [jvm.dll+0x356c1e]
V  [jvm.dll+0x356e4f]
V  [jvm.dll+0x2d72e8]
V  [jvm.dll+0x2d57e5]
V  [jvm.dll+0x2d4dec]
V  [jvm.dll+0x31837b]
V  [jvm.dll+0x7d7f0b]
V  [jvm.dll+0x7d8c44]
V  [jvm.dll+0x7d915d]
V  [jvm.dll+0x7d9534]
V  [jvm.dll+0x7d9600]
V  [jvm.dll+0x781a7a]
V  [jvm.dll+0x672375]
C  [ucrtbase.dll+0x37b0]
C  [KERNEL32.DLL+0x2e8d7]
C  [ntdll.dll+0x8d9c]

VM_Operation (0x000000dddecfa8e0): G1CollectForAllocation, mode: safepoint, requested by thread 0x000002653d74f8b0


---------------  P R O C E S S  ---------------

Threads class SMR info:
_java_thread_list=0x000002653f60c7b0, length=65, elements={
0x00000265197f8470, 0x000002653c5bc9c0, 0x000002653c5c04a0, 0x000002653c5d3f50,
0x000002653c5d4910, 0x000002653c5d51d0, 0x000002653c5d5a90, 0x000002653c5d7740,
0x000002653c5ec610, 0x000002653c5f4f20, 0x000002653c5a7900, 0x000002653d168690,
0x000002653ebf2630, 0x000002653d711ae0, 0x000002653e968020, 0x000002653ea51040,
0x000002653ea51510, 0x000002653edb67f0, 0x000002653eb1db50, 0x000002653eb1f360,
0x000002653eb1ee90, 0x000002653eb1e020, 0x000002653eb1e4f0, 0x000002653eb1e9c0,
0x000002653eb21040, 0x000002653eb1d680, 0x000002653eb1fd00, 0x000002653eb201d0,
0x000002653eb206a0, 0x000002653eb20b70, 0x0000026540e520d0, 0x0000026540e525a0,
0x0000026540e52a70, 0x0000026540e55a90, 0x0000026540e54280, 0x0000026540e550f0,
0x000002653d749870, 0x000002653d748a00, 0x000002653d7493a0, 0x000002653d748ed0,
0x000002653d74b550, 0x000002653d74ba20, 0x000002653f9564a0, 0x000002653d74bef0,
0x000002653d748530, 0x000002653d74c3c0, 0x000002653d74abb0, 0x000002653d749d40,
0x000002653d74dbd0, 0x000002653d74c890, 0x000002653d74d700, 0x000002653d74cd60,
0x000002653d74d230, 0x000002653d74a210, 0x000002653d74e0a0, 0x000002653d74e570,
0x000002653d74ea40, 0x000002653d74f3e0, 0x000002653d74f8b0, 0x0000026540e538e0,
0x0000026540da9940, 0x0000026540dab150, 0x0000026540dace30, 0x0000026540dabfc0,
0x000002653f9578e0
}

Java Threads: ( => current thread )
  0x00000265197f8470 JavaThread "main" [_thread_blocked, id=11920, stack(0x000000ddda200000,0x000000ddda300000)]
  0x000002653c5bc9c0 JavaThread "Reference Handler" daemon [_thread_blocked, id=35460, stack(0x000000ddda900000,0x000000dddaa00000)]
  0x000002653c5c04a0 JavaThread "Finalizer" daemon [_thread_blocked, id=5468, stack(0x000000dddaa00000,0x000000dddab00000)]
  0x000002653c5d3f50 JavaThread "Signal Dispatcher" daemon [_thread_blocked, id=4628, stack(0x000000dddab00000,0x000000dddac00000)]
  0x000002653c5d4910 JavaThread "Attach Listener" daemon [_thread_blocked, id=33952, stack(0x000000dddac00000,0x000000dddad00000)]
  0x000002653c5d51d0 JavaThread "Service Thread" daemon [_thread_blocked, id=26864, stack(0x000000dddad00000,0x000000dddae00000)]
  0x000002653c5d5a90 JavaThread "Monitor Deflation Thread" daemon [_thread_blocked, id=29836, stack(0x000000dddae00000,0x000000dddaf00000)]
  0x000002653c5d7740 JavaThread "C2 CompilerThread0" daemon [_thread_blocked, id=33084, stack(0x000000dddaf00000,0x000000dddb000000)]
  0x000002653c5ec610 JavaThread "C1 CompilerThread0" daemon [_thread_blocked, id=11728, stack(0x000000dddb000000,0x000000dddb100000)]
  0x000002653c5f4f20 JavaThread "Sweeper thread" daemon [_thread_blocked, id=7212, stack(0x000000dddb100000,0x000000dddb200000)]
  0x000002653c5a7900 JavaThread "Common-Cleaner" daemon [_thread_blocked, id=6636, stack(0x000000dddb200000,0x000000dddb300000)]
  0x000002653d168690 JavaThread "Notification Thread" daemon [_thread_blocked, id=21604, stack(0x000000dddb300000,0x000000dddb400000)]
  0x000002653ebf2630 JavaThread "Daemon health stats" [_thread_blocked, id=9356, stack(0x000000dddba00000,0x000000dddbb00000)]
  0x000002653d711ae0 JavaThread "Incoming local TCP Connector on port 54251" [_thread_in_native, id=18484, stack(0x000000dddb500000,0x000000dddb600000)]
  0x000002653e968020 JavaThread "Daemon periodic checks" [_thread_blocked, id=1712, stack(0x000000dddbb00000,0x000000dddbc00000)]
  0x000002653ea51040 JavaThread "Daemon" [_thread_blocked, id=25892, stack(0x000000dddbc00000,0x000000dddbd00000)]
  0x000002653ea51510 JavaThread "Handler for socket connection from /127.0.0.1:54251 to /127.0.0.1:54252" [_thread_in_native, id=12524, stack(0x000000dddbd00000,0x000000dddbe00000)]
  0x000002653edb67f0 JavaThread "Cancel handler" [_thread_blocked, id=23288, stack(0x000000dddbe00000,0x000000dddbf00000)]
  0x000002653eb1db50 JavaThread "Daemon worker" [_thread_blocked, id=4268, stack(0x000000dddbf00000,0x000000dddc000000)]
  0x000002653eb1f360 JavaThread "Asynchronous log dispatcher for DefaultDaemonConnection: socket connection from /127.0.0.1:54251 to /127.0.0.1:54252" [_thread_blocked, id=32916, stack(0x000000dddc000000,0x000000dddc100000)]
  0x000002653eb1ee90 JavaThread "Stdin handler" [_thread_blocked, id=28548, stack(0x000000dddc100000,0x000000dddc200000)]
  0x000002653eb1e020 JavaThread "Daemon client event forwarder" [_thread_blocked, id=34140, stack(0x000000dddc200000,0x000000dddc300000)]
  0x000002653eb1e4f0 JavaThread "Cache worker for journal cache (C:\Users\rajee\.gradle\caches\journal-1)" [_thread_blocked, id=14592, stack(0x000000dddc600000,0x000000dddc700000)]
  0x000002653eb1e9c0 JavaThread "File lock request listener" [_thread_in_native, id=6164, stack(0x000000dddc700000,0x000000dddc800000)]
  0x000002653eb21040 JavaThread "Cache worker for file hash cache (C:\Users\rajee\.gradle\caches\8.13\fileHashes)" [_thread_blocked, id=8196, stack(0x000000dddc800000,0x000000dddc900000)]
  0x000002653eb1d680 JavaThread "Cache worker for file hash cache (E:\Helper-ji - Copy\helperji-tracker\node_modules\react-native-reanimated\android\.gradle\8.13\fileHashes)" [_thread_blocked, id=34848, stack(0x000000dddca00000,0x000000dddcb00000)]
  0x000002653eb1fd00 JavaThread "Cache worker for Build Output Cleanup Cache (E:\Helper-ji - Copy\helperji-tracker\node_modules\react-native-reanimated\android\.gradle\buildOutputCleanup)" [_thread_blocked, id=5660, stack(0x000000dddcb00000,0x000000dddcc00000)]
  0x000002653eb201d0 JavaThread "File watcher server" daemon [_thread_in_native, id=15904, stack(0x000000dddcd00000,0x000000dddce00000)]
  0x000002653eb206a0 JavaThread "File watcher consumer" daemon [_thread_blocked, id=8584, stack(0x000000dddce00000,0x000000dddcf00000)]
  0x000002653eb20b70 JavaThread "jar transforms" [_thread_blocked, id=26580, stack(0x000000dddcf00000,0x000000dddd000000)]
  0x0000026540e520d0 JavaThread "jar transforms Thread 2" [_thread_blocked, id=23776, stack(0x000000dddd000000,0x000000dddd100000)]
  0x0000026540e525a0 JavaThread "jar transforms Thread 3" [_thread_blocked, id=25796, stack(0x000000dddd100000,0x000000dddd200000)]
  0x0000026540e52a70 JavaThread "jar transforms Thread 4" [_thread_blocked, id=15868, stack(0x000000dddd200000,0x000000dddd300000)]
  0x0000026540e55a90 JavaThread "jar transforms Thread 5" [_thread_blocked, id=32888, stack(0x000000dddd300000,0x000000dddd400000)]
  0x0000026540e54280 JavaThread "Cache worker for checksums cache (E:\Helper-ji - Copy\helperji-tracker\node_modules\react-native-reanimated\android\.gradle\8.13\checksums)" [_thread_blocked, id=28424, stack(0x000000dddd400000,0x000000dddd500000)]
  0x0000026540e550f0 JavaThread "Cache worker for file content cache (C:\Users\rajee\.gradle\caches\8.13\fileContent)" [_thread_blocked, id=26860, stack(0x000000dddd500000,0x000000dddd600000)]
  0x000002653d749870 JavaThread "jar transforms Thread 6" [_thread_blocked, id=19868, stack(0x000000dddd600000,0x000000dddd700000)]
  0x000002653d748a00 JavaThread "jar transforms Thread 7" [_thread_blocked, id=11184, stack(0x000000dddd700000,0x000000dddd800000)]
  0x000002653d7493a0 JavaThread "jar transforms Thread 8" [_thread_blocked, id=35700, stack(0x000000dddd800000,0x000000dddd900000)]
  0x000002653d748ed0 JavaThread "Cache worker for cache directory md-supplier (C:\Users\rajee\.gradle\caches\8.13\md-supplier)" [_thread_blocked, id=15460, stack(0x000000dddd900000,0x000000dddda00000)]
  0x000002653d74b550 JavaThread "Cache worker for cache directory md-rule (C:\Users\rajee\.gradle\caches\8.13\md-rule)" [_thread_blocked, id=35508, stack(0x000000dddda00000,0x000000ddddb00000)]
  0x000002653d74ba20 JavaThread "Problems report writer" [_thread_blocked, id=30852, stack(0x000000ddddb00000,0x000000ddddc00000)]
  0x000002653f9564a0 JavaThread "C2 CompilerThread1" daemon [_thread_blocked, id=28240, stack(0x000000ddddc00000,0x000000ddddd00000)]
  0x000002653d74bef0 JavaThread "Unconstrained build operations" [_thread_blocked, id=1968, stack(0x000000ddddd00000,0x000000dddde00000)]
  0x000002653d748530 JavaThread "Unconstrained build operations Thread 2" [_thread_blocked, id=16528, stack(0x000000dddde00000,0x000000ddddf00000)]
  0x000002653d74c3c0 JavaThread "Unconstrained build operations Thread 3" [_thread_blocked, id=12108, stack(0x000000ddddf00000,0x000000ddde000000)]
  0x000002653d74abb0 JavaThread "Unconstrained build operations Thread 4" [_thread_blocked, id=26528, stack(0x000000ddde000000,0x000000ddde100000)]
  0x000002653d749d40 JavaThread "Unconstrained build operations Thread 5" [_thread_blocked, id=31912, stack(0x000000ddde100000,0x000000ddde200000)]
  0x000002653d74dbd0 JavaThread "Unconstrained build operations Thread 6" [_thread_blocked, id=29032, stack(0x000000ddde200000,0x000000ddde300000)]
  0x000002653d74c890 JavaThread "Unconstrained build operations Thread 7" [_thread_blocked, id=28568, stack(0x000000ddde300000,0x000000ddde400000)]
  0x000002653d74d700 JavaThread "Unconstrained build operations Thread 8" [_thread_blocked, id=29360, stack(0x000000ddde400000,0x000000ddde500000)]
  0x000002653d74cd60 JavaThread "Unconstrained build operations Thread 9" [_thread_blocked, id=9204, stack(0x000000ddde500000,0x000000ddde600000)]
  0x000002653d74d230 JavaThread "Unconstrained build operations Thread 10" [_thread_blocked, id=26724, stack(0x000000ddde600000,0x000000ddde700000)]
  0x000002653d74a210 JavaThread "Unconstrained build operations Thread 11" [_thread_blocked, id=8768, stack(0x000000ddde700000,0x000000ddde800000)]
  0x000002653d74e0a0 JavaThread "Unconstrained build operations Thread 12" [_thread_blocked, id=32760, stack(0x000000ddde800000,0x000000ddde900000)]
  0x000002653d74e570 JavaThread "Unconstrained build operations Thread 13" [_thread_blocked, id=20868, stack(0x000000ddde900000,0x000000dddea00000)]
  0x000002653d74ea40 JavaThread "Unconstrained build operations Thread 14" [_thread_blocked, id=34564, stack(0x000000dddea00000,0x000000dddeb00000)]
  0x000002653d74f3e0 JavaThread "Unconstrained build operations Thread 15" [_thread_blocked, id=30500, stack(0x000000dddeb00000,0x000000dddec00000)]
  0x000002653d74f8b0 JavaThread "Unconstrained build operations Thread 16" [_thread_blocked, id=35076, stack(0x000000dddec00000,0x000000ddded00000)]
  0x0000026540e538e0 JavaThread "Unconstrained build operations Thread 17" [_thread_blocked, id=26416, stack(0x000000ddded00000,0x000000dddee00000)]
  0x0000026540da9940 JavaThread "Unconstrained build operations Thread 18" [_thread_blocked, id=34356, stack(0x000000dddee00000,0x000000dddef00000)]
  0x0000026540dab150 JavaThread "Unconstrained build operations Thread 19" [_thread_blocked, id=32812, stack(0x000000dddef00000,0x000000dddf000000)]
  0x0000026540dace30 JavaThread "Unconstrained build operations Thread 20" [_thread_blocked, id=22532, stack(0x000000dddf000000,0x000000dddf100000)]
  0x0000026540dabfc0 JavaThread "Unconstrained build operations Thread 21" [_thread_blocked, id=26880, stack(0x000000dddf100000,0x000000dddf200000)]
  0x000002653f9578e0 JavaThread "C2 CompilerThread2" daemon [_thread_blocked, id=22744, stack(0x000000dddf700000,0x000000dddf800000)]

Other Threads:
=>0x000002653c5b4c20 VMThread "VM Thread" [stack: 0x000000ddda800000,0x000000ddda900000] [id=32416]
  0x0000026519895780 WatcherThread [stack: 0x000000dddb400000,0x000000dddb500000] [id=11836]
  0x0000026519863fb0 GCTaskThread "GC Thread#0" [stack: 0x000000ddda300000,0x000000ddda400000] [id=24176]
  0x000002653d2069b0 GCTaskThread "GC Thread#1" [stack: 0x000000dddb600000,0x000000dddb700000] [id=29128]
  0x000002653d492e00 GCTaskThread "GC Thread#2" [stack: 0x000000dddb700000,0x000000dddb800000] [id=20732]
  0x000002653e0bfb40 GCTaskThread "GC Thread#3" [stack: 0x000000dddb800000,0x000000dddb900000] [id=27352]
  0x000002653e0bfdf0 GCTaskThread "GC Thread#4" [stack: 0x000000dddb900000,0x000000dddba00000] [id=4860]
  0x000002653ebcde30 GCTaskThread "GC Thread#5" [stack: 0x000000dddc300000,0x000000dddc400000] [id=19520]
  0x000002653eb1d180 GCTaskThread "GC Thread#6" [stack: 0x000000dddc400000,0x000000dddc500000] [id=15696]
  0x000002653eec0a10 GCTaskThread "GC Thread#7" [stack: 0x000000dddc500000,0x000000dddc600000] [id=6208]
  0x0000026519874f60 ConcurrentGCThread "G1 Main Marker" [stack: 0x000000ddda400000,0x000000ddda500000] [id=29896]
  0x0000026519878a50 ConcurrentGCThread "G1 Conc#0" [stack: 0x000000ddda500000,0x000000ddda600000] [id=22000]
  0x000002653d585c80 ConcurrentGCThread "G1 Conc#1" [stack: 0x000000dddcc00000,0x000000dddcd00000] [id=30448]
  0x00000265198bd5a0 ConcurrentGCThread "G1 Refine#0" [stack: 0x000000ddda600000,0x000000ddda700000] [id=30760]
  0x0000026541bbe980 ConcurrentGCThread "G1 Refine#1" [stack: 0x000000dddc900000,0x000000dddca00000] [id=34932]
  0x0000026540db28b0 ConcurrentGCThread "G1 Refine#2" [stack: 0x000000dddf400000,0x000000dddf500000] [id=20420]
  0x0000026540db1770 ConcurrentGCThread "G1 Refine#3" [stack: 0x000000dddf500000,0x000000dddf600000] [id=10888]
  0x0000026540db4b30 ConcurrentGCThread "G1 Refine#4" [stack: 0x000000dddf600000,0x000000dddf700000] [id=29968]
  0x00000265198bdd70 ConcurrentGCThread "G1 Service" [stack: 0x000000ddda700000,0x000000ddda800000] [id=31332]

Threads with active compile tasks:
C2 CompilerThread0    61670 13302       4       org.objectweb.asm.ClassReader::readElementValue (1237 bytes)
C2 CompilerThread1    61670 13308   !   4       java.util.concurrent.LinkedBlockingQueue::poll (128 bytes)
C2 CompilerThread2    61670 13291       4       org.gradle.internal.serialize.DefaultSerializer::write (24 bytes)

VM state: at safepoint (normal execution)

VM Mutex/Monitor currently owned by a thread:  ([mutex/lock_event])
[0x00000265197f3330] Threads_lock - owner thread: 0x000002653c5b4c20
[0x00000265197f3cc0] Heap_lock - owner thread: 0x000002653d74f8b0

Heap address: 0x0000000700000000, size: 4096 MB, Compressed Oops mode: Zero based, Oop shift amount: 3

CDS archive(s) mapped at: [0x0000000800000000-0x0000000800bd0000-0x0000000800bd0000), size 12386304, SharedBaseAddress: 0x0000000800000000, ArchiveRelocationMode: 0.
Compressed class space mapped at: 0x0000000800c00000-0x0000000840c00000, reserved size: 1073741824
Narrow klass base: 0x0000000800000000, Narrow klass shift: 0, Narrow klass range: 0x100000000

GC Precious Log:
 CPUs: 8 total, 8 available
 Memory: 6030M
 Large Page Support: Disabled
 NUMA Support: Disabled
 Compressed Oops: Enabled (Zero based)
 Heap Region Size: 2M
 Heap Min Capacity: 8M
 Heap Initial Capacity: 96M
 Heap Max Capacity: 4G
 Pre-touch: Disabled
 Parallel Workers: 8
 Concurrent Workers: 2
 Concurrent Refinement Workers: 8
 Periodic GC: Disabled

Heap:
 garbage-first heap   total 385024K, used 127048K [0x0000000700000000, 0x0000000800000000)
  region size 2048K, 6 young (12288K), 6 survivors (12288K)
 Metaspace       used 60070K, committed 60672K, reserved 1105920K
  class space    used 8088K, committed 8384K, reserved 1048576K

Heap Regions: E=young(eden), S=young(survivor), O=old, HS=humongous(starts), HC=humongous(continues), CS=collection set, F=free, OA=open archive, CA=closed archive, TAMS=top-at-mark-start (previous, next)
|   0|0x0000000700000000, 0x0000000700200000, 0x0000000700200000|100%|HS|  |TAMS 0x0000000700200000, 0x0000000700000000| Complete 
|   1|0x0000000700200000, 0x0000000700400000, 0x0000000700400000|100%|HC|  |TAMS 0x0000000700400000, 0x0000000700200000| Complete 
|   2|0x0000000700400000, 0x0000000700600000, 0x0000000700600000|100%| O|  |TAMS 0x0000000700600000, 0x0000000700400000| Untracked 
|   3|0x0000000700600000, 0x0000000700800000, 0x0000000700800000|100%| O|  |TAMS 0x0000000700800000, 0x0000000700600000| Untracked 
|   4|0x0000000700800000, 0x0000000700a00000, 0x0000000700a00000|100%| O|  |TAMS 0x0000000700a00000, 0x0000000700800000| Untracked 
|   5|0x0000000700a00000, 0x0000000700c00000, 0x0000000700c00000|100%| O|  |TAMS 0x0000000700c00000, 0x0000000700a00000| Untracked 
|   6|0x0000000700c00000, 0x0000000700e00000, 0x0000000700e00000|100%| O|  |TAMS 0x0000000700e00000, 0x0000000700c00000| Untracked 
|   7|0x0000000700e00000, 0x0000000701000000, 0x0000000701000000|100%| O|  |TAMS 0x0000000701000000, 0x0000000700e00000| Untracked 
|   8|0x0000000701000000, 0x0000000701200000, 0x0000000701200000|100%| O|  |TAMS 0x0000000701200000, 0x0000000701000000| Untracked 
|   9|0x0000000701200000, 0x0000000701400000, 0x0000000701400000|100%| O|  |TAMS 0x0000000701400000, 0x0000000701200000| Untracked 
|  10|0x0000000701400000, 0x0000000701600000, 0x0000000701600000|100%| O|  |TAMS 0x0000000701600000, 0x0000000701400000| Untracked 
|  11|0x0000000701600000, 0x0000000701800000, 0x0000000701800000|100%| O|  |TAMS 0x0000000701800000, 0x0000000701600000| Untracked 
|  12|0x0000000701800000, 0x0000000701a00000, 0x0000000701a00000|100%| O|  |TAMS 0x0000000701a00000, 0x0000000701800000| Untracked 
|  13|0x0000000701a00000, 0x0000000701c00000, 0x0000000701c00000|100%| O|  |TAMS 0x0000000701c00000, 0x0000000701a00000| Untracked 
|  14|0x0000000701c00000, 0x0000000701e00000, 0x0000000701e00000|100%| O|  |TAMS 0x0000000701c00000, 0x0000000701c00000| Untracked 
|  15|0x0000000701e00000, 0x0000000702000000, 0x0000000702000000|100%| O|  |TAMS 0x0000000702000000, 0x0000000701e00000| Untracked 
|  16|0x0000000702000000, 0x0000000702200000, 0x0000000702200000|100%| O|  |TAMS 0x0000000702200000, 0x0000000702000000| Untracked 
|  17|0x0000000702200000, 0x0000000702400000, 0x0000000702400000|100%| O|  |TAMS 0x0000000702400000, 0x0000000702200000| Untracked 
|  18|0x0000000702400000, 0x0000000702600000, 0x0000000702600000|100%| O|  |TAMS 0x0000000702600000, 0x0000000702400000| Untracked 
|  19|0x0000000702600000, 0x0000000702800000, 0x0000000702800000|100%| O|  |TAMS 0x0000000702800000, 0x0000000702600000| Untracked 
|  20|0x0000000702800000, 0x0000000702a00000, 0x0000000702a00000|100%| O|  |TAMS 0x0000000702a00000, 0x0000000702800000| Untracked 
|  21|0x0000000702a00000, 0x0000000702c00000, 0x0000000702c00000|100%| O|  |TAMS 0x0000000702a27600, 0x0000000702a00000| Untracked 
|  22|0x0000000702c00000, 0x0000000702e00000, 0x0000000702e00000|100%| O|  |TAMS 0x0000000702c00000, 0x0000000702c00000| Untracked 
|  23|0x0000000702e00000, 0x0000000703000000, 0x0000000703000000|100%| O|  |TAMS 0x0000000702e00000, 0x0000000702e00000| Untracked 
|  24|0x0000000703000000, 0x0000000703200000, 0x0000000703200000|100%| O|  |TAMS 0x0000000703000000, 0x0000000703000000| Untracked 
|  25|0x0000000703200000, 0x0000000703400000, 0x0000000703400000|100%| O|  |TAMS 0x0000000703200000, 0x0000000703200000| Untracked 
|  26|0x0000000703400000, 0x0000000703600000, 0x0000000703600000|100%| O|  |TAMS 0x0000000703400000, 0x0000000703400000| Untracked 
|  27|0x0000000703600000, 0x0000000703800000, 0x0000000703800000|100%| O|  |TAMS 0x0000000703600000, 0x0000000703600000| Untracked 
|  28|0x0000000703800000, 0x0000000703a00000, 0x0000000703a00000|100%| O|  |TAMS 0x0000000703800000, 0x0000000703800000| Untracked 
|  29|0x0000000703a00000, 0x0000000703c00000, 0x0000000703c00000|100%| O|  |TAMS 0x0000000703a00000, 0x0000000703a00000| Untracked 
|  30|0x0000000703c00000, 0x0000000703e00000, 0x0000000703e00000|100%| O|  |TAMS 0x0000000703c00000, 0x0000000703c00000| Untracked 
|  31|0x0000000703e00000, 0x0000000704000000, 0x0000000704000000|100%| O|  |TAMS 0x0000000703e00000, 0x0000000703e00000| Untracked 
|  32|0x0000000704000000, 0x0000000704200000, 0x0000000704200000|100%| O|  |TAMS 0x0000000704000000, 0x0000000704000000| Untracked 
|  33|0x0000000704200000, 0x0000000704400000, 0x0000000704400000|100%| O|  |TAMS 0x0000000704200000, 0x0000000704200000| Untracked 
|  34|0x0000000704400000, 0x0000000704600000, 0x0000000704600000|100%| O|  |TAMS 0x0000000704400000, 0x0000000704400000| Untracked 
|  35|0x0000000704600000, 0x0000000704800000, 0x0000000704800000|100%| O|  |TAMS 0x0000000704600000, 0x0000000704600000| Untracked 
|  36|0x0000000704800000, 0x0000000704a00000, 0x0000000704a00000|100%| O|  |TAMS 0x0000000704800000, 0x0000000704800000| Untracked 
|  37|0x0000000704a00000, 0x0000000704c00000, 0x0000000704c00000|100%| O|  |TAMS 0x0000000704a00000, 0x0000000704a00000| Untracked 
|  38|0x0000000704c00000, 0x0000000704e00000, 0x0000000704e00000|100%| O|  |TAMS 0x0000000704c00000, 0x0000000704c00000| Untracked 
|  39|0x0000000704e00000, 0x0000000705000000, 0x0000000705000000|100%| O|  |TAMS 0x0000000704e00000, 0x0000000704e00000| Untracked 
|  40|0x0000000705000000, 0x0000000705200000, 0x0000000705200000|100%| O|  |TAMS 0x0000000705000000, 0x0000000705000000| Untracked 
|  41|0x0000000705200000, 0x0000000705400000, 0x0000000705400000|100%| O|  |TAMS 0x0000000705200000, 0x0000000705200000| Untracked 
|  42|0x0000000705400000, 0x0000000705600000, 0x0000000705600000|100%| O|  |TAMS 0x0000000705400000, 0x0000000705400000| Untracked 
|  43|0x0000000705600000, 0x0000000705800000, 0x0000000705800000|100%| O|  |TAMS 0x0000000705600000, 0x0000000705600000| Untracked 
|  44|0x0000000705800000, 0x0000000705a00000, 0x0000000705a00000|100%| O|  |TAMS 0x0000000705800000, 0x0000000705800000| Untracked 
|  45|0x0000000705a00000, 0x0000000705c00000, 0x0000000705c00000|100%| O|  |TAMS 0x0000000705a00000, 0x0000000705a00000| Untracked 
|  46|0x0000000705c00000, 0x0000000705e00000, 0x0000000705e00000|100%| O|  |TAMS 0x0000000705c00000, 0x0000000705c00000| Untracked 
|  47|0x0000000705e00000, 0x0000000706000000, 0x0000000706000000|100%| O|  |TAMS 0x0000000705e00000, 0x0000000705e00000| Untracked 
|  48|0x0000000706000000, 0x0000000706200000, 0x0000000706200000|100%| O|  |TAMS 0x0000000706000000, 0x0000000706000000| Untracked 
|  49|0x0000000706200000, 0x0000000706400000, 0x0000000706400000|100%| O|  |TAMS 0x0000000706200000, 0x0000000706200000| Untracked 
|  50|0x0000000706400000, 0x0000000706600000, 0x0000000706600000|100%| O|  |TAMS 0x0000000706400000, 0x0000000706400000| Untracked 
|  51|0x0000000706600000, 0x0000000706800000, 0x0000000706800000|100%| O|  |TAMS 0x0000000706600000, 0x0000000706600000| Untracked 
|  52|0x0000000706800000, 0x0000000706a00000, 0x0000000706a00000|100%| O|  |TAMS 0x0000000706800000, 0x0000000706800000| Untracked 
|  53|0x0000000706a00000, 0x0000000706c00000, 0x0000000706c00000|100%| O|  |TAMS 0x0000000706a00000, 0x0000000706a00000| Untracked 
|  54|0x0000000706c00000, 0x0000000706cac800, 0x0000000706e00000| 33%| O|  |TAMS 0x0000000706c00000, 0x0000000706c00000| Untracked 
|  55|0x0000000706e00000, 0x0000000706e00000, 0x0000000707000000|  0%| F|  |TAMS 0x0000000706e00000, 0x0000000706e00000| Untracked 
|  56|0x0000000707000000, 0x0000000707000000, 0x0000000707200000|  0%| F|  |TAMS 0x0000000707000000, 0x0000000707000000| Untracked 
|  57|0x0000000707200000, 0x0000000707200000, 0x0000000707400000|  0%| F|  |TAMS 0x0000000707200000, 0x0000000707200000| Untracked 
|  58|0x0000000707400000, 0x0000000707600000, 0x0000000707600000|100%| O|  |TAMS 0x0000000707400000, 0x0000000707400000| Untracked 
|  59|0x0000000707600000, 0x0000000707800000, 0x0000000707800000|100%| O|  |TAMS 0x0000000707600000, 0x0000000707600000| Untracked 
|  60|0x0000000707800000, 0x0000000707800000, 0x0000000707a00000|  0%| F|  |TAMS 0x0000000707800000, 0x0000000707800000| Untracked 
|  61|0x0000000707a00000, 0x0000000707a00000, 0x0000000707c00000|  0%| F|  |TAMS 0x0000000707a00000, 0x0000000707a00000| Untracked 
|  62|0x0000000707c00000, 0x0000000707c00000, 0x0000000707e00000|  0%| F|  |TAMS 0x0000000707c00000, 0x0000000707c00000| Untracked 
|  63|0x0000000707e00000, 0x0000000707e00000, 0x0000000708000000|  0%| F|  |TAMS 0x0000000707e00000, 0x0000000707e00000| Untracked 
|  64|0x0000000708000000, 0x0000000708000000, 0x0000000708200000|  0%| F|  |TAMS 0x0000000708000000, 0x0000000708000000| Untracked 
|  65|0x0000000708200000, 0x0000000708200000, 0x0000000708400000|  0%| F|  |TAMS 0x0000000708200000, 0x0000000708200000| Untracked 
|  66|0x0000000708400000, 0x0000000708400000, 0x0000000708600000|  0%| F|  |TAMS 0x0000000708400000, 0x0000000708400000| Untracked 
|  67|0x0000000708600000, 0x0000000708600000, 0x0000000708800000|  0%| F|  |TAMS 0x0000000708600000, 0x0000000708600000| Untracked 
|  68|0x0000000708800000, 0x0000000708800000, 0x0000000708a00000|  0%| F|  |TAMS 0x0000000708800000, 0x0000000708800000| Untracked 
|  69|0x0000000708a00000, 0x0000000708a00000, 0x0000000708c00000|  0%| F|  |TAMS 0x0000000708a00000, 0x0000000708a00000| Untracked 
|  70|0x0000000708c00000, 0x0000000708c00000, 0x0000000708e00000|  0%| F|  |TAMS 0x0000000708c00000, 0x0000000708c00000| Untracked 
|  71|0x0000000708e00000, 0x0000000708e00000, 0x0000000709000000|  0%| F|  |TAMS 0x0000000708e00000, 0x0000000708e00000| Untracked 
|  72|0x0000000709000000, 0x0000000709000000, 0x0000000709200000|  0%| F|  |TAMS 0x0000000709000000, 0x0000000709000000| Untracked 
|  73|0x0000000709200000, 0x0000000709200000, 0x0000000709400000|  0%| F|  |TAMS 0x0000000709200000, 0x0000000709200000| Untracked 
|  74|0x0000000709400000, 0x0000000709400000, 0x0000000709600000|  0%| F|  |TAMS 0x0000000709400000, 0x0000000709400000| Untracked 
|  75|0x0000000709600000, 0x0000000709600000, 0x0000000709800000|  0%| F|  |TAMS 0x0000000709600000, 0x0000000709600000| Untracked 
|  76|0x0000000709800000, 0x0000000709800000, 0x0000000709a00000|  0%| F|  |TAMS 0x0000000709800000, 0x0000000709800000| Untracked 
|  77|0x0000000709a00000, 0x0000000709b659f0, 0x0000000709c00000| 69%| S|CS|TAMS 0x0000000709a00000, 0x0000000709a00000| Complete 
|  78|0x0000000709c00000, 0x0000000709e00000, 0x0000000709e00000|100%| S|CS|TAMS 0x0000000709c00000, 0x0000000709c00000| Complete 
|  79|0x0000000709e00000, 0x000000070a000000, 0x000000070a000000|100%| S|CS|TAMS 0x0000000709e00000, 0x0000000709e00000| Complete 
|  80|0x000000070a000000, 0x000000070a200000, 0x000000070a200000|100%| S|CS|TAMS 0x000000070a000000, 0x000000070a000000| Complete 
|  81|0x000000070a200000, 0x000000070a200000, 0x000000070a400000|  0%| F|  |TAMS 0x000000070a200000, 0x000000070a200000| Untracked 
|  82|0x000000070a400000, 0x000000070a400000, 0x000000070a600000|  0%| F|  |TAMS 0x000000070a400000, 0x000000070a400000| Untracked 
|  83|0x000000070a600000, 0x000000070a600000, 0x000000070a800000|  0%| F|  |TAMS 0x000000070a600000, 0x000000070a600000| Untracked 
|  84|0x000000070a800000, 0x000000070a800000, 0x000000070aa00000|  0%| F|  |TAMS 0x000000070a800000, 0x000000070a800000| Untracked 
|  85|0x000000070aa00000, 0x000000070aa00000, 0x000000070ac00000|  0%| F|  |TAMS 0x000000070aa00000, 0x000000070aa00000| Untracked 
|  86|0x000000070ac00000, 0x000000070ac00000, 0x000000070ae00000|  0%| F|  |TAMS 0x000000070ac00000, 0x000000070ac00000| Untracked 
|  87|0x000000070ae00000, 0x000000070ae00000, 0x000000070b000000|  0%| F|  |TAMS 0x000000070ae00000, 0x000000070ae00000| Untracked 
|  88|0x000000070b000000, 0x000000070b200000, 0x000000070b200000|100%| S|CS|TAMS 0x000000070b000000, 0x000000070b000000| Complete 
|  89|0x000000070b200000, 0x000000070b400000, 0x000000070b400000|100%| S|CS|TAMS 0x000000070b200000, 0x000000070b200000| Complete 
|  90|0x000000070b400000, 0x000000070b400000, 0x000000070b600000|  0%| F|  |TAMS 0x000000070b400000, 0x000000070b400000| Untracked 
|  91|0x000000070b600000, 0x000000070b600000, 0x000000070b800000|  0%| F|  |TAMS 0x000000070b600000, 0x000000070b600000| Untracked 
|  92|0x000000070b800000, 0x000000070b800000, 0x000000070ba00000|  0%| F|  |TAMS 0x000000070b800000, 0x000000070b800000| Untracked 
|  93|0x000000070ba00000, 0x000000070ba00000, 0x000000070bc00000|  0%| F|  |TAMS 0x000000070ba00000, 0x000000070ba00000| Untracked 
|  94|0x000000070bc00000, 0x000000070bc00000, 0x000000070be00000|  0%| F|  |TAMS 0x000000070bc00000, 0x000000070bc00000| Untracked 
|  95|0x000000070be00000, 0x000000070be00000, 0x000000070c000000|  0%| F|  |TAMS 0x000000070be00000, 0x000000070be00000| Untracked 
|  96|0x000000070c000000, 0x000000070c000000, 0x000000070c200000|  0%| F|  |TAMS 0x000000070c000000, 0x000000070c000000| Untracked 
|  97|0x000000070c200000, 0x000000070c200000, 0x000000070c400000|  0%| F|  |TAMS 0x000000070c200000, 0x000000070c200000| Untracked 
|  98|0x000000070c400000, 0x000000070c400000, 0x000000070c600000|  0%| F|  |TAMS 0x000000070c400000, 0x000000070c400000| Untracked 
|  99|0x000000070c600000, 0x000000070c600000, 0x000000070c800000|  0%| F|  |TAMS 0x000000070c600000, 0x000000070c600000| Untracked 
| 100|0x000000070c800000, 0x000000070c800000, 0x000000070ca00000|  0%| F|  |TAMS 0x000000070c800000, 0x000000070c800000| Untracked 
| 101|0x000000070ca00000, 0x000000070ca00000, 0x000000070cc00000|  0%| F|  |TAMS 0x000000070ca00000, 0x000000070ca00000| Untracked 
| 102|0x000000070cc00000, 0x000000070cc00000, 0x000000070ce00000|  0%| F|  |TAMS 0x000000070cc00000, 0x000000070cc00000| Untracked 
| 103|0x000000070ce00000, 0x000000070ce00000, 0x000000070d000000|  0%| F|  |TAMS 0x000000070ce00000, 0x000000070ce00000| Untracked 
| 104|0x000000070d000000, 0x000000070d000000, 0x000000070d200000|  0%| F|  |TAMS 0x000000070d000000, 0x000000070d000000| Untracked 
| 105|0x000000070d200000, 0x000000070d200000, 0x000000070d400000|  0%| F|  |TAMS 0x000000070d200000, 0x000000070d200000| Untracked 
| 106|0x000000070d400000, 0x000000070d400000, 0x000000070d600000|  0%| F|  |TAMS 0x000000070d400000, 0x000000070d400000| Untracked 
| 107|0x000000070d600000, 0x000000070d600000, 0x000000070d800000|  0%| F|  |TAMS 0x000000070d600000, 0x000000070d600000| Untracked 
| 108|0x000000070d800000, 0x000000070d800000, 0x000000070da00000|  0%| F|  |TAMS 0x000000070d800000, 0x000000070d800000| Untracked 
| 109|0x000000070da00000, 0x000000070da00000, 0x000000070dc00000|  0%| F|  |TAMS 0x000000070da00000, 0x000000070da00000| Untracked 
| 110|0x000000070dc00000, 0x000000070dc00000, 0x000000070de00000|  0%| F|  |TAMS 0x000000070dc00000, 0x000000070dc00000| Untracked 
| 111|0x000000070de00000, 0x000000070de00000, 0x000000070e000000|  0%| F|  |TAMS 0x000000070de00000, 0x000000070de00000| Untracked 
| 112|0x000000070e000000, 0x000000070e000000, 0x000000070e200000|  0%| F|  |TAMS 0x000000070e000000, 0x000000070e000000| Untracked 
| 113|0x000000070e200000, 0x000000070e200000, 0x000000070e400000|  0%| F|  |TAMS 0x000000070e200000, 0x000000070e200000| Untracked 
| 114|0x000000070e400000, 0x000000070e400000, 0x000000070e600000|  0%| F|  |TAMS 0x000000070e400000, 0x000000070e400000| Untracked 
| 115|0x000000070e600000, 0x000000070e600000, 0x000000070e800000|  0%| F|  |TAMS 0x000000070e600000, 0x000000070e600000| Untracked 
| 116|0x000000070e800000, 0x000000070e800000, 0x000000070ea00000|  0%| F|  |TAMS 0x000000070e800000, 0x000000070e800000| Untracked 
| 117|0x000000070ea00000, 0x000000070ea00000, 0x000000070ec00000|  0%| F|  |TAMS 0x000000070ea00000, 0x000000070ea00000| Untracked 
| 118|0x000000070ec00000, 0x000000070ec00000, 0x000000070ee00000|  0%| F|  |TAMS 0x000000070ec00000, 0x000000070ec00000| Untracked 
| 119|0x000000070ee00000, 0x000000070ee00000, 0x000000070f000000|  0%| F|  |TAMS 0x000000070ee00000, 0x000000070ee00000| Untracked 
| 120|0x000000070f000000, 0x000000070f000000, 0x000000070f200000|  0%| F|  |TAMS 0x000000070f000000, 0x000000070f000000| Untracked 
| 121|0x000000070f200000, 0x000000070f200000, 0x000000070f400000|  0%| F|  |TAMS 0x000000070f200000, 0x000000070f200000| Untracked 
| 122|0x000000070f400000, 0x000000070f400000, 0x000000070f600000|  0%| F|  |TAMS 0x000000070f400000, 0x000000070f400000| Untracked 
| 123|0x000000070f600000, 0x000000070f600000, 0x000000070f800000|  0%| F|  |TAMS 0x000000070f600000, 0x000000070f600000| Untracked 
| 124|0x000000070f800000, 0x000000070f800000, 0x000000070fa00000|  0%| F|  |TAMS 0x000000070f800000, 0x000000070f800000| Untracked 
| 125|0x000000070fa00000, 0x000000070fa00000, 0x000000070fc00000|  0%| F|  |TAMS 0x000000070fa00000, 0x000000070fa00000| Untracked 
| 126|0x000000070fc00000, 0x000000070fc00000, 0x000000070fe00000|  0%| F|  |TAMS 0x000000070fc00000, 0x000000070fc00000| Untracked 
| 127|0x000000070fe00000, 0x000000070fe00000, 0x0000000710000000|  0%| F|  |TAMS 0x000000070fe00000, 0x000000070fe00000| Untracked 
| 128|0x0000000710000000, 0x0000000710000000, 0x0000000710200000|  0%| F|  |TAMS 0x0000000710000000, 0x0000000710000000| Untracked 
| 129|0x0000000710200000, 0x0000000710200000, 0x0000000710400000|  0%| F|  |TAMS 0x0000000710200000, 0x0000000710200000| Untracked 
| 130|0x0000000710400000, 0x0000000710400000, 0x0000000710600000|  0%| F|  |TAMS 0x0000000710400000, 0x0000000710400000| Untracked 
| 131|0x0000000710600000, 0x0000000710600000, 0x0000000710800000|  0%| F|  |TAMS 0x0000000710600000, 0x0000000710600000| Untracked 
| 132|0x0000000710800000, 0x0000000710800000, 0x0000000710a00000|  0%| F|  |TAMS 0x0000000710800000, 0x0000000710800000| Untracked 
| 133|0x0000000710a00000, 0x0000000710a00000, 0x0000000710c00000|  0%| F|  |TAMS 0x0000000710a00000, 0x0000000710a00000| Untracked 
| 134|0x0000000710c00000, 0x0000000710c00000, 0x0000000710e00000|  0%| F|  |TAMS 0x0000000710c00000, 0x0000000710c00000| Untracked 
| 135|0x0000000710e00000, 0x0000000710e00000, 0x0000000711000000|  0%| F|  |TAMS 0x0000000710e00000, 0x0000000710e00000| Untracked 
| 136|0x0000000711000000, 0x0000000711000000, 0x0000000711200000|  0%| F|  |TAMS 0x0000000711000000, 0x0000000711000000| Untracked 
| 137|0x0000000711200000, 0x0000000711200000, 0x0000000711400000|  0%| F|  |TAMS 0x0000000711200000, 0x0000000711200000| Untracked 
| 138|0x0000000711400000, 0x0000000711400000, 0x0000000711600000|  0%| F|  |TAMS 0x0000000711400000, 0x0000000711400000| Untracked 
| 139|0x0000000711600000, 0x0000000711600000, 0x0000000711800000|  0%| F|  |TAMS 0x0000000711600000, 0x0000000711600000| Untracked 
| 140|0x0000000711800000, 0x0000000711800000, 0x0000000711a00000|  0%| F|  |TAMS 0x0000000711800000, 0x0000000711800000| Untracked 
| 141|0x0000000711a00000, 0x0000000711a00000, 0x0000000711c00000|  0%| F|  |TAMS 0x0000000711a00000, 0x0000000711a00000| Untracked 
| 142|0x0000000711c00000, 0x0000000711c00000, 0x0000000711e00000|  0%| F|  |TAMS 0x0000000711c00000, 0x0000000711c00000| Untracked 
| 143|0x0000000711e00000, 0x0000000711e00000, 0x0000000712000000|  0%| F|  |TAMS 0x0000000711e00000, 0x0000000711e00000| Untracked 
| 144|0x0000000712000000, 0x0000000712000000, 0x0000000712200000|  0%| F|  |TAMS 0x0000000712000000, 0x0000000712000000| Untracked 
| 145|0x0000000712200000, 0x0000000712200000, 0x0000000712400000|  0%| F|  |TAMS 0x0000000712200000, 0x0000000712200000| Untracked 
| 146|0x0000000712400000, 0x0000000712400000, 0x0000000712600000|  0%| F|  |TAMS 0x0000000712400000, 0x0000000712400000| Untracked 
| 147|0x0000000712600000, 0x0000000712600000, 0x0000000712800000|  0%| F|  |TAMS 0x0000000712600000, 0x0000000712600000| Untracked 
| 148|0x0000000712800000, 0x0000000712800000, 0x0000000712a00000|  0%| F|  |TAMS 0x0000000712800000, 0x0000000712800000| Untracked 
| 149|0x0000000712a00000, 0x0000000712a00000, 0x0000000712c00000|  0%| F|  |TAMS 0x0000000712a00000, 0x0000000712a00000| Untracked 
| 150|0x0000000712c00000, 0x0000000712c00000, 0x0000000712e00000|  0%| F|  |TAMS 0x0000000712c00000, 0x0000000712c00000| Untracked 
| 151|0x0000000712e00000, 0x0000000712e00000, 0x0000000713000000|  0%| F|  |TAMS 0x0000000712e00000, 0x0000000712e00000| Untracked 
| 152|0x0000000713000000, 0x0000000713000000, 0x0000000713200000|  0%| F|  |TAMS 0x0000000713000000, 0x0000000713000000| Untracked 
| 153|0x0000000713200000, 0x0000000713200000, 0x0000000713400000|  0%| F|  |TAMS 0x0000000713200000, 0x0000000713200000| Untracked 
| 154|0x0000000713400000, 0x0000000713400000, 0x0000000713600000|  0%| F|  |TAMS 0x0000000713400000, 0x0000000713400000| Untracked 
| 155|0x0000000713600000, 0x0000000713600000, 0x0000000713800000|  0%| F|  |TAMS 0x0000000713600000, 0x0000000713600000| Untracked 
| 156|0x0000000713800000, 0x0000000713800000, 0x0000000713a00000|  0%| F|  |TAMS 0x0000000713800000, 0x0000000713800000| Untracked 
| 157|0x0000000713a00000, 0x0000000713a00000, 0x0000000713c00000|  0%| F|  |TAMS 0x0000000713a00000, 0x0000000713a00000| Untracked 
| 158|0x0000000713c00000, 0x0000000713c00000, 0x0000000713e00000|  0%| F|  |TAMS 0x0000000713c00000, 0x0000000713c00000| Untracked 
| 159|0x0000000713e00000, 0x0000000713e00000, 0x0000000714000000|  0%| F|  |TAMS 0x0000000713e00000, 0x0000000713e00000| Untracked 
| 160|0x0000000714000000, 0x0000000714000000, 0x0000000714200000|  0%| F|  |TAMS 0x0000000714000000, 0x0000000714000000| Untracked 
| 161|0x0000000714200000, 0x0000000714200000, 0x0000000714400000|  0%| F|  |TAMS 0x0000000714200000, 0x0000000714200000| Untracked 
| 162|0x0000000714400000, 0x0000000714400000, 0x0000000714600000|  0%| F|  |TAMS 0x0000000714400000, 0x0000000714400000| Untracked 
| 163|0x0000000714600000, 0x0000000714600000, 0x0000000714800000|  0%| F|  |TAMS 0x0000000714600000, 0x0000000714600000| Untracked 
| 164|0x0000000714800000, 0x0000000714800000, 0x0000000714a00000|  0%| F|  |TAMS 0x0000000714800000, 0x0000000714800000| Untracked 
| 165|0x0000000714a00000, 0x0000000714a00000, 0x0000000714c00000|  0%| F|  |TAMS 0x0000000714a00000, 0x0000000714a00000| Untracked 
| 166|0x0000000714c00000, 0x0000000714c00000, 0x0000000714e00000|  0%| F|  |TAMS 0x0000000714c00000, 0x0000000714c00000| Untracked 
| 167|0x0000000714e00000, 0x0000000714e00000, 0x0000000715000000|  0%| F|  |TAMS 0x0000000714e00000, 0x0000000714e00000| Untracked 
| 168|0x0000000715000000, 0x0000000715000000, 0x0000000715200000|  0%| F|  |TAMS 0x0000000715000000, 0x0000000715000000| Untracked 
| 169|0x0000000715200000, 0x0000000715200000, 0x0000000715400000|  0%| F|  |TAMS 0x0000000715200000, 0x0000000715200000| Untracked 
| 170|0x0000000715400000, 0x0000000715400000, 0x0000000715600000|  0%| F|  |TAMS 0x0000000715400000, 0x0000000715400000| Untracked 
| 171|0x0000000715600000, 0x0000000715600000, 0x0000000715800000|  0%| F|  |TAMS 0x0000000715600000, 0x0000000715600000| Untracked 
| 172|0x0000000715800000, 0x0000000715800000, 0x0000000715a00000|  0%| F|  |TAMS 0x0000000715800000, 0x0000000715800000| Untracked 
| 173|0x0000000715a00000, 0x0000000715a00000, 0x0000000715c00000|  0%| F|  |TAMS 0x0000000715a00000, 0x0000000715a00000| Untracked 
| 174|0x0000000715c00000, 0x0000000715c00000, 0x0000000715e00000|  0%| F|  |TAMS 0x0000000715c00000, 0x0000000715c00000| Untracked 
| 175|0x0000000715e00000, 0x0000000715e00000, 0x0000000716000000|  0%| F|  |TAMS 0x0000000715e00000, 0x0000000715e00000| Untracked 
| 176|0x0000000716000000, 0x0000000716000000, 0x0000000716200000|  0%| F|  |TAMS 0x0000000716000000, 0x0000000716000000| Untracked 
| 177|0x0000000716200000, 0x0000000716200000, 0x0000000716400000|  0%| F|  |TAMS 0x0000000716200000, 0x0000000716200000| Untracked 
| 178|0x0000000716400000, 0x0000000716400000, 0x0000000716600000|  0%| F|  |TAMS 0x0000000716400000, 0x0000000716400000| Untracked 
| 179|0x0000000716600000, 0x0000000716600000, 0x0000000716800000|  0%| F|  |TAMS 0x0000000716600000, 0x0000000716600000| Untracked 
| 180|0x0000000716800000, 0x0000000716800000, 0x0000000716a00000|  0%| F|  |TAMS 0x0000000716800000, 0x0000000716800000| Untracked 
| 181|0x0000000716a00000, 0x0000000716a00000, 0x0000000716c00000|  0%| F|  |TAMS 0x0000000716a00000, 0x0000000716a00000| Untracked 
| 182|0x0000000716c00000, 0x0000000716c00000, 0x0000000716e00000|  0%| F|  |TAMS 0x0000000716c00000, 0x0000000716c00000| Untracked 
| 183|0x0000000716e00000, 0x0000000716e00000, 0x0000000717000000|  0%| F|  |TAMS 0x0000000716e00000, 0x0000000716e00000| Untracked 
| 184|0x0000000717000000, 0x0000000717000000, 0x0000000717200000|  0%| F|  |TAMS 0x0000000717000000, 0x0000000717000000| Untracked 
| 185|0x0000000717200000, 0x0000000717200000, 0x0000000717400000|  0%| F|  |TAMS 0x0000000717200000, 0x0000000717200000| Untracked 
| 186|0x0000000717400000, 0x0000000717400000, 0x0000000717600000|  0%| F|  |TAMS 0x0000000717400000, 0x0000000717400000| Untracked 
| 187|0x0000000717600000, 0x0000000717600000, 0x0000000717800000|  0%| F|  |TAMS 0x0000000717600000, 0x0000000717600000| Untracked 

Card table byte_map: [0x0000026530ba0000,0x00000265313a0000] _byte_map_base: 0x000002652d3a0000

Marking Bits (Prev, Next): (CMBitMap*) 0x0000026519864510, (CMBitMap*) 0x00000265198644d0
 Prev Bits: [0x0000026535ba0000, 0x0000026539ba0000)
 Next Bits: [0x0000026531ba0000, 0x0000026535ba0000)

Polling page: 0x0000026517770000

Metaspace:

Usage:
  Non-class:     50.76 MB used.
      Class:      7.90 MB used.
       Both:     58.66 MB used.

Virtual space:
  Non-class space:       56.00 MB reserved,      51.06 MB ( 91%) committed,  7 nodes.
      Class space:        1.00 GB reserved,       8.19 MB ( <1%) committed,  1 nodes.
             Both:        1.05 GB reserved,      59.25 MB (  5%) committed. 

Chunk freelists:
   Non-Class:  704.00 KB
       Class:  3.70 MB
        Both:  4.39 MB

MaxMetaspaceSize: unlimited
CompressedClassSpaceSize: 1.00 GB
Initial GC threshold: 21.00 MB
Current GC threshold: 73.75 MB
CDS: on
MetaspaceReclaimPolicy: balanced
 - commit_granule_bytes: 65536.
 - commit_granule_words: 8192.
 - virtual_space_node_default_size: 1048576.
 - enlarge_chunks_in_place: 1.
 - new_chunks_are_fully_committed: 0.
 - uncommit_free_chunks: 1.
 - use_allocation_guard: 0.
 - handle_deallocations: 1.


Internal statistics:

num_allocs_failed_limit: 6.
num_arena_births: 688.
num_arena_deaths: 2.
num_vsnodes_births: 8.
num_vsnodes_deaths: 0.
num_space_committed: 948.
num_space_uncommitted: 0.
num_chunks_returned_to_freelist: 10.
num_chunks_taken_from_freelist: 3148.
num_chunk_merges: 6.
num_chunk_splits: 2057.
num_chunks_enlarged: 1361.
num_purges: 2.
num_inconsistent_stats: 0.

CodeHeap 'non-profiled nmethods': size=120000Kb used=7779Kb max_used=7779Kb free=112220Kb
 bounds [0x0000026528b40000, 0x00000265292e0000, 0x0000026530070000]
CodeHeap 'profiled nmethods': size=120000Kb used=18025Kb max_used=19140Kb free=101974Kb
 bounds [0x0000026521070000, 0x0000026522330000, 0x00000265285a0000]
CodeHeap 'non-nmethods': size=5760Kb used=2351Kb max_used=2450Kb free=3408Kb
 bounds [0x00000265285a0000, 0x0000026528810000, 0x0000026528b40000]
 total_blobs=10884 nmethods=10011 adapters=785
 compilation: enabled
              stopped_count=0, restarted_count=0
 full_count=0

Compilation events (20 events):
Event: 59.234 Thread 0x000002653f9578e0 nmethod 13273 0x00000265292ca690 code [0x00000265292ca900, 0x00000265292cd378]
Event: 59.234 Thread 0x000002653f9578e0 13301       4       org.objectweb.asm.SymbolTable$Entry::<init> (17 bytes)
Event: 59.237 Thread 0x000002653f9578e0 nmethod 13301 0x00000265292ceb10 code [0x00000265292cec80, 0x00000265292cee18]
Event: 59.238 Thread 0x000002653f9578e0 13291       4       org.gradle.internal.serialize.DefaultSerializer::write (24 bytes)
Event: 59.285 Thread 0x000002653c5ec610 13304       3       org.gradle.cache.internal.btree.Block::<init> (15 bytes)
Event: 59.285 Thread 0x000002653c5ec610 nmethod 13304 0x0000026521b63310 code [0x0000026521b634c0, 0x0000026521b63798]
Event: 59.288 Thread 0x000002653c5ec610 13305       3       org.gradle.cache.internal.btree.FileBackedBlockStore$BlockImpl::<init> (21 bytes)
Event: 59.289 Thread 0x000002653c5ec610 nmethod 13305 0x0000026521f62790 code [0x0000026521f62940, 0x0000026521f62d18]
Event: 59.297 Thread 0x000002653c5ec610 13306       3       org.objectweb.asm.MethodWriter::visitAnnotationDefault (29 bytes)
Event: 59.298 Thread 0x000002653c5ec610 nmethod 13306 0x0000026521981f90 code [0x0000026521982160, 0x00000265219825c8]
Event: 59.331 Thread 0x000002653c5ec610 13307       3       org.objectweb.asm.AnnotationWriter::visitEnum (63 bytes)
Event: 59.332 Thread 0x000002653c5ec610 nmethod 13307 0x0000026521f7f810 code [0x0000026521f7fa00, 0x0000026521f7fd18]
Event: 59.366 Thread 0x000002653c5d7740 nmethod 13286 0x00000265292cee90 code [0x00000265292cf260, 0x00000265292d2360]
Event: 59.367 Thread 0x000002653c5d7740 13303       4       org.objectweb.asm.ClassReader::readElementValues (88 bytes)
Event: 59.380 Thread 0x000002653c5d7740 nmethod 13303 0x00000265292d4190 code [0x00000265292d4360, 0x00000265292d4788]
Event: 59.380 Thread 0x000002653c5d7740 13302       4       org.objectweb.asm.ClassReader::readElementValue (1237 bytes)
Event: 59.511 Thread 0x000002653f9564a0 nmethod 13290 0x00000265292d4b10 code [0x00000265292d4dc0, 0x00000265292d76d0]
Event: 59.511 Thread 0x000002653f9564a0 13311       4       com.google.common.cache.LocalCache$Segment::getEntry (73 bytes)
Event: 59.522 Thread 0x000002653f9564a0 nmethod 13311 0x00000265292d8610 code [0x00000265292d87c0, 0x00000265292d8a78]
Event: 59.522 Thread 0x000002653f9564a0 13308   !   4       java.util.concurrent.LinkedBlockingQueue::poll (128 bytes)

GC Heap History (20 events):
Event: 44.921 GC heap after
{Heap after GC invocations=49 (full 0):
 garbage-first heap   total 319488K, used 124491K [0x0000000700000000, 0x0000000800000000)
  region size 2048K, 6 young (12288K), 6 survivors (12288K)
 Metaspace       used 59830K, committed 60480K, reserved 1105920K
  class space    used 8069K, committed 8384K, reserved 1048576K
}
Event: 46.168 GC heap before
{Heap before GC invocations=49 (full 0):
 garbage-first heap   total 319488K, used 271947K [0x0000000700000000, 0x0000000800000000)
  region size 2048K, 78 young (159744K), 6 survivors (12288K)
 Metaspace       used 59832K, committed 60480K, reserved 1105920K
  class space    used 8069K, committed 8384K, reserved 1048576K
}
Event: 46.187 GC heap after
{Heap after GC invocations=50 (full 0):
 garbage-first heap   total 385024K, used 125451K [0x0000000700000000, 0x0000000800000000)
  region size 2048K, 6 young (12288K), 6 survivors (12288K)
 Metaspace       used 59832K, committed 60480K, reserved 1105920K
  class space    used 8069K, committed 8384K, reserved 1048576K
}
Event: 47.537 GC heap before
{Heap before GC invocations=50 (full 0):
 garbage-first heap   total 385024K, used 330251K [0x0000000700000000, 0x0000000800000000)
  region size 2048K, 108 young (221184K), 6 survivors (12288K)
 Metaspace       used 59841K, committed 60480K, reserved 1105920K
  class space    used 8070K, committed 8384K, reserved 1048576K
}
Event: 47.554 GC heap after
{Heap after GC invocations=51 (full 0):
 garbage-first heap   total 385024K, used 124518K [0x0000000700000000, 0x0000000800000000)
  region size 2048K, 6 young (12288K), 6 survivors (12288K)
 Metaspace       used 59841K, committed 60480K, reserved 1105920K
  class space    used 8070K, committed 8384K, reserved 1048576K
}
Event: 48.346 GC heap before
{Heap before GC invocations=51 (full 0):
 garbage-first heap   total 385024K, used 329318K [0x0000000700000000, 0x0000000800000000)
  region size 2048K, 107 young (219136K), 6 survivors (12288K)
 Metaspace       used 59845K, committed 60480K, reserved 1105920K
  class space    used 8070K, committed 8384K, reserved 1048576K
}
Event: 48.371 GC heap after
{Heap after GC invocations=52 (full 0):
 garbage-first heap   total 385024K, used 125073K [0x0000000700000000, 0x0000000800000000)
  region size 2048K, 6 young (12288K), 6 survivors (12288K)
 Metaspace       used 59845K, committed 60480K, reserved 1105920K
  class space    used 8070K, committed 8384K, reserved 1048576K
}
Event: 49.599 GC heap before
{Heap before GC invocations=52 (full 0):
 garbage-first heap   total 385024K, used 329873K [0x0000000700000000, 0x0000000800000000)
  region size 2048K, 107 young (219136K), 6 survivors (12288K)
 Metaspace       used 59848K, committed 60480K, reserved 1105920K
  class space    used 8070K, committed 8384K, reserved 1048576K
}
Event: 49.613 GC heap after
{Heap after GC invocations=53 (full 0):
 garbage-first heap   total 385024K, used 124844K [0x0000000700000000, 0x0000000800000000)
  region size 2048K, 6 young (12288K), 6 survivors (12288K)
 Metaspace       used 59848K, committed 60480K, reserved 1105920K
  class space    used 8070K, committed 8384K, reserved 1048576K
}
Event: 51.184 GC heap before
{Heap before GC invocations=53 (full 0):
 garbage-first heap   total 385024K, used 331692K [0x0000000700000000, 0x0000000800000000)
  region size 2048K, 107 young (219136K), 6 survivors (12288K)
 Metaspace       used 59898K, committed 60544K, reserved 1105920K
  class space    used 8072K, committed 8384K, reserved 1048576K
}
Event: 51.195 GC heap after
{Heap after GC invocations=54 (full 0):
 garbage-first heap   total 385024K, used 122851K [0x0000000700000000, 0x0000000800000000)
  region size 2048K, 5 young (10240K), 5 survivors (10240K)
 Metaspace       used 59898K, committed 60544K, reserved 1105920K
  class space    used 8072K, committed 8384K, reserved 1048576K
}
Event: 52.602 GC heap before
{Heap before GC invocations=54 (full 0):
 garbage-first heap   total 385024K, used 331747K [0x0000000700000000, 0x0000000800000000)
  region size 2048K, 108 young (221184K), 5 survivors (10240K)
 Metaspace       used 59910K, committed 60544K, reserved 1105920K
  class space    used 8073K, committed 8384K, reserved 1048576K
}
Event: 52.621 GC heap after
{Heap after GC invocations=55 (full 0):
 garbage-first heap   total 385024K, used 127584K [0x0000000700000000, 0x0000000800000000)
  region size 2048K, 7 young (14336K), 7 survivors (14336K)
 Metaspace       used 59910K, committed 60544K, reserved 1105920K
  class space    used 8073K, committed 8384K, reserved 1048576K
}
Event: 54.130 GC heap before
{Heap before GC invocations=55 (full 0):
 garbage-first heap   total 385024K, used 328288K [0x0000000700000000, 0x0000000800000000)
  region size 2048K, 106 young (217088K), 7 survivors (14336K)
 Metaspace       used 59926K, committed 60544K, reserved 1105920K
  class space    used 8073K, committed 8384K, reserved 1048576K
}
Event: 54.148 GC heap after
{Heap after GC invocations=56 (full 0):
 garbage-first heap   total 385024K, used 126113K [0x0000000700000000, 0x0000000800000000)
  region size 2048K, 6 young (12288K), 6 survivors (12288K)
 Metaspace       used 59926K, committed 60544K, reserved 1105920K
  class space    used 8073K, committed 8384K, reserved 1048576K
}
Event: 55.718 GC heap before
{Heap before GC invocations=56 (full 0):
 garbage-first heap   total 385024K, used 332961K [0x0000000700000000, 0x0000000800000000)
  region size 2048K, 107 young (219136K), 6 survivors (12288K)
 Metaspace       used 59942K, committed 60608K, reserved 1105920K
  class space    used 8073K, committed 8384K, reserved 1048576K
}
Event: 55.743 GC heap after
{Heap after GC invocations=57 (full 0):
 garbage-first heap   total 385024K, used 126439K [0x0000000700000000, 0x0000000800000000)
  region size 2048K, 6 young (12288K), 6 survivors (12288K)
 Metaspace       used 59942K, committed 60608K, reserved 1105920K
  class space    used 8073K, committed 8384K, reserved 1048576K
}
Event: 57.077 GC heap before
{Heap before GC invocations=57 (full 0):
 garbage-first heap   total 385024K, used 331239K [0x0000000700000000, 0x0000000800000000)
  region size 2048K, 106 young (217088K), 6 survivors (12288K)
 Metaspace       used 60058K, committed 60672K, reserved 1105920K
  class space    used 8088K, committed 8384K, reserved 1048576K
}
Event: 57.103 GC heap after
{Heap after GC invocations=58 (full 0):
 garbage-first heap   total 385024K, used 127896K [0x0000000700000000, 0x0000000800000000)
  region size 2048K, 7 young (14336K), 7 survivors (14336K)
 Metaspace       used 60058K, committed 60672K, reserved 1105920K
  class space    used 8088K, committed 8384K, reserved 1048576K
}
Event: 59.550 GC heap before
{Heap before GC invocations=58 (full 0):
 garbage-first heap   total 385024K, used 326552K [0x0000000700000000, 0x0000000800000000)
  region size 2048K, 105 young (215040K), 7 survivors (14336K)
 Metaspace       used 60070K, committed 60672K, reserved 1105920K
  class space    used 8088K, committed 8384K, reserved 1048576K
}

Deoptimization events (20 events):
Event: 56.345 Thread 0x0000026540dab150 DEOPT PACKING pc=0x0000026529137f74 sp=0x000000dddeffac70
Event: 56.345 Thread 0x0000026540dab150 DEOPT UNPACKING pc=0x00000265285f23a3 sp=0x000000dddeffab78 mode 2
Event: 56.345 Thread 0x0000026540dab150 Uncommon trap: trap_request=0xffffff45 fr.pc=0x0000026529138d28 relative=0x0000000000000088
Event: 56.345 Thread 0x0000026540dab150 Uncommon trap: reason=unstable_if action=reinterpret pc=0x0000026529138d28 method=org.apache.commons.compress.archivers.zip.ZipUtil.supportsMethodOf(Lorg/apache/commons/compress/archivers/zip/ZipArchiveEntry;)Z @ 4 c2
Event: 56.345 Thread 0x0000026540dab150 DEOPT PACKING pc=0x0000026529138d28 sp=0x000000dddeffab20
Event: 56.345 Thread 0x0000026540dab150 DEOPT UNPACKING pc=0x00000265285f23a3 sp=0x000000dddeffaa68 mode 2
Event: 56.346 Thread 0x0000026540dab150 Uncommon trap: trap_request=0xffffff45 fr.pc=0x0000026529138910 relative=0x0000000000000070
Event: 56.346 Thread 0x0000026540dab150 Uncommon trap: reason=unstable_if action=reinterpret pc=0x0000026529138910 method=org.apache.commons.compress.archivers.zip.ZipUtil.supportsMethodOf(Lorg/apache/commons/compress/archivers/zip/ZipArchiveEntry;)Z @ 4 c2
Event: 56.346 Thread 0x0000026540dab150 DEOPT PACKING pc=0x0000026529138910 sp=0x000000dddeffabc0
Event: 56.346 Thread 0x0000026540dab150 DEOPT UNPACKING pc=0x00000265285f23a3 sp=0x000000dddeffab60 mode 2
Event: 57.526 Thread 0x0000026540dab150 Uncommon trap: trap_request=0xffffff45 fr.pc=0x00000265291d0120 relative=0x0000000000001420
Event: 57.526 Thread 0x0000026540dab150 Uncommon trap: reason=unstable_if action=reinterpret pc=0x00000265291d0120 method=org.apache.commons.compress.archivers.zip.ZipArchiveOutputStream.versionNeededToExtract(IZZ)I @ 8 c2
Event: 57.526 Thread 0x0000026540dab150 DEOPT PACKING pc=0x00000265291d0120 sp=0x000000dddeffaf00
Event: 57.526 Thread 0x0000026540dab150 DEOPT UNPACKING pc=0x00000265285f23a3 sp=0x000000dddeffae30 mode 2
Event: 57.905 Thread 0x0000026540da9940 DEOPT PACKING pc=0x00000265212f022d sp=0x000000dddeefa970
Event: 57.905 Thread 0x0000026540da9940 DEOPT UNPACKING pc=0x00000265285f2b43 sp=0x000000dddeef9ef0 mode 0
Event: 59.233 Thread 0x0000026540e538e0 Uncommon trap: trap_request=0xffffffe4 fr.pc=0x0000026529255f9c relative=0x0000000000002b3c
Event: 59.233 Thread 0x0000026540e538e0 Uncommon trap: reason=range_check action=make_not_entrant pc=0x0000026529255f9c method=org.objectweb.asm.ClassReader.readUnsignedShort(I)I @ 19 c2
Event: 59.234 Thread 0x0000026540e538e0 DEOPT PACKING pc=0x0000026529255f9c sp=0x000000dddedfaba0
Event: 59.234 Thread 0x0000026540e538e0 DEOPT UNPACKING pc=0x00000265285f23a3 sp=0x000000dddedfaab0 mode 2

Classes unloaded (3 events):
Event: 18.125 Thread 0x000002653c5b4c20 Unloading class 0x00000008011443e8 '_BuildScript_$_run_closure1$_closure2'
Event: 18.126 Thread 0x000002653c5b4c20 Unloading class 0x0000000801144000 '_BuildScript_$_run_closure1'
Event: 18.126 Thread 0x000002653c5b4c20 Unloading class 0x000000080113c000 '_BuildScript_'

Classes redefined (0 events):
No events

Internal exceptions (20 events):
Event: 56.421 Thread 0x0000026540da9940 Exception <a 'sun/nio/fs/WindowsException'{0x00000007113f98f8}> (0x00000007113f98f8) 
thrown [s\open\src\hotspot\share\prims\jni.cpp, line 516]
Event: 56.543 Thread 0x0000026540dabfc0 Exception <a 'java/io/FileNotFoundException'{0x000000070fc23de0}> (0x000000070fc23de0) 
thrown [s\open\src\hotspot\share\prims\jni.cpp, line 516]
Event: 56.849 Thread 0x000002653eb1db50 Exception <a 'sun/nio/fs/WindowsException'{0x000000070cf47b18}> (0x000000070cf47b18) 
thrown [s\open\src\hotspot\share\prims\jni.cpp, line 516]
Event: 56.976 Thread 0x0000026540dabfc0 Exception <a 'sun/nio/fs/WindowsException'{0x000000070cdc7328}> (0x000000070cdc7328) 
thrown [s\open\src\hotspot\share\prims\jni.cpp, line 516]
Event: 57.001 Thread 0x0000026540da9940 Exception <a 'sun/nio/fs/WindowsException'{0x000000070cb09d08}> (0x000000070cb09d08) 
thrown [s\open\src\hotspot\share\prims\jni.cpp, line 516]
Event: 57.395 Thread 0x000002653eb1db50 Exception <a 'sun/nio/fs/WindowsException'{0x0000000715b5d4c8}> (0x0000000715b5d4c8) 
thrown [s\open\src\hotspot\share\prims\jni.cpp, line 516]
Event: 57.537 Thread 0x0000026540dace30 Exception <a 'sun/nio/fs/WindowsException'{0x00000007151b34e8}> (0x00000007151b34e8) 
thrown [s\open\src\hotspot\share\prims\jni.cpp, line 516]
Event: 57.555 Thread 0x0000026540dabfc0 Exception <a 'sun/nio/fs/WindowsException'{0x0000000714e58718}> (0x0000000714e58718) 
thrown [s\open\src\hotspot\share\prims\jni.cpp, line 516]
Event: 57.687 Thread 0x0000026540e538e0 Exception <a 'sun/nio/fs/WindowsException'{0x00000007166acb00}> (0x00000007166acb00) 
thrown [s\open\src\hotspot\share\prims\jni.cpp, line 516]
Event: 57.898 Thread 0x0000026540da9940 Exception <a 'sun/nio/fs/WindowsException'{0x0000000712a96ea0}> (0x0000000712a96ea0) 
thrown [s\open\src\hotspot\share\prims\jni.cpp, line 516]
Event: 58.199 Thread 0x000002653eb1db50 Exception <a 'sun/nio/fs/WindowsException'{0x0000000712465228}> (0x0000000712465228) 
thrown [s\open\src\hotspot\share\prims\jni.cpp, line 516]
Event: 58.489 Thread 0x000002653d74f3e0 Exception <a 'sun/nio/fs/WindowsException'{0x0000000710730438}> (0x0000000710730438) 
thrown [s\open\src\hotspot\share\prims\jni.cpp, line 516]
Event: 58.575 Thread 0x0000026540e538e0 Exception <a 'sun/nio/fs/WindowsException'{0x0000000711eba4e0}> (0x0000000711eba4e0) 
thrown [s\open\src\hotspot\share\prims\jni.cpp, line 516]
Event: 58.621 Thread 0x0000026540dace30 Exception <a 'sun/nio/fs/WindowsException'{0x00000007105d5c48}> (0x00000007105d5c48) 
thrown [s\open\src\hotspot\share\prims\jni.cpp, line 516]
Event: 58.746 Thread 0x0000026540dabfc0 Exception <a 'sun/nio/fs/WindowsException'{0x000000070f892210}> (0x000000070f892210) 
thrown [s\open\src\hotspot\share\prims\jni.cpp, line 516]
Event: 58.904 Thread 0x0000026540dab150 Exception <a 'sun/nio/fs/WindowsException'{0x000000070f8e6a70}> (0x000000070f8e6a70) 
thrown [s\open\src\hotspot\share\prims\jni.cpp, line 516]
Event: 58.944 Thread 0x0000026540da9940 Exception <a 'sun/nio/fs/WindowsException'{0x000000070f034a80}> (0x000000070f034a80) 
thrown [s\open\src\hotspot\share\prims\jni.cpp, line 516]
Event: 59.199 Thread 0x000002653eb1db50 Exception <a 'sun/nio/fs/WindowsException'{0x000000070e0b3a10}> (0x000000070e0b3a10) 
thrown [s\open\src\hotspot\share\prims\jni.cpp, line 516]
Event: 59.202 Thread 0x0000026540e538e0 Exception <a 'sun/nio/fs/WindowsException'{0x000000070df411d0}> (0x000000070df411d0) 
thrown [s\open\src\hotspot\share\prims\jni.cpp, line 516]
Event: 59.381 Thread 0x0000026540dabfc0 Exception <a 'sun/nio/fs/WindowsException'{0x000000070c840d38}> (0x000000070c840d38) 
thrown [s\open\src\hotspot\share\prims\jni.cpp, line 516]

VM Operations (20 events):
Event: 54.129 Executing VM operation: G1CollectForAllocation done
Event: 54.130 Executing VM operation: G1CollectForAllocation
Event: 54.148 Executing VM operation: G1CollectForAllocation done
Event: 55.163 Executing VM operation: Cleanup
Event: 55.182 Executing VM operation: Cleanup done
Event: 55.660 Executing VM operation: G1CollectForAllocation
Event: 55.676 Executing VM operation: G1CollectForAllocation done
Event: 55.697 Executing VM operation: G1CollectForAllocation
Event: 55.744 Executing VM operation: G1CollectForAllocation done
Event: 56.745 Executing VM operation: Cleanup
Event: 56.772 Executing VM operation: Cleanup done
Event: 57.075 Executing VM operation: G1CollectForAllocation
Event: 57.077 Executing VM operation: G1CollectForAllocation done
Event: 57.077 Executing VM operation: G1CollectForAllocation
Event: 57.105 Executing VM operation: G1CollectForAllocation done
Event: 57.697 Executing VM operation: HandshakeAllThreads
Event: 57.714 Executing VM operation: HandshakeAllThreads done
Event: 58.705 Executing VM operation: ICBufferFull
Event: 58.715 Executing VM operation: ICBufferFull done
Event: 59.539 Executing VM operation: G1CollectForAllocation

Events (20 events):
Event: 52.818 Thread 0x000002653c5f4f20 flushing nmethod 0x00000265221dc690
Event: 52.818 Thread 0x000002653c5f4f20 flushing nmethod 0x00000265221e4490
Event: 52.818 Thread 0x000002653c5f4f20 flushing nmethod 0x00000265221e6010
Event: 52.818 Thread 0x000002653c5f4f20 flushing nmethod 0x00000265221e7210
Event: 52.818 Thread 0x000002653c5f4f20 flushing nmethod 0x00000265221e8790
Event: 52.818 Thread 0x000002653c5f4f20 flushing nmethod 0x00000265221f2c10
Event: 52.818 Thread 0x000002653c5f4f20 flushing nmethod 0x00000265221f7d90
Event: 52.818 Thread 0x000002653c5f4f20 flushing nmethod 0x0000026522214110
Event: 52.818 Thread 0x000002653c5f4f20 flushing nmethod 0x000002652221fa10
Event: 52.818 Thread 0x000002653c5f4f20 flushing nmethod 0x0000026522230190
Event: 52.818 Thread 0x000002653c5f4f20 flushing nmethod 0x0000026522230910
Event: 52.818 Thread 0x000002653c5f4f20 flushing nmethod 0x000002652224c390
Event: 52.819 Thread 0x000002653c5f4f20 flushing nmethod 0x0000026522271390
Event: 52.819 Thread 0x000002653c5f4f20 flushing nmethod 0x00000265222a5d10
Event: 52.819 Thread 0x000002653c5f4f20 flushing nmethod 0x00000265222aa410
Event: 52.819 Thread 0x000002653c5f4f20 flushing nmethod 0x00000265222aa890
Event: 52.819 Thread 0x000002653c5f4f20 flushing nmethod 0x00000265222c7f90
Event: 52.819 Thread 0x000002653c5f4f20 flushing nmethod 0x00000265222e2010
Event: 52.819 Thread 0x000002653c5f4f20 flushing nmethod 0x00000265222e5290
Event: 57.764 Thread 0x000002653c5f4f20 flushing nmethod 0x0000026521ee5190


Dynamic libraries:
0x00007ff65f070000 - 0x00007ff65f080000 	C:\Program Files\Java\jdk-17\bin\java.exe
0x00007ff93fba0000 - 0x00007ff93fe09000 	C:\WINDOWS\SYSTEM32\ntdll.dll
0x00007ff93e770000 - 0x00007ff93e839000 	C:\WINDOWS\System32\KERNEL32.DLL
0x00007ff93d270000 - 0x00007ff93d663000 	C:\WINDOWS\System32\KERNELBASE.dll
0x00007ff93d7f0000 - 0x00007ff93d93b000 	C:\WINDOWS\System32\ucrtbase.dll
0x00007ff9305a0000 - 0x00007ff9305b8000 	C:\Program Files\Java\jdk-17\bin\jli.dll
0x00007ff930df0000 - 0x00007ff930e0b000 	C:\Program Files\Java\jdk-17\bin\VCRUNTIME140.dll
0x00007ff93e450000 - 0x00007ff93e504000 	C:\WINDOWS\System32\ADVAPI32.dll
0x00007ff93ebe0000 - 0x00007ff93ec89000 	C:\WINDOWS\System32\msvcrt.dll
0x00007ff93d970000 - 0x00007ff93da16000 	C:\WINDOWS\System32\sechost.dll
0x00007ff93e5b0000 - 0x00007ff93e6c8000 	C:\WINDOWS\System32\RPCRT4.dll
0x00007ff93db30000 - 0x00007ff93dcf4000 	C:\WINDOWS\System32\USER32.dll
0x00007ff93d940000 - 0x00007ff93d967000 	C:\WINDOWS\System32\win32u.dll
0x00007ff92de10000 - 0x00007ff92e0a3000 	C:\WINDOWS\WinSxS\amd64_microsoft.windows.common-controls_6595b64144ccf1df_6.0.26100.5074_none_3e0d6f78e32fd63f\COMCTL32.dll
0x00007ff93e8c0000 - 0x00007ff93e8eb000 	C:\WINDOWS\System32\GDI32.dll
0x00007ff93cfd0000 - 0x00007ff93d0fd000 	C:\WINDOWS\System32\gdi32full.dll
0x00007ff93cf20000 - 0x00007ff93cfc3000 	C:\WINDOWS\System32\msvcp_win.dll
0x00007ff936f50000 - 0x00007ff936f5b000 	C:\WINDOWS\SYSTEM32\VERSION.dll
0x00007ff93e8f0000 - 0x00007ff93e91f000 	C:\WINDOWS\System32\IMM32.DLL
0x00007ff9296c0000 - 0x00007ff9296cc000 	C:\Program Files\Java\jdk-17\bin\vcruntime140_1.dll
0x00007ff8f38a0000 - 0x00007ff8f392e000 	C:\Program Files\Java\jdk-17\bin\msvcp140.dll
0x00007ff8b8050000 - 0x00007ff8b8c27000 	C:\Program Files\Java\jdk-17\bin\server\jvm.dll
0x00007ff93e760000 - 0x00007ff93e768000 	C:\WINDOWS\System32\PSAPI.DLL
0x00007ff930e40000 - 0x00007ff930e4a000 	C:\WINDOWS\SYSTEM32\WSOCK32.dll
0x00007ff936af0000 - 0x00007ff936b25000 	C:\WINDOWS\SYSTEM32\WINMM.dll
0x00007ff93e510000 - 0x00007ff93e584000 	C:\WINDOWS\System32\WS2_32.dll
0x00007ff93bb10000 - 0x00007ff93bb2b000 	C:\WINDOWS\SYSTEM32\kernel.appcore.dll
0x00007ff9296b0000 - 0x00007ff9296ba000 	C:\Program Files\Java\jdk-17\bin\jimage.dll
0x00007ff932db0000 - 0x00007ff932ff2000 	C:\WINDOWS\SYSTEM32\DBGHELP.DLL
0x00007ff93f320000 - 0x00007ff93f69b000 	C:\WINDOWS\System32\combase.dll
0x00007ff93eaf0000 - 0x00007ff93ebc7000 	C:\WINDOWS\System32\OLEAUT32.dll
0x00007ff92c670000 - 0x00007ff92c6ad000 	C:\WINDOWS\SYSTEM32\dbgcore.DLL
0x00007ff93ce80000 - 0x00007ff93cf19000 	C:\WINDOWS\System32\bcryptPrimitives.dll
0x00007ff929640000 - 0x00007ff92964e000 	C:\Program Files\Java\jdk-17\bin\instrument.dll
0x00007ff90f6b0000 - 0x00007ff90f6d5000 	C:\Program Files\Java\jdk-17\bin\java.dll
0x00007ff8ee8d0000 - 0x00007ff8ee9a7000 	C:\Program Files\Java\jdk-17\bin\jsvml.dll
0x00007ff93dd00000 - 0x00007ff93e44d000 	C:\WINDOWS\System32\SHELL32.dll
0x00007ff93d100000 - 0x00007ff93d26c000 	C:\WINDOWS\System32\wintypes.dll
0x00007ff93a9d0000 - 0x00007ff93b229000 	C:\WINDOWS\SYSTEM32\windows.storage.dll
0x00007ff93ee20000 - 0x00007ff93ef10000 	C:\WINDOWS\System32\SHCORE.dll
0x00007ff93f2b0000 - 0x00007ff93f312000 	C:\WINDOWS\System32\shlwapi.dll
0x00007ff93cc50000 - 0x00007ff93cc79000 	C:\WINDOWS\SYSTEM32\profapi.dll
0x00007ff925460000 - 0x00007ff925478000 	C:\Program Files\Java\jdk-17\bin\zip.dll
0x00007ff924530000 - 0x00007ff924549000 	C:\Program Files\Java\jdk-17\bin\net.dll
0x00007ff933f30000 - 0x00007ff93404f000 	C:\WINDOWS\SYSTEM32\WINHTTP.dll
0x00007ff93c090000 - 0x00007ff93c0fb000 	C:\WINDOWS\system32\mswsock.dll
0x00007ff922600000 - 0x00007ff922616000 	C:\Program Files\Java\jdk-17\bin\nio.dll
0x00007ff929630000 - 0x00007ff929640000 	C:\Program Files\Java\jdk-17\bin\verify.dll
0x00007ff929780000 - 0x00007ff9297a7000 	C:\Users\rajee\.gradle\native\1def1411415f61bf3af743bc5b6707747c0891f09f0c88961ee8f79bc544acac\windows-amd64\native-platform.dll
0x00007ff8fc480000 - 0x00007ff8fc4f8000 	C:\Users\rajee\.gradle\native\0.2.7\x86_64-windows-gnu\gradle-fileevents.dll
0x00007ff929580000 - 0x00007ff92958a000 	C:\Program Files\Java\jdk-17\bin\management.dll
0x00007ff929490000 - 0x00007ff92949b000 	C:\Program Files\Java\jdk-17\bin\management_ext.dll
0x00007ff93b580000 - 0x00007ff93b5b4000 	C:\WINDOWS\SYSTEM32\IPHLPAPI.DLL
0x00007ff93ec90000 - 0x00007ff93ec9a000 	C:\WINDOWS\System32\NSI.dll
0x00007ff934190000 - 0x00007ff9341ae000 	C:\WINDOWS\SYSTEM32\dhcpcsvc6.DLL
0x00007ff933a80000 - 0x00007ff933aa3000 	C:\WINDOWS\SYSTEM32\dhcpcsvc.DLL
0x00007ff93b620000 - 0x00007ff93b746000 	C:\WINDOWS\SYSTEM32\DNSAPI.dll
0x00007ff93c330000 - 0x00007ff93c34b000 	C:\WINDOWS\SYSTEM32\CRYPTSP.dll
0x00007ff93ba70000 - 0x00007ff93baab000 	C:\WINDOWS\system32\rsaenh.dll
0x00007ff93c130000 - 0x00007ff93c15b000 	C:\WINDOWS\SYSTEM32\USERENV.dll
0x00007ff93cc20000 - 0x00007ff93cc46000 	C:\WINDOWS\SYSTEM32\bcrypt.dll
0x00007ff93c350000 - 0x00007ff93c35c000 	C:\WINDOWS\SYSTEM32\CRYPTBASE.dll
0x00007ff9272a0000 - 0x00007ff9272ad000 	C:\Program Files\Java\jdk-17\bin\sunmscapi.dll
0x00007ff93d670000 - 0x00007ff93d7e7000 	C:\WINDOWS\System32\CRYPT32.dll
0x00007ff93c550000 - 0x00007ff93c580000 	C:\WINDOWS\SYSTEM32\ncrypt.dll
0x00007ff93c500000 - 0x00007ff93c53f000 	C:\WINDOWS\SYSTEM32\NTASN1.dll
0x00007ff8deb80000 - 0x00007ff8deb88000 	C:\WINDOWS\system32\wshunix.dll

dbghelp: loaded successfully - version: 4.0.5 - missing functions: none
symbol engine: initialized successfully - sym options: 0x614 - pdb path: .;C:\Program Files\Java\jdk-17\bin;C:\WINDOWS\SYSTEM32;C:\WINDOWS\WinSxS\amd64_microsoft.windows.common-controls_6595b64144ccf1df_6.0.26100.5074_none_3e0d6f78e32fd63f;C:\Program Files\Java\jdk-17\bin\server;C:\Users\rajee\.gradle\native\1def1411415f61bf3af743bc5b6707747c0891f09f0c88961ee8f79bc544acac\windows-amd64;C:\Users\rajee\.gradle\native\0.2.7\x86_64-windows-gnu

VM Arguments:
jvm_args: --add-opens=java.base/java.lang=ALL-UNNAMED --add-opens=java.base/java.lang.invoke=ALL-UNNAMED --add-opens=java.base/java.util=ALL-UNNAMED --add-opens=java.prefs/java.util.prefs=ALL-UNNAMED --add-exports=jdk.compiler/com.sun.tools.javac.api=ALL-UNNAMED --add-exports=jdk.compiler/com.sun.tools.javac.util=ALL-UNNAMED --add-opens=java.base/java.util=ALL-UNNAMED --add-opens=java.prefs/java.util.prefs=ALL-UNNAMED --add-opens=java.base/java.nio.charset=ALL-UNNAMED --add-opens=java.base/java.net=ALL-UNNAMED --add-opens=java.base/java.util.concurrent.atomic=ALL-UNNAMED --add-opens=java.xml/javax.xml.namespace=ALL-UNNAMED -XX:+HeapDumpOnOutOfMemoryError --add-exports=jdk.compiler/com.sun.tools.javac.api=ALL-UNNAMED --add-exports=jdk.compiler/com.sun.tools.javac.file=ALL-UNNAMED --add-exports=jdk.compiler/com.sun.tools.javac.parser=ALL-UNNAMED --add-exports=jdk.compiler/com.sun.tools.javac.tree=ALL-UNNAMED --add-exports=jdk.compiler/com.sun.tools.javac.util=ALL-UNNAMED -Xmx2048m -Dfile.encoding=UTF-8A -Duser.country=IN -Duser.language=en -Duser.variant -javaagent:C:\Users\rajee\.gradle\wrapper\dists\gradle-8.13-bin\5xuhj0ry160q40clulazy9h7d\gradle-8.13\lib\agents\gradle-instrumentation-agent-8.13.jar -Xmx4g 
java_command: org.gradle.launcher.daemon.bootstrap.GradleDaemon 8.13
java_class_path (initial): C:\Users\rajee\.gradle\wrapper\dists\gradle-8.13-bin\5xuhj0ry160q40clulazy9h7d\gradle-8.13\lib\gradle-daemon-main-8.13.jar
Launcher Type: SUN_STANDARD

[Global flags]
     intx CICompilerCount                          = 4                                         {product} {ergonomic}
     uint ConcGCThreads                            = 2                                         {product} {ergonomic}
     uint G1ConcRefinementThreads                  = 8                                         {product} {ergonomic}
   size_t G1HeapRegionSize                         = 2097152                                   {product} {ergonomic}
    uintx GCDrainStackTargetSize                   = 64                                        {product} {ergonomic}
     bool HeapDumpOnOutOfMemoryError               = true                                   {manageable} {command line}
   size_t InitialHeapSize                          = 100663296                                 {product} {ergonomic}
   size_t MarkStackSize                            = 4194304                                   {product} {ergonomic}
   size_t MaxHeapSize                              = 4294967296                                {product} {command line}
   size_t MaxNewSize                               = 2575302656                                {product} {ergonomic}
   size_t MinHeapDeltaBytes                        = 2097152                                   {product} {ergonomic}
   size_t MinHeapSize                              = 8388608                                   {product} {ergonomic}
    uintx NonNMethodCodeHeapSize                   = 5839372                                {pd product} {ergonomic}
    uintx NonProfiledCodeHeapSize                  = 122909434                              {pd product} {ergonomic}
    uintx ProfiledCodeHeapSize                     = 122909434                              {pd product} {ergonomic}
    uintx ReservedCodeCacheSize                    = 251658240                              {pd product} {ergonomic}
     bool SegmentedCodeCache                       = true                                      {product} {ergonomic}
   size_t SoftMaxHeapSize                          = 4294967296                             {manageable} {ergonomic}
     bool UseCompressedClassPointers               = true                           {product lp64_product} {ergonomic}
     bool UseCompressedOops                        = true                           {product lp64_product} {ergonomic}
     bool UseG1GC                                  = true                                      {product} {ergonomic}
     bool UseLargePagesIndividualAllocation        = false                                  {pd product} {ergonomic}

Logging:
Log output configuration:
 #0: stdout all=warning uptime,level,tags
 #1: stderr all=off uptime,level,tags

Environment Variables:
JAVA_HOME=C:\Program Files\Java\jdk-17
_JAVA_OPTIONS=-Xmx4g
PATH=C:\Program Files (x86)\Common Files\Oracle\Java\javapath;C:\Program Files\Common Files\Oracle\Java\javapath;C:\WINDOWS\system32;C:\WINDOWS;C:\WINDOWS\System32\Wbem;C:\WINDOWS\System32\WindowsPowerShell\v1.0\;C:\WINDOWS\System32\OpenSSH\;C:\Program Files\dotnet\;C:\Program Files\Git\cmd;C:\Android;C:\Windows\System32;C:\Program Files\nodejs\;C:\Users\rajee\AppData\Local\Microsoft\WindowsApps;C:\MinGW\bin;C:\Users\rajee\AppData\Local\Programs\Microsoft VS Code\bin;C:\Program Files\JetBrains\IntelliJ IDEA Community Edition 2022.3.1\bin;;C:\Program Files\JetBrains\PyCharm Community Edition 2023.1\bin;;C:\Users\rajee\AppData\Local\Microsoft\WinGet\Packages\Schniz.fnm_Microsoft.Winget.Source_8wekyb3d8bbwe;C:\Program Files\MongoDB\Server\7.0\bin;C:\Users\rajee\AppData\Local\Programs\mongosh\;C:\Users\rajee\AppData\Local\Muse Hub\lib;C:\Users\rajee\AppData\Roaming\npm
USERNAME=rajee
OS=Windows_NT
PROCESSOR_IDENTIFIER=AMD64 Family 23 Model 24 Stepping 1, AuthenticAMD



---------------  S Y S T E M  ---------------

OS:
 Windows 11 , 64 bit Build 26100 (10.0.26100.5074)
OS uptime: 13 days 19:18 hours

CPU: total 8 (initial active 8) (8 cores per cpu, 2 threads per core) family 23 model 24 stepping 1 microcode 0x810810d, cx8, cmov, fxsr, ht, mmx, 3dnowpref, sse, sse2, sse3, ssse3, sse4a, sse4.1, sse4.2, popcnt, lzcnt, tsc, tscinvbit, avx, avx2, aes, clmul, bmi1, bmi2, adx, sha, fma, vzeroupper, clflush, clflushopt

Memory: 4k page, system-wide physical 6030M (476M free)
TotalPageFile size 24462M (AvailPageFile size 38M)
current process WorkingSet (physical memory assigned to process): 384M, peak: 535M
current process commit charge ("private bytes"): 623M, peak: 743M

vm_info: Java HotSpot(TM) 64-Bit Server VM (17.0.6+9-LTS-190) for windows-amd64 JRE (17.0.6+9-LTS-190), built on Dec  6 2022 15:53:54 by "mach5one" with MS VC++ 17.1 (VS2022)

END.
