#
# There is insufficient memory for the Java Runtime Environment to continue.
# Native memory allocation (malloc) failed to allocate 2445008 bytes for Chunk::new
# Possible reasons:
#   The system is out of physical RAM or swap space
#   The process is running with CompressedOops enabled, and the Java Heap may be blocking the growth of the native heap
# Possible solutions:
#   Reduce memory load on the system
#   Increase physical memory or swap space
#   Check if swap backing store is full
#   Decrease Java heap size (-Xmx/-Xms)
#   Decrease number of Java threads
#   Decrease Java thread stack sizes (-Xss)
#   Set larger code cache with -XX:ReservedCodeCacheSize=
#   JVM is running with Zero Based Compressed Oops mode in which the Java heap is
#     placed in the first 32GB address space. The Java Heap base address is the
#     maximum limit for the native heap growth. Please use -XX:HeapBaseMinAddress
#     to set the Java Heap base and to place the Java Heap above 32GB virtual address.
# This output file may be truncated or incomplete.
#
#  Out of Memory Error (arena.cpp:189), pid=1968, tid=30052
#
# JRE version: Java(TM) SE Runtime Environment (17.0.6+9) (build 17.0.6+9-LTS-190)
# Java VM: Java HotSpot(TM) 64-Bit Server VM (17.0.6+9-LTS-190, mixed mode, sharing, tiered, compressed oops, compressed class ptrs, g1 gc, windows-amd64)
# No core dump will be written. Minidumps are not enabled by default on client versions of Windows
#

---------------  S U M M A R Y ------------

Command Line: --add-opens=java.base/java.lang=ALL-UNNAMED --add-opens=java.base/java.lang.invoke=ALL-UNNAMED --add-opens=java.base/java.util=ALL-UNNAMED --add-opens=java.prefs/java.util.prefs=ALL-UNNAMED --add-exports=jdk.compiler/com.sun.tools.javac.api=ALL-UNNAMED --add-exports=jdk.compiler/com.sun.tools.javac.util=ALL-UNNAMED --add-opens=java.base/java.util=ALL-UNNAMED --add-opens=java.prefs/java.util.prefs=ALL-UNNAMED --add-opens=java.base/java.nio.charset=ALL-UNNAMED --add-opens=java.base/java.net=ALL-UNNAMED --add-opens=java.base/java.util.concurrent.atomic=ALL-UNNAMED --add-opens=java.xml/javax.xml.namespace=ALL-UNNAMED -XX:+HeapDumpOnOutOfMemoryError --add-exports=jdk.compiler/com.sun.tools.javac.api=ALL-UNNAMED --add-exports=jdk.compiler/com.sun.tools.javac.file=ALL-UNNAMED --add-exports=jdk.compiler/com.sun.tools.javac.parser=ALL-UNNAMED --add-exports=jdk.compiler/com.sun.tools.javac.tree=ALL-UNNAMED --add-exports=jdk.compiler/com.sun.tools.javac.util=ALL-UNNAMED -Xmx2048m -Dfile.encoding=UTF-8A -Duser.country=IN -Duser.language=en -Duser.variant -javaagent:C:\Users\rajee\.gradle\wrapper\dists\gradle-8.13-bin\5xuhj0ry160q40clulazy9h7d\gradle-8.13\lib\agents\gradle-instrumentation-agent-8.13.jar -Xmx4g org.gradle.launcher.daemon.bootstrap.GradleDaemon 8.13

Host: AMD Ryzen 5 3450U with Radeon Vega Mobile Gfx  , 8 cores, 5G,  Windows 11 , 64 bit Build 26100 (10.0.26100.5074)
Time: Thu Sep 25 12:13:33 2025 India Standard Time elapsed time: 27.731916 seconds (0d 0h 0m 27s)

---------------  T H R E A D  ---------------

Current thread (0x0000027cec72d2c0):  JavaThread "C2 CompilerThread1" daemon [_thread_in_native, id=30052, stack(0x000000bb18d00000,0x000000bb18e00000)]


Current CompileTask:
C2:  27732 8228       4       org.gradle.internal.serialize.HierarchicalNameSerializer::readName (51 bytes)

Stack: [0x000000bb18d00000,0x000000bb18e00000]
Native frames: (J=compiled Java code, j=interpreted, Vv=VM code, C=native code)
V  [jvm.dll+0x6734ea]
V  [jvm.dll+0x7d18f4]
V  [jvm.dll+0x7d309e]
V  [jvm.dll+0x7d3703]
V  [jvm.dll+0x2433c5]
V  [jvm.dll+0xaa46b]
V  [jvm.dll+0xaaa0c]
V  [jvm.dll+0x35eb2e]
V  [jvm.dll+0x329401]
V  [jvm.dll+0x32889a]
V  [jvm.dll+0x215ddf]
V  [jvm.dll+0x215211]
V  [jvm.dll+0x1a1730]
V  [jvm.dll+0x224b6e]
V  [jvm.dll+0x222f15]
V  [jvm.dll+0x78753c]
V  [jvm.dll+0x781a7a]
V  [jvm.dll+0x672375]
C  [ucrtbase.dll+0x37b0]
C  [KERNEL32.DLL+0x2e8d7]
C  [ntdll.dll+0x8d9c]


---------------  P R O C E S S  ---------------

Threads class SMR info:
_java_thread_list=0x0000027cefb75ba0, length=64, elements={
0x0000027cc5af8470, 0x0000027cea8aae30, 0x0000027cea8ae910, 0x0000027cea8c21f0,
0x0000027cea8c2bb0, 0x0000027cea8c3470, 0x0000027cea8c3d30, 0x0000027cea8cfa00,
0x0000027cea8d48c0, 0x0000027cea8e5980, 0x0000027cea896b80, 0x0000027ceb56be10,
0x0000027cec7d3d70, 0x0000027ceb946600, 0x0000027cec1418b0, 0x0000027ced421010,
0x0000027ceb9acc20, 0x0000027ceb83d180, 0x0000027ceb83c310, 0x0000027ceb83ccb0,
0x0000027ceb83d650, 0x0000027ceb83db20, 0x0000027ceb83c7e0, 0x0000027ceb5b0450,
0x0000027ceb5af5e0, 0x0000027cec72d2c0, 0x0000027ceb5b0920, 0x0000027ceb5aff80,
0x0000027ceb5ae770, 0x0000027ceb5b0df0, 0x0000027ceb5addd0, 0x0000027ceb5b12c0,
0x0000027ceb5b1c60, 0x0000027ceb5ae2a0, 0x0000027ceb5b2130, 0x0000027ceb5aec40,
0x0000027ceb5b3470, 0x0000027ceb5b2fa0, 0x0000027ceb5b3940, 0x0000027ceb5b42e0,
0x0000027ceb5b47b0, 0x0000027ceb5b4c80, 0x0000027ceb5b5150, 0x0000027ceb5b5620,
0x0000027cf11e4a80, 0x0000027cf11e28d0, 0x0000027cf11e2400, 0x0000027cf11e1f30,
0x0000027cf11e1590, 0x0000027cf11e1a60, 0x0000027cf11e4f50, 0x0000027cf11e2da0,
0x0000027cf11e3270, 0x0000027cf11e3740, 0x0000027cf11e3c10, 0x0000027cf11e40e0,
0x0000027cf11e45b0, 0x0000027ceb706630, 0x0000027ceb707970, 0x0000027ceb704950,
0x0000027ceb705c90, 0x0000027ceb706fd0, 0x0000027ceb7074a0, 0x0000027ceb7057c0
}

Java Threads: ( => current thread )
  0x0000027cc5af8470 JavaThread "main" [_thread_blocked, id=35076, stack(0x000000bb16600000,0x000000bb16700000)]
  0x0000027cea8aae30 JavaThread "Reference Handler" daemon [_thread_blocked, id=32416, stack(0x000000bb16d00000,0x000000bb16e00000)]
  0x0000027cea8ae910 JavaThread "Finalizer" daemon [_thread_blocked, id=15860, stack(0x000000bb16e00000,0x000000bb16f00000)]
  0x0000027cea8c21f0 JavaThread "Signal Dispatcher" daemon [_thread_blocked, id=13984, stack(0x000000bb16f00000,0x000000bb17000000)]
  0x0000027cea8c2bb0 JavaThread "Attach Listener" daemon [_thread_blocked, id=3528, stack(0x000000bb17000000,0x000000bb17100000)]
  0x0000027cea8c3470 JavaThread "Service Thread" daemon [_thread_blocked, id=22896, stack(0x000000bb17100000,0x000000bb17200000)]
  0x0000027cea8c3d30 JavaThread "Monitor Deflation Thread" daemon [_thread_blocked, id=504, stack(0x000000bb17200000,0x000000bb17300000)]
  0x0000027cea8cfa00 JavaThread "C2 CompilerThread0" daemon [_thread_blocked, id=35628, stack(0x000000bb17300000,0x000000bb17400000)]
  0x0000027cea8d48c0 JavaThread "C1 CompilerThread0" daemon [_thread_blocked, id=26836, stack(0x000000bb17400000,0x000000bb17500000)]
  0x0000027cea8e5980 JavaThread "Sweeper thread" daemon [_thread_blocked, id=28824, stack(0x000000bb17500000,0x000000bb17600000)]
  0x0000027cea896b80 JavaThread "Common-Cleaner" daemon [_thread_blocked, id=5708, stack(0x000000bb17600000,0x000000bb17700000)]
  0x0000027ceb56be10 JavaThread "Notification Thread" daemon [_thread_blocked, id=15896, stack(0x000000bb17700000,0x000000bb17800000)]
  0x0000027cec7d3d70 JavaThread "Daemon health stats" [_thread_blocked, id=31892, stack(0x000000bb17900000,0x000000bb17a00000)]
  0x0000027ceb946600 JavaThread "Incoming local TCP Connector on port 54353" [_thread_in_native, id=11116, stack(0x000000bb17e00000,0x000000bb17f00000)]
  0x0000027cec1418b0 JavaThread "Daemon periodic checks" [_thread_blocked, id=35784, stack(0x000000bb17f00000,0x000000bb18000000)]
  0x0000027ced421010 JavaThread "Daemon" [_thread_blocked, id=24628, stack(0x000000bb18000000,0x000000bb18100000)]
  0x0000027ceb9acc20 JavaThread "Handler for socket connection from /127.0.0.1:54353 to /127.0.0.1:54354" [_thread_in_native, id=24064, stack(0x000000bb18100000,0x000000bb18200000)]
  0x0000027ceb83d180 JavaThread "Cancel handler" [_thread_blocked, id=26964, stack(0x000000bb18200000,0x000000bb18300000)]
  0x0000027ceb83c310 JavaThread "Daemon worker" [_thread_blocked, id=30392, stack(0x000000bb18300000,0x000000bb18400000)]
  0x0000027ceb83ccb0 JavaThread "Asynchronous log dispatcher for DefaultDaemonConnection: socket connection from /127.0.0.1:54353 to /127.0.0.1:54354" [_thread_blocked, id=16196, stack(0x000000bb18400000,0x000000bb18500000)]
  0x0000027ceb83d650 JavaThread "Stdin handler" [_thread_blocked, id=32912, stack(0x000000bb18500000,0x000000bb18600000)]
  0x0000027ceb83db20 JavaThread "Daemon client event forwarder" [_thread_blocked, id=19484, stack(0x000000bb18600000,0x000000bb18700000)]
  0x0000027ceb83c7e0 JavaThread "Cache worker for journal cache (C:\Users\rajee\.gradle\caches\journal-1)" [_thread_blocked, id=21288, stack(0x000000bb18a00000,0x000000bb18b00000)]
  0x0000027ceb5b0450 JavaThread "File lock request listener" [_thread_in_native, id=20224, stack(0x000000bb18b00000,0x000000bb18c00000)]
  0x0000027ceb5af5e0 JavaThread "Cache worker for file hash cache (C:\Users\rajee\.gradle\caches\8.13\fileHashes)" [_thread_blocked, id=13812, stack(0x000000bb18c00000,0x000000bb18d00000)]
=>0x0000027cec72d2c0 JavaThread "C2 CompilerThread1" daemon [_thread_in_native, id=30052, stack(0x000000bb18d00000,0x000000bb18e00000)]
  0x0000027ceb5b0920 JavaThread "Cache worker for file hash cache (E:\Helper-ji - Copy\helperji-tracker\node_modules\react-native-reanimated\android\.gradle\8.13\fileHashes)" [_thread_blocked, id=23752, stack(0x000000bb18e00000,0x000000bb18f00000)]
  0x0000027ceb5aff80 JavaThread "Cache worker for Build Output Cleanup Cache (E:\Helper-ji - Copy\helperji-tracker\node_modules\react-native-reanimated\android\.gradle\buildOutputCleanup)" [_thread_blocked, id=7492, stack(0x000000bb18f00000,0x000000bb19000000)]
  0x0000027ceb5ae770 JavaThread "File watcher server" daemon [_thread_in_native, id=11688, stack(0x000000bb19100000,0x000000bb19200000)]
  0x0000027ceb5b0df0 JavaThread "File watcher consumer" daemon [_thread_blocked, id=30300, stack(0x000000bb19200000,0x000000bb19300000)]
  0x0000027ceb5addd0 JavaThread "jar transforms" [_thread_blocked, id=21964, stack(0x000000bb19300000,0x000000bb19400000)]
  0x0000027ceb5b12c0 JavaThread "jar transforms Thread 2" [_thread_blocked, id=1772, stack(0x000000bb19400000,0x000000bb19500000)]
  0x0000027ceb5b1c60 JavaThread "jar transforms Thread 3" [_thread_blocked, id=24496, stack(0x000000bb19500000,0x000000bb19600000)]
  0x0000027ceb5ae2a0 JavaThread "jar transforms Thread 4" [_thread_blocked, id=14484, stack(0x000000bb19600000,0x000000bb19700000)]
  0x0000027ceb5b2130 JavaThread "jar transforms Thread 5" [_thread_blocked, id=12304, stack(0x000000bb19700000,0x000000bb19800000)]
  0x0000027ceb5aec40 JavaThread "Cache worker for checksums cache (E:\Helper-ji - Copy\helperji-tracker\node_modules\react-native-reanimated\android\.gradle\8.13\checksums)" [_thread_blocked, id=14928, stack(0x000000bb19800000,0x000000bb19900000)]
  0x0000027ceb5b3470 JavaThread "Cache worker for file content cache (C:\Users\rajee\.gradle\caches\8.13\fileContent)" [_thread_blocked, id=20984, stack(0x000000bb19900000,0x000000bb19a00000)]
  0x0000027ceb5b2fa0 JavaThread "jar transforms Thread 6" [_thread_blocked, id=888, stack(0x000000bb19a00000,0x000000bb19b00000)]
  0x0000027ceb5b3940 JavaThread "jar transforms Thread 7" [_thread_blocked, id=5172, stack(0x000000bb19b00000,0x000000bb19c00000)]
  0x0000027ceb5b42e0 JavaThread "jar transforms Thread 8" [_thread_blocked, id=13152, stack(0x000000bb19c00000,0x000000bb19d00000)]
  0x0000027ceb5b47b0 JavaThread "Cache worker for cache directory md-supplier (C:\Users\rajee\.gradle\caches\8.13\md-supplier)" [_thread_blocked, id=35116, stack(0x000000bb19d00000,0x000000bb19e00000)]
  0x0000027ceb5b4c80 JavaThread "Cache worker for cache directory md-rule (C:\Users\rajee\.gradle\caches\8.13\md-rule)" [_thread_blocked, id=2076, stack(0x000000bb19e00000,0x000000bb19f00000)]
  0x0000027ceb5b5150 JavaThread "Problems report writer" [_thread_blocked, id=13144, stack(0x000000bb19f00000,0x000000bb1a000000)]
  0x0000027ceb5b5620 JavaThread "Unconstrained build operations" [_thread_blocked, id=30076, stack(0x000000bb1a000000,0x000000bb1a100000)]
  0x0000027cf11e4a80 JavaThread "Unconstrained build operations Thread 2" [_thread_blocked, id=20848, stack(0x000000bb1a100000,0x000000bb1a200000)]
  0x0000027cf11e28d0 JavaThread "Unconstrained build operations Thread 3" [_thread_blocked, id=29824, stack(0x000000bb1a200000,0x000000bb1a300000)]
  0x0000027cf11e2400 JavaThread "Unconstrained build operations Thread 4" [_thread_blocked, id=24188, stack(0x000000bb1a300000,0x000000bb1a400000)]
  0x0000027cf11e1f30 JavaThread "Unconstrained build operations Thread 5" [_thread_blocked, id=18992, stack(0x000000bb1a400000,0x000000bb1a500000)]
  0x0000027cf11e1590 JavaThread "Unconstrained build operations Thread 6" [_thread_blocked, id=20528, stack(0x000000bb1a500000,0x000000bb1a600000)]
  0x0000027cf11e1a60 JavaThread "Unconstrained build operations Thread 7" [_thread_blocked, id=18208, stack(0x000000bb1a600000,0x000000bb1a700000)]
  0x0000027cf11e4f50 JavaThread "Unconstrained build operations Thread 8" [_thread_blocked, id=4836, stack(0x000000bb1a700000,0x000000bb1a800000)]
  0x0000027cf11e2da0 JavaThread "Unconstrained build operations Thread 9" [_thread_blocked, id=11556, stack(0x000000bb1a800000,0x000000bb1a900000)]
  0x0000027cf11e3270 JavaThread "Unconstrained build operations Thread 10" [_thread_blocked, id=33308, stack(0x000000bb1a900000,0x000000bb1aa00000)]
  0x0000027cf11e3740 JavaThread "Unconstrained build operations Thread 11" [_thread_blocked, id=17828, stack(0x000000bb1aa00000,0x000000bb1ab00000)]
  0x0000027cf11e3c10 JavaThread "Unconstrained build operations Thread 12" [_thread_blocked, id=3312, stack(0x000000bb1ab00000,0x000000bb1ac00000)]
  0x0000027cf11e40e0 JavaThread "Unconstrained build operations Thread 13" [_thread_blocked, id=25764, stack(0x000000bb1ac00000,0x000000bb1ad00000)]
  0x0000027cf11e45b0 JavaThread "Unconstrained build operations Thread 14" [_thread_blocked, id=17996, stack(0x000000bb1ad00000,0x000000bb1ae00000)]
  0x0000027ceb706630 JavaThread "Unconstrained build operations Thread 15" [_thread_blocked, id=10916, stack(0x000000bb1ae00000,0x000000bb1af00000)]
  0x0000027ceb707970 JavaThread "Unconstrained build operations Thread 16" [_thread_blocked, id=34336, stack(0x000000bb1af00000,0x000000bb1b000000)]
  0x0000027ceb704950 JavaThread "Unconstrained build operations Thread 17" [_thread_blocked, id=12424, stack(0x000000bb1b000000,0x000000bb1b100000)]
  0x0000027ceb705c90 JavaThread "Unconstrained build operations Thread 18" [_thread_blocked, id=2232, stack(0x000000bb1b100000,0x000000bb1b200000)]
  0x0000027ceb706fd0 JavaThread "Unconstrained build operations Thread 19" [_thread_blocked, id=5692, stack(0x000000bb1b200000,0x000000bb1b300000)]
  0x0000027ceb7074a0 JavaThread "Unconstrained build operations Thread 20" [_thread_blocked, id=24456, stack(0x000000bb1b300000,0x000000bb1b400000)]
  0x0000027ceb7057c0 JavaThread "Unconstrained build operations Thread 21" [_thread_blocked, id=30356, stack(0x000000bb1b400000,0x000000bb1b500000)]

Other Threads:
  0x0000027cea8a48d0 VMThread "VM Thread" [stack: 0x000000bb16c00000,0x000000bb16d00000] [id=20420]
  0x0000027cc5b8d950 WatcherThread [stack: 0x000000bb17800000,0x000000bb17900000] [id=30932]
  0x0000027cc5b63d50 GCTaskThread "GC Thread#0" [stack: 0x000000bb16700000,0x000000bb16800000] [id=26416]
  0x0000027ceb8fe2b0 GCTaskThread "GC Thread#1" [stack: 0x000000bb17a00000,0x000000bb17b00000] [id=7864]
  0x0000027ceba3bcd0 GCTaskThread "GC Thread#2" [stack: 0x000000bb17b00000,0x000000bb17c00000] [id=3252]
  0x0000027cebfd1b30 GCTaskThread "GC Thread#3" [stack: 0x000000bb17c00000,0x000000bb17d00000] [id=23876]
  0x0000027cec612cc0 GCTaskThread "GC Thread#4" [stack: 0x000000bb17d00000,0x000000bb17e00000] [id=6848]
  0x0000027ceb6713b0 GCTaskThread "GC Thread#5" [stack: 0x000000bb18700000,0x000000bb18800000] [id=25048]
  0x0000027cec6c8a70 GCTaskThread "GC Thread#6" [stack: 0x000000bb18800000,0x000000bb18900000] [id=25920]
  0x0000027cec6c77a0 GCTaskThread "GC Thread#7" [stack: 0x000000bb18900000,0x000000bb18a00000] [id=9788]
  0x0000027cc5b74d00 ConcurrentGCThread "G1 Main Marker" [stack: 0x000000bb16800000,0x000000bb16900000] [id=32812]
  0x0000027cc5b78050 ConcurrentGCThread "G1 Conc#0" [stack: 0x000000bb16900000,0x000000bb16a00000] [id=34356]
  0x0000027cec6c7a50 ConcurrentGCThread "G1 Conc#1" [stack: 0x000000bb19000000,0x000000bb19100000] [id=22584]
  0x0000027cc5bbe7c0 ConcurrentGCThread "G1 Refine#0" [stack: 0x000000bb16a00000,0x000000bb16b00000] [id=34984]
  0x0000027cf256fb80 ConcurrentGCThread "G1 Refine#1" [stack: 0x000000bb1b500000,0x000000bb1b600000] [id=5744]
  0x0000027cea7630c0 ConcurrentGCThread "G1 Service" [stack: 0x000000bb16b00000,0x000000bb16c00000] [id=30500]

Threads with active compile tasks:
C2 CompilerThread0    27792 8283       4       org.gradle.api.internal.cache.StringInterner::intern (9 bytes)
C1 CompilerThread0    27792 8497       3       org.gradle.internal.classpath.generated.InterceptorDeclaration_ConfigCacheJvmBytecode::visitMethodInsn (4679 bytes)
C2 CompilerThread1    27792 8228       4       org.gradle.internal.serialize.HierarchicalNameSerializer::readName (51 bytes)

VM state: at safepoint (normal execution)

VM Mutex/Monitor currently owned by a thread:  ([mutex/lock_event])
[0x0000027cc5af2b40] Threads_lock - owner thread: 0x0000027cea8a48d0
[0x0000027cc5af4010] Heap_lock - owner thread: 0x0000027ceb706630

Heap address: 0x0000000700000000, size: 4096 MB, Compressed Oops mode: Zero based, Oop shift amount: 3

CDS archive(s) mapped at: [0x0000000800000000-0x0000000800bd0000-0x0000000800bd0000), size 12386304, SharedBaseAddress: 0x0000000800000000, ArchiveRelocationMode: 0.
Compressed class space mapped at: 0x0000000800c00000-0x0000000840c00000, reserved size: 1073741824
Narrow klass base: 0x0000000800000000, Narrow klass shift: 0, Narrow klass range: 0x100000000

GC Precious Log:
 CPUs: 8 total, 8 available
 Memory: 6030M
 Large Page Support: Disabled
 NUMA Support: Disabled
 Compressed Oops: Enabled (Zero based)
 Heap Region Size: 2M
 Heap Min Capacity: 8M
 Heap Initial Capacity: 96M
 Heap Max Capacity: 4G
 Pre-touch: Disabled
 Parallel Workers: 8
 Concurrent Workers: 2
 Concurrent Refinement Workers: 8
 Periodic GC: Disabled

Heap:
 garbage-first heap   total 106496K, used 61690K [0x0000000700000000, 0x0000000800000000)
  region size 2048K, 1 young (2048K), 1 survivors (2048K)
 Metaspace       used 52527K, committed 53120K, reserved 1097728K
  class space    used 7236K, committed 7488K, reserved 1048576K

Heap Regions: E=young(eden), S=young(survivor), O=old, HS=humongous(starts), HC=humongous(continues), CS=collection set, F=free, OA=open archive, CA=closed archive, TAMS=top-at-mark-start (previous, next)
|   0|0x0000000700000000, 0x0000000700200000, 0x0000000700200000|100%|HS|  |TAMS 0x0000000700200000, 0x0000000700200000| Complete 
|   1|0x0000000700200000, 0x0000000700400000, 0x0000000700400000|100%|HC|  |TAMS 0x0000000700400000, 0x0000000700400000| Complete 
|   2|0x0000000700400000, 0x0000000700600000, 0x0000000700600000|100%| O|  |TAMS 0x0000000700600000, 0x0000000700600000| Untracked 
|   3|0x0000000700600000, 0x0000000700800000, 0x0000000700800000|100%| O|  |TAMS 0x0000000700600000, 0x0000000700800000| Untracked 
|   4|0x0000000700800000, 0x0000000700a00000, 0x0000000700a00000|100%| O|  |TAMS 0x0000000700a00000, 0x0000000700a00000| Untracked 
|   5|0x0000000700a00000, 0x0000000700c00000, 0x0000000700c00000|100%| O|  |TAMS 0x0000000700c00000, 0x0000000700c00000| Untracked 
|   6|0x0000000700c00000, 0x0000000700e00000, 0x0000000700e00000|100%| O|  |TAMS 0x0000000700e00000, 0x0000000700e00000| Untracked 
|   7|0x0000000700e00000, 0x0000000701000000, 0x0000000701000000|100%| O|  |TAMS 0x0000000701000000, 0x0000000701000000| Untracked 
|   8|0x0000000701000000, 0x0000000701200000, 0x0000000701200000|100%| O|  |TAMS 0x0000000701200000, 0x0000000701200000| Untracked 
|   9|0x0000000701200000, 0x0000000701400000, 0x0000000701400000|100%| O|  |TAMS 0x0000000701400000, 0x0000000701400000| Untracked 
|  10|0x0000000701400000, 0x0000000701600000, 0x0000000701600000|100%| O|  |TAMS 0x0000000701600000, 0x0000000701600000| Untracked 
|  11|0x0000000701600000, 0x0000000701800000, 0x0000000701800000|100%| O|  |TAMS 0x0000000701800000, 0x0000000701800000| Untracked 
|  12|0x0000000701800000, 0x0000000701a00000, 0x0000000701a00000|100%| O|  |TAMS 0x0000000701a00000, 0x0000000701a00000| Untracked 
|  13|0x0000000701a00000, 0x0000000701c00000, 0x0000000701c00000|100%| O|  |TAMS 0x0000000701c00000, 0x0000000701c00000| Untracked 
|  14|0x0000000701c00000, 0x0000000701e00000, 0x0000000701e00000|100%| O|  |TAMS 0x0000000701e00000, 0x0000000701e00000| Untracked 
|  15|0x0000000701e00000, 0x0000000702000000, 0x0000000702000000|100%| O|  |TAMS 0x0000000702000000, 0x0000000702000000| Untracked 
|  16|0x0000000702000000, 0x0000000702200000, 0x0000000702200000|100%| O|  |TAMS 0x0000000702200000, 0x0000000702200000| Untracked 
|  17|0x0000000702200000, 0x0000000702400000, 0x0000000702400000|100%| O|  |TAMS 0x0000000702400000, 0x0000000702400000| Untracked 
|  18|0x0000000702400000, 0x0000000702600000, 0x0000000702600000|100%| O|  |TAMS 0x0000000702600000, 0x0000000702600000| Untracked 
|  19|0x0000000702600000, 0x0000000702800000, 0x0000000702800000|100%| O|  |TAMS 0x0000000702800000, 0x0000000702800000| Untracked 
|  20|0x0000000702800000, 0x0000000702a00000, 0x0000000702a00000|100%| O|  |TAMS 0x0000000702a00000, 0x0000000702a00000| Untracked 
|  21|0x0000000702a00000, 0x0000000702c00000, 0x0000000702c00000|100%| O|  |TAMS 0x0000000702c00000, 0x0000000702c00000| Untracked 
|  22|0x0000000702c00000, 0x0000000702c00000, 0x0000000702e00000|  0%| F|  |TAMS 0x0000000702c00000, 0x0000000702c00000| Untracked 
|  23|0x0000000702e00000, 0x0000000703000000, 0x0000000703000000|100%| O|  |TAMS 0x0000000703000000, 0x0000000703000000| Untracked 
|  24|0x0000000703000000, 0x0000000703200000, 0x0000000703200000|100%| O|  |TAMS 0x00000007030d2200, 0x0000000703200000| Untracked 
|  25|0x0000000703200000, 0x0000000703400000, 0x0000000703400000|100%| O|  |TAMS 0x0000000703200000, 0x0000000703400000| Untracked 
|  26|0x0000000703400000, 0x0000000703600000, 0x0000000703600000|100%| O|  |TAMS 0x0000000703400000, 0x0000000703600000| Untracked 
|  27|0x0000000703600000, 0x0000000703800000, 0x0000000703800000|100%| O|  |TAMS 0x0000000703600000, 0x0000000703800000| Untracked 
|  28|0x0000000703800000, 0x0000000703a00000, 0x0000000703a00000|100%| O|  |TAMS 0x0000000703800000, 0x0000000703a00000| Untracked 
|  29|0x0000000703a00000, 0x0000000703c00000, 0x0000000703c00000|100%| O|  |TAMS 0x0000000703a00000, 0x0000000703c00000| Untracked 
|  30|0x0000000703c00000, 0x0000000703d76000, 0x0000000703e00000| 73%| O|  |TAMS 0x0000000703c00000, 0x0000000703d76000| Untracked 
|  31|0x0000000703e00000, 0x0000000703e00000, 0x0000000704000000|  0%| F|  |TAMS 0x0000000703e00000, 0x0000000703e00000| Untracked 
|  32|0x0000000704000000, 0x0000000704000000, 0x0000000704200000|  0%| F|  |TAMS 0x0000000704000000, 0x0000000704000000| Untracked 
|  33|0x0000000704200000, 0x0000000704200000, 0x0000000704400000|  0%| F|  |TAMS 0x0000000704200000, 0x0000000704200000| Untracked 
|  34|0x0000000704400000, 0x0000000704400000, 0x0000000704600000|  0%| F|  |TAMS 0x0000000704400000, 0x0000000704400000| Untracked 
|  35|0x0000000704600000, 0x0000000704600000, 0x0000000704800000|  0%| F|  |TAMS 0x0000000704600000, 0x0000000704600000| Untracked 
|  36|0x0000000704800000, 0x0000000704800000, 0x0000000704a00000|  0%| F|  |TAMS 0x0000000704800000, 0x0000000704800000| Untracked 
|  37|0x0000000704a00000, 0x0000000704a00000, 0x0000000704c00000|  0%| F|  |TAMS 0x0000000704a00000, 0x0000000704a00000| Untracked 
|  38|0x0000000704c00000, 0x0000000704c00000, 0x0000000704e00000|  0%| F|  |TAMS 0x0000000704c00000, 0x0000000704c00000| Untracked 
|  39|0x0000000704e00000, 0x0000000704e00000, 0x0000000705000000|  0%| F|  |TAMS 0x0000000704e00000, 0x0000000704e00000| Untracked 
|  40|0x0000000705000000, 0x0000000705000000, 0x0000000705200000|  0%| F|  |TAMS 0x0000000705000000, 0x0000000705000000| Untracked 
|  41|0x0000000705200000, 0x00000007052c8940, 0x0000000705400000| 39%| S|CS|TAMS 0x0000000705200000, 0x0000000705200000| Complete 
|  42|0x0000000705400000, 0x0000000705400000, 0x0000000705600000|  0%| F|  |TAMS 0x0000000705400000, 0x0000000705400000| Untracked 
|  43|0x0000000705600000, 0x0000000705600000, 0x0000000705800000|  0%| F|  |TAMS 0x0000000705600000, 0x0000000705600000| Untracked 
|  44|0x0000000705800000, 0x0000000705800000, 0x0000000705a00000|  0%| F|  |TAMS 0x0000000705800000, 0x0000000705800000| Untracked 
|  45|0x0000000705a00000, 0x0000000705a00000, 0x0000000705c00000|  0%| F|  |TAMS 0x0000000705a00000, 0x0000000705a00000| Untracked 
|  46|0x0000000705c00000, 0x0000000705c00000, 0x0000000705e00000|  0%| F|  |TAMS 0x0000000705c00000, 0x0000000705c00000| Untracked 
|  47|0x0000000705e00000, 0x0000000705e00000, 0x0000000706000000|  0%| F|  |TAMS 0x0000000705e00000, 0x0000000705e00000| Untracked 
|  48|0x0000000706000000, 0x0000000706000000, 0x0000000706200000|  0%| F|  |TAMS 0x0000000706000000, 0x0000000706000000| Untracked 
|  49|0x0000000706200000, 0x0000000706200000, 0x0000000706400000|  0%| F|  |TAMS 0x0000000706200000, 0x0000000706200000| Untracked 
|  50|0x0000000706400000, 0x0000000706400000, 0x0000000706600000|  0%| F|  |TAMS 0x0000000706400000, 0x0000000706400000| Untracked 
|  51|0x0000000706600000, 0x0000000706600000, 0x0000000706800000|  0%| F|  |TAMS 0x0000000706600000, 0x0000000706600000| Untracked 

Card table byte_map: [0x0000027cdee20000,0x0000027cdf620000] _byte_map_base: 0x0000027cdb620000

Marking Bits (Prev, Next): (CMBitMap*) 0x0000027cc5b64270, (CMBitMap*) 0x0000027cc5b642b0
 Prev Bits: [0x0000027cdfe20000, 0x0000027ce3e20000)
 Next Bits: [0x0000027ce3e20000, 0x0000027ce7e20000)

Polling page: 0x0000027cc58c0000

Metaspace:

Usage:
  Non-class:     44.23 MB used.
      Class:      7.07 MB used.
       Both:     51.30 MB used.

Virtual space:
  Non-class space:       48.00 MB reserved,      44.56 MB ( 93%) committed,  6 nodes.
      Class space:        1.00 GB reserved,       7.31 MB ( <1%) committed,  1 nodes.
             Both:        1.05 GB reserved,      51.88 MB (  5%) committed. 

Chunk freelists:
   Non-Class:  3.28 MB
       Class:  656.00 KB
        Both:  3.92 MB

MaxMetaspaceSize: unlimited
CompressedClassSpaceSize: 1.00 GB
Initial GC threshold: 21.00 MB
Current GC threshold: 85.25 MB
CDS: on
MetaspaceReclaimPolicy: balanced
 - commit_granule_bytes: 65536.
 - commit_granule_words: 8192.
 - virtual_space_node_default_size: 1048576.
 - enlarge_chunks_in_place: 1.
 - new_chunks_are_fully_committed: 0.
 - uncommit_free_chunks: 1.
 - use_allocation_guard: 0.
 - handle_deallocations: 1.


Internal statistics:

num_allocs_failed_limit: 6.
num_arena_births: 646.
num_arena_deaths: 0.
num_vsnodes_births: 7.
num_vsnodes_deaths: 0.
num_space_committed: 830.
num_space_uncommitted: 0.
num_chunks_returned_to_freelist: 6.
num_chunks_taken_from_freelist: 2802.
num_chunk_merges: 6.
num_chunk_splits: 1787.
num_chunks_enlarged: 1145.
num_purges: 0.
num_inconsistent_stats: 0.

CodeHeap 'non-profiled nmethods': size=120000Kb used=4146Kb max_used=4146Kb free=115853Kb
 bounds [0x0000027cd6680000, 0x0000027cd6a90000, 0x0000027cddbb0000]
CodeHeap 'profiled nmethods': size=120000Kb used=14566Kb max_used=14566Kb free=105433Kb
 bounds [0x0000027ccebb0000, 0x0000027ccf9f0000, 0x0000027cd60e0000]
CodeHeap 'non-nmethods': size=5760Kb used=2339Kb max_used=2406Kb free=3420Kb
 bounds [0x0000027cd60e0000, 0x0000027cd6350000, 0x0000027cd6680000]
 total_blobs=8424 nmethods=7567 adapters=769
 compilation: enabled
              stopped_count=0, restarted_count=0
 full_count=0

Compilation events (20 events):
Event: 26.658 Thread 0x0000027cea8d48c0 nmethod 8470 0x0000027ccf9e2790 code [0x0000027ccf9e2940, 0x0000027ccf9e2a68]
Event: 26.658 Thread 0x0000027cea8d48c0 8473       2       org.gradle.internal.classpath.intercept.DefaultJvmBytecodeInterceptorFactorySet$1$$Lambda$1227/0x000000080134be00::apply (16 bytes)
Event: 26.658 Thread 0x0000027cea8d48c0 nmethod 8473 0x0000027ccf9e2b10 code [0x0000027ccf9e2cc0, 0x0000027ccf9e2e68]
Event: 26.658 Thread 0x0000027cea8d48c0 8474       2       org.gradle.internal.classpath.intercept.DefaultJvmBytecodeInterceptorFactorySet$1::lambda$getInterceptors$0 (9 bytes)
Event: 26.658 Thread 0x0000027cea8d48c0 nmethod 8474 0x0000027ccf9e2f90 code [0x0000027ccf9e3120, 0x0000027ccf9e3248]
Event: 26.658 Thread 0x0000027cea8d48c0 8475       2       org.objectweb.asm.MethodWriter::visitIntInsn (113 bytes)
Event: 26.659 Thread 0x0000027cea8d48c0 nmethod 8475 0x0000027ccf9e3310 code [0x0000027ccf9e34e0, 0x0000027ccf9e3748]
Event: 26.659 Thread 0x0000027cea8d48c0 8454       2       org.apache.commons.compress.archivers.zip.ZipUtil::supportsEncryptionOf (16 bytes)
Event: 26.660 Thread 0x0000027cea8d48c0 nmethod 8454 0x0000027ccf9e3890 code [0x0000027ccf9e3a20, 0x0000027ccf9e3b38]
Event: 26.660 Thread 0x0000027cea8d48c0 8478       2       org.objectweb.asm.ClassVisitor::visit (50 bytes)
Event: 26.660 Thread 0x0000027cea8d48c0 nmethod 8478 0x0000027ccf9e3c10 code [0x0000027ccf9e3dc0, 0x0000027ccf9e3fd8]
Event: 26.660 Thread 0x0000027cea8d48c0 8486       2       org.objectweb.asm.ClassReader::readField (675 bytes)
Event: 26.664 Thread 0x0000027cea8d48c0 nmethod 8486 0x0000027ccf9e4110 code [0x0000027ccf9e4540, 0x0000027ccf9e5888]
Event: 26.664 Thread 0x0000027cea8d48c0 8493       2       org.apache.commons.compress.archivers.zip.NioZipEncoding::newEncoder (53 bytes)
Event: 26.665 Thread 0x0000027cea8d48c0 nmethod 8493 0x0000027ccf9e6710 code [0x0000027ccf9e6900, 0x0000027ccf9e6cc8]
Event: 26.665 Thread 0x0000027cea8d48c0 8496       3       org.apache.commons.io.FilenameUtils::doNormalize (530 bytes)
Event: 26.668 Thread 0x0000027cea8d48c0 nmethod 8496 0x0000027ccf9e6e10 code [0x0000027ccf9e7180, 0x0000027ccf9e8ac8]
Event: 26.668 Thread 0x0000027cea8d48c0 8498       3       org.gradle.internal.classpath.transforms.InstrumentingBackwardsCompatibilityVisitor$BackwardCompatibilityMethodVisitor::visitMethodInsn (26 bytes)
Event: 26.668 Thread 0x0000027cea8d48c0 nmethod 8498 0x0000027ccf9e9290 code [0x0000027ccf9e9460, 0x0000027ccf9e96e8]
Event: 26.669 Thread 0x0000027cea8d48c0 8497       3       org.gradle.internal.classpath.generated.InterceptorDeclaration_ConfigCacheJvmBytecode::visitMethodInsn (4679 bytes)

GC Heap History (20 events):
Event: 19.131 GC heap after
{Heap after GC invocations=15 (full 0):
 garbage-first heap   total 96256K, used 40750K [0x0000000700000000, 0x0000000800000000)
  region size 2048K, 2 young (4096K), 2 survivors (4096K)
 Metaspace       used 46081K, committed 46720K, reserved 1089536K
  class space    used 6352K, committed 6656K, reserved 1048576K
}
Event: 21.016 GC heap before
{Heap before GC invocations=15 (full 0):
 garbage-first heap   total 96256K, used 75566K [0x0000000700000000, 0x0000000800000000)
  region size 2048K, 19 young (38912K), 2 survivors (4096K)
 Metaspace       used 49158K, committed 49728K, reserved 1097728K
  class space    used 6786K, committed 7040K, reserved 1048576K
}
Event: 21.029 GC heap after
{Heap after GC invocations=16 (full 0):
 garbage-first heap   total 96256K, used 43244K [0x0000000700000000, 0x0000000800000000)
  region size 2048K, 3 young (6144K), 3 survivors (6144K)
 Metaspace       used 49158K, committed 49728K, reserved 1097728K
  class space    used 6786K, committed 7040K, reserved 1048576K
}
Event: 22.889 GC heap before
{Heap before GC invocations=16 (full 0):
 garbage-first heap   total 96256K, used 73964K [0x0000000700000000, 0x0000000800000000)
  region size 2048K, 19 young (38912K), 3 survivors (6144K)
 Metaspace       used 50448K, committed 51072K, reserved 1097728K
  class space    used 6948K, committed 7232K, reserved 1048576K
}
Event: 22.900 GC heap after
{Heap after GC invocations=17 (full 0):
 garbage-first heap   total 96256K, used 46566K [0x0000000700000000, 0x0000000800000000)
  region size 2048K, 3 young (6144K), 3 survivors (6144K)
 Metaspace       used 50448K, committed 51072K, reserved 1097728K
  class space    used 6948K, committed 7232K, reserved 1048576K
}
Event: 23.982 GC heap before
{Heap before GC invocations=17 (full 0):
 garbage-first heap   total 96256K, used 75238K [0x0000000700000000, 0x0000000800000000)
  region size 2048K, 18 young (36864K), 3 survivors (6144K)
 Metaspace       used 50971K, committed 51520K, reserved 1097728K
  class space    used 6988K, committed 7232K, reserved 1048576K
}
Event: 23.990 GC heap after
{Heap after GC invocations=18 (full 0):
 garbage-first heap   total 96256K, used 47735K [0x0000000700000000, 0x0000000800000000)
  region size 2048K, 1 young (2048K), 1 survivors (2048K)
 Metaspace       used 50971K, committed 51520K, reserved 1097728K
  class space    used 6988K, committed 7232K, reserved 1048576K
}
Event: 24.763 GC heap before
{Heap before GC invocations=18 (full 0):
 garbage-first heap   total 96256K, used 76407K [0x0000000700000000, 0x0000000800000000)
  region size 2048K, 15 young (30720K), 1 survivors (2048K)
 Metaspace       used 51096K, committed 51584K, reserved 1097728K
  class space    used 6988K, committed 7232K, reserved 1048576K
}
Event: 24.767 GC heap after
{Heap after GC invocations=19 (full 0):
 garbage-first heap   total 96256K, used 48291K [0x0000000700000000, 0x0000000800000000)
  region size 2048K, 2 young (4096K), 2 survivors (4096K)
 Metaspace       used 51096K, committed 51584K, reserved 1097728K
  class space    used 6988K, committed 7232K, reserved 1048576K
}
Event: 25.603 GC heap before
{Heap before GC invocations=20 (full 0):
 garbage-first heap   total 96256K, used 74915K [0x0000000700000000, 0x0000000800000000)
  region size 2048K, 16 young (32768K), 2 survivors (4096K)
 Metaspace       used 51206K, committed 51776K, reserved 1097728K
  class space    used 7027K, committed 7296K, reserved 1048576K
}
Event: 25.611 GC heap after
{Heap after GC invocations=21 (full 0):
 garbage-first heap   total 96256K, used 49001K [0x0000000700000000, 0x0000000800000000)
  region size 2048K, 2 young (4096K), 2 survivors (4096K)
 Metaspace       used 51206K, committed 51776K, reserved 1097728K
  class space    used 7027K, committed 7296K, reserved 1048576K
}
Event: 25.650 GC heap before
{Heap before GC invocations=21 (full 0):
 garbage-first heap   total 96256K, used 51049K [0x0000000700000000, 0x0000000800000000)
  region size 2048K, 3 young (6144K), 2 survivors (4096K)
 Metaspace       used 51215K, committed 51776K, reserved 1097728K
  class space    used 7030K, committed 7296K, reserved 1048576K
}
Event: 25.662 GC heap after
{Heap after GC invocations=22 (full 0):
 garbage-first heap   total 96256K, used 49031K [0x0000000700000000, 0x0000000800000000)
  region size 2048K, 1 young (2048K), 1 survivors (2048K)
 Metaspace       used 51215K, committed 51776K, reserved 1097728K
  class space    used 7030K, committed 7296K, reserved 1048576K
}
Event: 26.174 GC heap before
{Heap before GC invocations=22 (full 0):
 garbage-first heap   total 96256K, used 75655K [0x0000000700000000, 0x0000000800000000)
  region size 2048K, 15 young (30720K), 1 survivors (2048K)
 Metaspace       used 51645K, committed 52224K, reserved 1097728K
  class space    used 7122K, committed 7424K, reserved 1048576K
}
Event: 26.185 GC heap after
{Heap after GC invocations=23 (full 0):
 garbage-first heap   total 96256K, used 54476K [0x0000000700000000, 0x0000000800000000)
  region size 2048K, 2 young (4096K), 2 survivors (4096K)
 Metaspace       used 51645K, committed 52224K, reserved 1097728K
  class space    used 7122K, committed 7424K, reserved 1048576K
}
Event: 26.436 GC heap before
{Heap before GC invocations=24 (full 0):
 garbage-first heap   total 106496K, used 74956K [0x0000000700000000, 0x0000000800000000)
  region size 2048K, 13 young (26624K), 2 survivors (4096K)
 Metaspace       used 52267K, committed 52864K, reserved 1097728K
  class space    used 7216K, committed 7488K, reserved 1048576K
}
Event: 26.452 GC heap after
{Heap after GC invocations=25 (full 0):
 garbage-first heap   total 106496K, used 61440K [0x0000000700000000, 0x0000000800000000)
  region size 2048K, 2 young (4096K), 2 survivors (4096K)
 Metaspace       used 52267K, committed 52864K, reserved 1097728K
  class space    used 7216K, committed 7488K, reserved 1048576K
}
Event: 26.484 GC heap before
{Heap before GC invocations=25 (full 0):
 garbage-first heap   total 106496K, used 63488K [0x0000000700000000, 0x0000000800000000)
  region size 2048K, 3 young (6144K), 2 survivors (4096K)
 Metaspace       used 52337K, committed 52864K, reserved 1097728K
  class space    used 7228K, committed 7488K, reserved 1048576K
}
Event: 26.498 GC heap after
{Heap after GC invocations=26 (full 0):
 garbage-first heap   total 106496K, used 61576K [0x0000000700000000, 0x0000000800000000)
  region size 2048K, 1 young (2048K), 1 survivors (2048K)
 Metaspace       used 52337K, committed 52864K, reserved 1097728K
  class space    used 7228K, committed 7488K, reserved 1048576K
}
Event: 26.764 GC heap before
{Heap before GC invocations=26 (full 0):
 garbage-first heap   total 106496K, used 80008K [0x0000000700000000, 0x0000000800000000)
  region size 2048K, 10 young (20480K), 1 survivors (2048K)
 Metaspace       used 52527K, committed 53120K, reserved 1097728K
  class space    used 7236K, committed 7488K, reserved 1048576K
}

Deoptimization events (20 events):
Event: 26.505 Thread 0x0000027ceb704950 DEOPT PACKING pc=0x0000027cd695631c sp=0x000000bb1b0fa8d0
Event: 26.505 Thread 0x0000027ceb704950 DEOPT UNPACKING pc=0x0000027cd61323a3 sp=0x000000bb1b0fa7f8 mode 2
Event: 26.505 Thread 0x0000027ceb704950 Uncommon trap: trap_request=0xffffff45 fr.pc=0x0000027cd6725224 relative=0x0000000000000d84
Event: 26.505 Thread 0x0000027ceb704950 Uncommon trap: reason=unstable_if action=reinterpret pc=0x0000027cd6725224 method=org.objectweb.asm.ByteVector.putUTF8(Ljava/lang/String;)Lorg/objectweb/asm/ByteVector; @ 100 c2
Event: 26.505 Thread 0x0000027ceb704950 DEOPT PACKING pc=0x0000027cd6725224 sp=0x000000bb1b0fa610
Event: 26.505 Thread 0x0000027ceb704950 DEOPT UNPACKING pc=0x0000027cd61323a3 sp=0x000000bb1b0fa558 mode 2
Event: 26.507 Thread 0x0000027ceb704950 Uncommon trap: trap_request=0xffffff45 fr.pc=0x0000027cd694e0cc relative=0x000000000000058c
Event: 26.507 Thread 0x0000027ceb704950 Uncommon trap: reason=unstable_if action=reinterpret pc=0x0000027cd694e0cc method=org.objectweb.asm.ClassReader.readUtf(II[C)Ljava/lang/String; @ 41 c2
Event: 26.507 Thread 0x0000027ceb704950 DEOPT PACKING pc=0x0000027cd694e0cc sp=0x000000bb1b0fa820
Event: 26.508 Thread 0x0000027ceb704950 DEOPT UNPACKING pc=0x0000027cd61323a3 sp=0x000000bb1b0fa7e8 mode 2
Event: 26.508 Thread 0x0000027ceb704950 Uncommon trap: trap_request=0xffffff3d fr.pc=0x0000027cd6827164 relative=0x0000000000000224
Event: 26.508 Thread 0x0000027ceb704950 Uncommon trap: reason=unstable_fused_if action=reinterpret pc=0x0000027cd6827164 method=org.objectweb.asm.ByteVector.putUTF8(Ljava/lang/String;)Lorg/objectweb/asm/ByteVector; @ 93 c2
Event: 26.508 Thread 0x0000027ceb704950 DEOPT PACKING pc=0x0000027cd6827164 sp=0x000000bb1b0fa5b0
Event: 26.508 Thread 0x0000027ceb704950 DEOPT UNPACKING pc=0x0000027cd61323a3 sp=0x000000bb1b0fa540 mode 2
Event: 26.569 Thread 0x0000027ceb7074a0 Uncommon trap: trap_request=0xffffff45 fr.pc=0x0000027cd68a3664 relative=0x0000000000000064
Event: 26.569 Thread 0x0000027ceb7074a0 Uncommon trap: reason=unstable_if action=reinterpret pc=0x0000027cd68a3664 method=java.util.zip.ZipFile$ZipEntryIterator.hasNext()Z @ 8 c2
Event: 26.569 Thread 0x0000027ceb7074a0 DEOPT PACKING pc=0x0000027cd68a3664 sp=0x000000bb1b3fb1f0
Event: 26.569 Thread 0x0000027ceb7074a0 DEOPT UNPACKING pc=0x0000027cd61323a3 sp=0x000000bb1b3fb128 mode 2
Event: 26.665 Thread 0x0000027ceb7074a0 DEOPT PACKING pc=0x0000027ccf7ee3a3 sp=0x000000bb1b3fb490
Event: 26.665 Thread 0x0000027ceb7074a0 DEOPT UNPACKING pc=0x0000027cd6132b43 sp=0x000000bb1b3fa9e0 mode 0

Classes unloaded (0 events):
No events

Classes redefined (0 events):
No events

Internal exceptions (20 events):
Event: 23.389 Thread 0x0000027ceb83c310 Exception <a 'java/lang/NoSuchMethodError'{0x00000007050a26e8}: 'java.lang.Object java.lang.invoke.DirectMethodHandle$Holder.invokeSpecialIFC(java.lang.Object, java.lang.Object, java.lang.Object)'> (0x00000007050a26e8) 
thrown [s\open\src\hotspot\share\interpreter\linkResolver.cpp, line 759]
Event: 23.623 Thread 0x0000027ceb707970 Exception <a 'java/io/FileNotFoundException'{0x0000000704cc9688}> (0x0000000704cc9688) 
thrown [s\open\src\hotspot\share\prims\jni.cpp, line 516]
Event: 23.740 Thread 0x0000027ceb83db20 Exception <a 'java/lang/NoSuchMethodError'{0x0000000704bbfa58}: static Lorg/gradle/internal/build/event/types/DefaultFailureResult;.<clinit>()V> (0x0000000704bbfa58) 
thrown [s\open\src\hotspot\share\prims\jni.cpp, line 1107]
Event: 23.753 Thread 0x0000027ceb83db20 Exception <a 'java/lang/NoSuchMethodError'{0x0000000704808d08}: static Lorg/gradle/internal/build/event/types/DefaultFailure;.<clinit>()V> (0x0000000704808d08) 
thrown [s\open\src\hotspot\share\prims\jni.cpp, line 1107]
Event: 23.905 Thread 0x0000027ceb83db20 Implicit null exception at 0x0000027cd66a8d5d to 0x0000027cd66a8ee4
Event: 24.340 Thread 0x0000027ceb704950 Implicit null exception at 0x0000027cd6a07587 to 0x0000027cd6a07c58
Event: 24.560 Thread 0x0000027ceb83c310 Exception <a 'java/io/FileNotFoundException'{0x0000000704f7bda8}> (0x0000000704f7bda8) 
thrown [s\open\src\hotspot\share\prims\jni.cpp, line 516]
Event: 24.665 Thread 0x0000027ceb7074a0 Exception <a 'java/io/FileNotFoundException'{0x00000007048f2170}> (0x00000007048f2170) 
thrown [s\open\src\hotspot\share\prims\jni.cpp, line 516]
Event: 24.707 Thread 0x0000027ceb706630 Exception <a 'java/io/FileNotFoundException'{0x00000007044c04f0}> (0x00000007044c04f0) 
thrown [s\open\src\hotspot\share\prims\jni.cpp, line 516]
Event: 25.344 Thread 0x0000027ceb83c310 Exception <a 'java/lang/IncompatibleClassChangeError'{0x0000000704d3ee90}: Found class java.lang.Object, but interface was expected> (0x0000000704d3ee90) 
thrown [s\open\src\hotspot\share\interpreter\linkResolver.cpp, line 826]
Event: 25.489 Thread 0x0000027ceb7074a0 Exception <a 'java/io/FileNotFoundException'{0x00000007046acde8}> (0x00000007046acde8) 
thrown [s\open\src\hotspot\share\prims\jni.cpp, line 516]
Event: 25.753 Thread 0x0000027ceb83c310 Exception <a 'java/lang/NoSuchMethodError'{0x0000000705913e90}: 'void java.lang.invoke.DirectMethodHandle$Holder.invokeVirtual(java.lang.Object, java.lang.Object)'> (0x0000000705913e90) 
thrown [s\open\src\hotspot\share\interpreter\linkResolver.cpp, line 759]
Event: 25.994 Thread 0x0000027ceb706630 Exception <a 'java/io/FileNotFoundException'{0x0000000705075508}> (0x0000000705075508) 
thrown [s\open\src\hotspot\share\prims\jni.cpp, line 516]
Event: 26.108 Thread 0x0000027ceb83c310 Exception <a 'java/lang/NoSuchMethodError'{0x0000000704aec8c0}: 'void java.lang.invoke.DirectMethodHandle$Holder.invokeStaticInit(java.lang.Object, java.lang.Object, java.lang.Object, java.lang.Object, java.lang.Object, java.lang.Object, java.lang.Object, int)'> (0x0000000704aec8c0) 
thrown [s\open\src\hotspot\share\interpreter\linkResolver.cpp, line 759]
Event: 26.266 Thread 0x0000027ceb7074a0 Exception <a 'java/lang/NoSuchMethodError'{0x00000007058c4798}: 'void java.lang.invoke.DirectMethodHandle$Holder.invokeInterface(java.lang.Object, java.lang.Object, java.lang.Object, java.lang.Object)'> (0x00000007058c4798) 
thrown [s\open\src\hotspot\share\interpreter\linkResolver.cpp, line 759]
Event: 26.268 Thread 0x0000027ceb7074a0 Exception <a 'sun/nio/fs/WindowsException'{0x00000007058e5b20}> (0x00000007058e5b20) 
thrown [s\open\src\hotspot\share\prims\jni.cpp, line 516]
Event: 26.269 Thread 0x0000027ceb704950 Exception <a 'sun/nio/fs/WindowsException'{0x000000070585f068}> (0x000000070585f068) 
thrown [s\open\src\hotspot\share\prims\jni.cpp, line 516]
Event: 26.269 Thread 0x0000027ceb705c90 Exception <a 'sun/nio/fs/WindowsException'{0x00000007058594b0}> (0x00000007058594b0) 
thrown [s\open\src\hotspot\share\prims\jni.cpp, line 516]
Event: 26.286 Thread 0x0000027ceb83c310 Exception <a 'sun/nio/fs/WindowsException'{0x000000070583be50}> (0x000000070583be50) 
thrown [s\open\src\hotspot\share\prims\jni.cpp, line 516]
Event: 26.288 Thread 0x0000027ceb706fd0 Exception <a 'sun/nio/fs/WindowsException'{0x0000000705900320}> (0x0000000705900320) 
thrown [s\open\src\hotspot\share\prims\jni.cpp, line 516]

VM Operations (20 events):
Event: 25.663 Executing VM operation: G1CollectForAllocation done
Event: 25.832 Executing VM operation: HandshakeAllThreads
Event: 25.833 Executing VM operation: HandshakeAllThreads done
Event: 26.007 Executing VM operation: HandshakeAllThreads
Event: 26.021 Executing VM operation: HandshakeAllThreads done
Event: 26.173 Executing VM operation: G1CollectForAllocation
Event: 26.185 Executing VM operation: G1CollectForAllocation done
Event: 26.292 Executing VM operation: G1Concurrent
Event: 26.297 Executing VM operation: G1Concurrent done
Event: 26.334 Executing VM operation: G1Concurrent
Event: 26.335 Executing VM operation: G1Concurrent done
Event: 26.400 Executing VM operation: HandshakeAllThreads
Event: 26.400 Executing VM operation: HandshakeAllThreads done
Event: 26.436 Executing VM operation: G1CollectForAllocation
Event: 26.452 Executing VM operation: G1CollectForAllocation done
Event: 26.484 Executing VM operation: G1CollectForAllocation
Event: 26.484 Executing VM operation: G1CollectForAllocation done
Event: 26.484 Executing VM operation: G1CollectForAllocation
Event: 26.498 Executing VM operation: G1CollectForAllocation done
Event: 26.764 Executing VM operation: G1CollectForAllocation

Events (20 events):
Event: 24.856 loading class jdk/internal/access/foreign/MemorySegmentProxy
Event: 24.916 loading class jdk/internal/access/foreign/MemorySegmentProxy done
Event: 25.991 loading class java/nio/channels/Channels$1
Event: 25.992 loading class java/nio/channels/Channels$1 done
Event: 26.067 loading class java/nio/file/StandardCopyOption
Event: 26.068 loading class java/nio/file/StandardCopyOption done
Event: 26.068 loading class sun/nio/fs/WindowsFileCopy
Event: 26.069 loading class sun/nio/fs/WindowsFileCopy done
Event: 26.313 loading class java/nio/charset/UnsupportedCharsetException
Event: 26.313 loading class java/nio/charset/UnsupportedCharsetException done
Event: 26.318 loading class java/util/Collections$UnmodifiableSortedMap
Event: 26.319 loading class java/util/Collections$UnmodifiableSortedMap done
Event: 26.325 loading class java/util/zip/Deflater
Event: 26.327 loading class java/util/zip/Deflater done
Event: 26.330 loading class java/util/zip/Deflater$DeflaterZStreamRef
Event: 26.331 loading class java/util/zip/Deflater$DeflaterZStreamRef done
Event: 26.363 loading class java/util/zip/ZipInputStream
Event: 26.364 loading class java/util/zip/ZipInputStream done
Event: 26.468 loading class java/nio/StringCharBuffer
Event: 26.468 loading class java/nio/StringCharBuffer done


Dynamic libraries:
0x00007ff65f070000 - 0x00007ff65f080000 	C:\Program Files\Java\jdk-17\bin\java.exe
0x00007ff93fba0000 - 0x00007ff93fe09000 	C:\WINDOWS\SYSTEM32\ntdll.dll
0x00007ff93e770000 - 0x00007ff93e839000 	C:\WINDOWS\System32\KERNEL32.DLL
0x00007ff93d270000 - 0x00007ff93d663000 	C:\WINDOWS\System32\KERNELBASE.dll
0x00007ff93d7f0000 - 0x00007ff93d93b000 	C:\WINDOWS\System32\ucrtbase.dll
0x00007ff930df0000 - 0x00007ff930e0b000 	C:\Program Files\Java\jdk-17\bin\VCRUNTIME140.dll
0x00007ff9305a0000 - 0x00007ff9305b8000 	C:\Program Files\Java\jdk-17\bin\jli.dll
0x00007ff93e450000 - 0x00007ff93e504000 	C:\WINDOWS\System32\ADVAPI32.dll
0x00007ff93ebe0000 - 0x00007ff93ec89000 	C:\WINDOWS\System32\msvcrt.dll
0x00007ff93d970000 - 0x00007ff93da16000 	C:\WINDOWS\System32\sechost.dll
0x00007ff93e5b0000 - 0x00007ff93e6c8000 	C:\WINDOWS\System32\RPCRT4.dll
0x00007ff93db30000 - 0x00007ff93dcf4000 	C:\WINDOWS\System32\USER32.dll
0x00007ff92de10000 - 0x00007ff92e0a3000 	C:\WINDOWS\WinSxS\amd64_microsoft.windows.common-controls_6595b64144ccf1df_6.0.26100.5074_none_3e0d6f78e32fd63f\COMCTL32.dll
0x00007ff93d940000 - 0x00007ff93d967000 	C:\WINDOWS\System32\win32u.dll
0x00007ff93e8c0000 - 0x00007ff93e8eb000 	C:\WINDOWS\System32\GDI32.dll
0x00007ff93cfd0000 - 0x00007ff93d0fd000 	C:\WINDOWS\System32\gdi32full.dll
0x00007ff93cf20000 - 0x00007ff93cfc3000 	C:\WINDOWS\System32\msvcp_win.dll
0x00007ff936f50000 - 0x00007ff936f5b000 	C:\WINDOWS\SYSTEM32\VERSION.dll
0x00007ff93e8f0000 - 0x00007ff93e91f000 	C:\WINDOWS\System32\IMM32.DLL
0x00007ff9296c0000 - 0x00007ff9296cc000 	C:\Program Files\Java\jdk-17\bin\vcruntime140_1.dll
0x00007ff8f38a0000 - 0x00007ff8f392e000 	C:\Program Files\Java\jdk-17\bin\msvcp140.dll
0x00007ff8b8050000 - 0x00007ff8b8c27000 	C:\Program Files\Java\jdk-17\bin\server\jvm.dll
0x00007ff93e760000 - 0x00007ff93e768000 	C:\WINDOWS\System32\PSAPI.DLL
0x00007ff930e40000 - 0x00007ff930e4a000 	C:\WINDOWS\SYSTEM32\WSOCK32.dll
0x00007ff936af0000 - 0x00007ff936b25000 	C:\WINDOWS\SYSTEM32\WINMM.dll
0x00007ff93e510000 - 0x00007ff93e584000 	C:\WINDOWS\System32\WS2_32.dll
0x00007ff93bb10000 - 0x00007ff93bb2b000 	C:\WINDOWS\SYSTEM32\kernel.appcore.dll
0x00007ff9296b0000 - 0x00007ff9296ba000 	C:\Program Files\Java\jdk-17\bin\jimage.dll
0x00007ff932db0000 - 0x00007ff932ff2000 	C:\WINDOWS\SYSTEM32\DBGHELP.DLL
0x00007ff93f320000 - 0x00007ff93f69b000 	C:\WINDOWS\System32\combase.dll
0x00007ff93eaf0000 - 0x00007ff93ebc7000 	C:\WINDOWS\System32\OLEAUT32.dll
0x00007ff92c670000 - 0x00007ff92c6ad000 	C:\WINDOWS\SYSTEM32\dbgcore.DLL
0x00007ff93ce80000 - 0x00007ff93cf19000 	C:\WINDOWS\System32\bcryptPrimitives.dll
0x00007ff929640000 - 0x00007ff92964e000 	C:\Program Files\Java\jdk-17\bin\instrument.dll
0x00007ff90f6b0000 - 0x00007ff90f6d5000 	C:\Program Files\Java\jdk-17\bin\java.dll
0x00007ff8ee8d0000 - 0x00007ff8ee9a7000 	C:\Program Files\Java\jdk-17\bin\jsvml.dll
0x00007ff93dd00000 - 0x00007ff93e44d000 	C:\WINDOWS\System32\SHELL32.dll
0x00007ff93d100000 - 0x00007ff93d26c000 	C:\WINDOWS\System32\wintypes.dll
0x00007ff93a9d0000 - 0x00007ff93b229000 	C:\WINDOWS\SYSTEM32\windows.storage.dll
0x00007ff93ee20000 - 0x00007ff93ef10000 	C:\WINDOWS\System32\SHCORE.dll
0x00007ff93f2b0000 - 0x00007ff93f312000 	C:\WINDOWS\System32\shlwapi.dll
0x00007ff93cc50000 - 0x00007ff93cc79000 	C:\WINDOWS\SYSTEM32\profapi.dll
0x00007ff925460000 - 0x00007ff925478000 	C:\Program Files\Java\jdk-17\bin\zip.dll
0x00007ff924530000 - 0x00007ff924549000 	C:\Program Files\Java\jdk-17\bin\net.dll
0x00007ff933f30000 - 0x00007ff93404f000 	C:\WINDOWS\SYSTEM32\WINHTTP.dll
0x00007ff93c090000 - 0x00007ff93c0fb000 	C:\WINDOWS\system32\mswsock.dll
0x00007ff922600000 - 0x00007ff922616000 	C:\Program Files\Java\jdk-17\bin\nio.dll
0x00007ff929630000 - 0x00007ff929640000 	C:\Program Files\Java\jdk-17\bin\verify.dll
0x00007ff929780000 - 0x00007ff9297a7000 	C:\Users\rajee\.gradle\native\1def1411415f61bf3af743bc5b6707747c0891f09f0c88961ee8f79bc544acac\windows-amd64\native-platform.dll
0x00007ff8fc480000 - 0x00007ff8fc4f8000 	C:\Users\rajee\.gradle\native\0.2.7\x86_64-windows-gnu\gradle-fileevents.dll
0x00007ff929580000 - 0x00007ff92958a000 	C:\Program Files\Java\jdk-17\bin\management.dll
0x00007ff929490000 - 0x00007ff92949b000 	C:\Program Files\Java\jdk-17\bin\management_ext.dll
0x00007ff93b580000 - 0x00007ff93b5b4000 	C:\WINDOWS\SYSTEM32\IPHLPAPI.DLL
0x00007ff93ec90000 - 0x00007ff93ec9a000 	C:\WINDOWS\System32\NSI.dll
0x00007ff934190000 - 0x00007ff9341ae000 	C:\WINDOWS\SYSTEM32\dhcpcsvc6.DLL
0x00007ff933a80000 - 0x00007ff933aa3000 	C:\WINDOWS\SYSTEM32\dhcpcsvc.DLL
0x00007ff93b620000 - 0x00007ff93b746000 	C:\WINDOWS\SYSTEM32\DNSAPI.dll
0x00007ff93c330000 - 0x00007ff93c34b000 	C:\WINDOWS\SYSTEM32\CRYPTSP.dll
0x00007ff93ba70000 - 0x00007ff93baab000 	C:\WINDOWS\system32\rsaenh.dll
0x00007ff93c130000 - 0x00007ff93c15b000 	C:\WINDOWS\SYSTEM32\USERENV.dll
0x00007ff93cc20000 - 0x00007ff93cc46000 	C:\WINDOWS\SYSTEM32\bcrypt.dll
0x00007ff93c350000 - 0x00007ff93c35c000 	C:\WINDOWS\SYSTEM32\CRYPTBASE.dll
0x00007ff9272a0000 - 0x00007ff9272ad000 	C:\Program Files\Java\jdk-17\bin\sunmscapi.dll
0x00007ff93d670000 - 0x00007ff93d7e7000 	C:\WINDOWS\System32\CRYPT32.dll
0x00007ff93c550000 - 0x00007ff93c580000 	C:\WINDOWS\SYSTEM32\ncrypt.dll
0x00007ff93c500000 - 0x00007ff93c53f000 	C:\WINDOWS\SYSTEM32\NTASN1.dll
0x00007ff8deb80000 - 0x00007ff8deb88000 	C:\WINDOWS\system32\wshunix.dll

dbghelp: loaded successfully - version: 4.0.5 - missing functions: none
symbol engine: initialized successfully - sym options: 0x614 - pdb path: .;C:\Program Files\Java\jdk-17\bin;C:\WINDOWS\SYSTEM32;C:\WINDOWS\WinSxS\amd64_microsoft.windows.common-controls_6595b64144ccf1df_6.0.26100.5074_none_3e0d6f78e32fd63f;C:\Program Files\Java\jdk-17\bin\server;C:\Users\rajee\.gradle\native\1def1411415f61bf3af743bc5b6707747c0891f09f0c88961ee8f79bc544acac\windows-amd64;C:\Users\rajee\.gradle\native\0.2.7\x86_64-windows-gnu

VM Arguments:
jvm_args: --add-opens=java.base/java.lang=ALL-UNNAMED --add-opens=java.base/java.lang.invoke=ALL-UNNAMED --add-opens=java.base/java.util=ALL-UNNAMED --add-opens=java.prefs/java.util.prefs=ALL-UNNAMED --add-exports=jdk.compiler/com.sun.tools.javac.api=ALL-UNNAMED --add-exports=jdk.compiler/com.sun.tools.javac.util=ALL-UNNAMED --add-opens=java.base/java.util=ALL-UNNAMED --add-opens=java.prefs/java.util.prefs=ALL-UNNAMED --add-opens=java.base/java.nio.charset=ALL-UNNAMED --add-opens=java.base/java.net=ALL-UNNAMED --add-opens=java.base/java.util.concurrent.atomic=ALL-UNNAMED --add-opens=java.xml/javax.xml.namespace=ALL-UNNAMED -XX:+HeapDumpOnOutOfMemoryError --add-exports=jdk.compiler/com.sun.tools.javac.api=ALL-UNNAMED --add-exports=jdk.compiler/com.sun.tools.javac.file=ALL-UNNAMED --add-exports=jdk.compiler/com.sun.tools.javac.parser=ALL-UNNAMED --add-exports=jdk.compiler/com.sun.tools.javac.tree=ALL-UNNAMED --add-exports=jdk.compiler/com.sun.tools.javac.util=ALL-UNNAMED -Xmx2048m -Dfile.encoding=UTF-8A -Duser.country=IN -Duser.language=en -Duser.variant -javaagent:C:\Users\rajee\.gradle\wrapper\dists\gradle-8.13-bin\5xuhj0ry160q40clulazy9h7d\gradle-8.13\lib\agents\gradle-instrumentation-agent-8.13.jar -Xmx4g 
java_command: org.gradle.launcher.daemon.bootstrap.GradleDaemon 8.13
java_class_path (initial): C:\Users\rajee\.gradle\wrapper\dists\gradle-8.13-bin\5xuhj0ry160q40clulazy9h7d\gradle-8.13\lib\gradle-daemon-main-8.13.jar
Launcher Type: SUN_STANDARD

[Global flags]
     intx CICompilerCount                          = 4                                         {product} {ergonomic}
     uint ConcGCThreads                            = 2                                         {product} {ergonomic}
     uint G1ConcRefinementThreads                  = 8                                         {product} {ergonomic}
   size_t G1HeapRegionSize                         = 2097152                                   {product} {ergonomic}
    uintx GCDrainStackTargetSize                   = 64                                        {product} {ergonomic}
     bool HeapDumpOnOutOfMemoryError               = true                                   {manageable} {command line}
   size_t InitialHeapSize                          = 100663296                                 {product} {ergonomic}
   size_t MarkStackSize                            = 4194304                                   {product} {ergonomic}
   size_t MaxHeapSize                              = 4294967296                                {product} {command line}
   size_t MaxNewSize                               = 2575302656                                {product} {ergonomic}
   size_t MinHeapDeltaBytes                        = 2097152                                   {product} {ergonomic}
   size_t MinHeapSize                              = 8388608                                   {product} {ergonomic}
    uintx NonNMethodCodeHeapSize                   = 5839372                                {pd product} {ergonomic}
    uintx NonProfiledCodeHeapSize                  = 122909434                              {pd product} {ergonomic}
    uintx ProfiledCodeHeapSize                     = 122909434                              {pd product} {ergonomic}
    uintx ReservedCodeCacheSize                    = 251658240                              {pd product} {ergonomic}
     bool SegmentedCodeCache                       = true                                      {product} {ergonomic}
   size_t SoftMaxHeapSize                          = 4294967296                             {manageable} {ergonomic}
     bool UseCompressedClassPointers               = true                           {product lp64_product} {ergonomic}
     bool UseCompressedOops                        = true                           {product lp64_product} {ergonomic}
     bool UseG1GC                                  = true                                      {product} {ergonomic}
     bool UseLargePagesIndividualAllocation        = false                                  {pd product} {ergonomic}

Logging:
Log output configuration:
 #0: stdout all=warning uptime,level,tags
 #1: stderr all=off uptime,level,tags

Environment Variables:
JAVA_HOME=C:\Program Files\Java\jdk-17
_JAVA_OPTIONS=-Xmx4g
PATH=C:\Program Files (x86)\Common Files\Oracle\Java\javapath;C:\Program Files\Common Files\Oracle\Java\javapath;C:\WINDOWS\system32;C:\WINDOWS;C:\WINDOWS\System32\Wbem;C:\WINDOWS\System32\WindowsPowerShell\v1.0\;C:\WINDOWS\System32\OpenSSH\;C:\Program Files\dotnet\;C:\Program Files\Git\cmd;C:\Android;C:\Windows\System32;C:\Program Files\nodejs\;C:\Users\rajee\AppData\Local\Microsoft\WindowsApps;C:\MinGW\bin;C:\Users\rajee\AppData\Local\Programs\Microsoft VS Code\bin;C:\Program Files\JetBrains\IntelliJ IDEA Community Edition 2022.3.1\bin;;C:\Program Files\JetBrains\PyCharm Community Edition 2023.1\bin;;C:\Users\rajee\AppData\Local\Microsoft\WinGet\Packages\Schniz.fnm_Microsoft.Winget.Source_8wekyb3d8bbwe;C:\Program Files\MongoDB\Server\7.0\bin;C:\Users\rajee\AppData\Local\Programs\mongosh\;C:\Users\rajee\AppData\Local\Muse Hub\lib;C:\Users\rajee\AppData\Roaming\npm
USERNAME=rajee
OS=Windows_NT
PROCESSOR_IDENTIFIER=AMD64 Family 23 Model 24 Stepping 1, AuthenticAMD



---------------  S Y S T E M  ---------------

OS:
 Windows 11 , 64 bit Build 26100 (10.0.26100.5074)
OS uptime: 13 days 19:20 hours

CPU: total 8 (initial active 8) (8 cores per cpu, 2 threads per core) family 23 model 24 stepping 1 microcode 0x810810d, cx8, cmov, fxsr, ht, mmx, 3dnowpref, sse, sse2, sse3, ssse3, sse4a, sse4.1, sse4.2, popcnt, lzcnt, tsc, tscinvbit, avx, avx2, aes, clmul, bmi1, bmi2, adx, sha, fma, vzeroupper, clflush, clflushopt

Memory: 4k page, system-wide physical 6030M (486M free)
TotalPageFile size 24462M (AvailPageFile size 2M)
current process WorkingSet (physical memory assigned to process): 288M, peak: 289M
current process commit charge ("private bytes"): 472M, peak: 472M

vm_info: Java HotSpot(TM) 64-Bit Server VM (17.0.6+9-LTS-190) for windows-amd64 JRE (17.0.6+9-LTS-190), built on Dec  6 2022 15:53:54 by "mach5one" with MS VC++ 17.1 (VS2022)

END.
