#
# There is insufficient memory for the Java Runtime Environment to continue.
# Native memory allocation (malloc) failed to allocate 1119376 bytes for Chunk::new
# Possible reasons:
#   The system is out of physical RAM or swap space
#   The process is running with CompressedOops enabled, and the Java Heap may be blocking the growth of the native heap
# Possible solutions:
#   Reduce memory load on the system
#   Increase physical memory or swap space
#   Check if swap backing store is full
#   Decrease Java heap size (-Xmx/-Xms)
#   Decrease number of Java threads
#   Decrease Java thread stack sizes (-Xss)
#   Set larger code cache with -XX:ReservedCodeCacheSize=
#   JVM is running with Zero Based Compressed Oops mode in which the Java heap is
#     placed in the first 32GB address space. The Java Heap base address is the
#     maximum limit for the native heap growth. Please use -XX:HeapBaseMinAddress
#     to set the Java Heap base and to place the Java Heap above 32GB virtual address.
# This output file may be truncated or incomplete.
#
#  Out of Memory Error (arena.cpp:189), pid=10612, tid=23144
#
# JRE version: Java(TM) SE Runtime Environment (17.0.6+9) (build 17.0.6+9-LTS-190)
# Java VM: Java HotSpot(TM) 64-Bit Server VM (17.0.6+9-LTS-190, mixed mode, sharing, tiered, compressed oops, compressed class ptrs, g1 gc, windows-amd64)
# No core dump will be written. Minidumps are not enabled by default on client versions of Windows
#

---------------  S U M M A R Y ------------

Command Line: --add-opens=java.base/java.util=ALL-UNNAMED --add-opens=java.base/java.lang=ALL-UNNAMED --add-opens=java.base/java.lang.invoke=ALL-UNNAMED --add-opens=java.prefs/java.util.prefs=ALL-UNNAMED --add-exports=jdk.compiler/com.sun.tools.javac.api=ALL-UNNAMED --add-exports=jdk.compiler/com.sun.tools.javac.util=ALL-UNNAMED --add-opens=java.base/java.nio.charset=ALL-UNNAMED --add-opens=java.base/java.net=ALL-UNNAMED --add-opens=java.base/java.util.concurrent.atomic=ALL-UNNAMED -XX:MaxMetaspaceSize=384m -XX:+HeapDumpOnOutOfMemoryError -Xms256m -Xmx512m -Dfile.encoding=utf8 -Duser.country=IN -Duser.language=en -Duser.variant -javaagent:C:\Users\rajee\.gradle\wrapper\dists\gradle-8.9-bin\90cnw93cvbtalezasaz0blq0a\gradle-8.9\lib\agents\gradle-instrumentation-agent-8.9.jar -Xmx4g org.gradle.launcher.daemon.bootstrap.GradleDaemon 8.9

Host: AMD Ryzen 5 3450U with Radeon Vega Mobile Gfx  , 8 cores, 5G,  Windows 11 , 64 bit Build 26100 (10.0.26100.5074)
Time: Thu Sep 25 12:08:12 2025 India Standard Time elapsed time: 887.834538 seconds (0d 0h 14m 47s)

---------------  T H R E A D  ---------------

Current thread (0x0000025c887c8b60):  JavaThread "C2 CompilerThread1" daemon [_thread_in_native, id=23144, stack(0x000000b8ab800000,0x000000b8ab900000)]


Current CompileTask:
C2: 887835 23127       4       org.gradle.api.internal.artifacts.ivyservice.resolveengine.graph.builder.NodeState::isExcluded (95 bytes)

Stack: [0x000000b8ab800000,0x000000b8ab900000]
Native frames: (J=compiled Java code, j=interpreted, Vv=VM code, C=native code)
V  [jvm.dll+0x6734ea]
V  [jvm.dll+0x7d18f4]
V  [jvm.dll+0x7d309e]
V  [jvm.dll+0x7d3703]
V  [jvm.dll+0x2433c5]
V  [jvm.dll+0xaa46b]
V  [jvm.dll+0xaaa0c]
V  [jvm.dll+0x35eb2e]
V  [jvm.dll+0x329401]
V  [jvm.dll+0x32889a]
V  [jvm.dll+0x215ddf]
V  [jvm.dll+0x215211]
V  [jvm.dll+0x1a1730]
V  [jvm.dll+0x224b6e]
V  [jvm.dll+0x222f15]
V  [jvm.dll+0x78753c]
V  [jvm.dll+0x781a7a]
V  [jvm.dll+0x672375]
C  [ucrtbase.dll+0x37b0]
C  [KERNEL32.DLL+0x2e8d7]
C  [ntdll.dll+0x8d9c]


---------------  P R O C E S S  ---------------

Threads class SMR info:
_java_thread_list=0x0000025cfd7523d0, length=99, elements={
0x0000025cd8686480, 0x0000025cfb49bcd0, 0x0000025cfb49daa0, 0x0000025cfb4b5850,
0x0000025cfb4b6110, 0x0000025cfb4b7540, 0x0000025cfb4ba120, 0x0000025cfb4bdba0,
0x0000025cfc00e0f0, 0x0000025cfc03a100, 0x0000025cfc0fe860, 0x0000025cfc293180,
0x0000025cfd47e4c0, 0x0000025cfc2d0ce0, 0x0000025cfc3f5770, 0x0000025cfda75590,
0x0000025cfda72f10, 0x0000025cfda75f30, 0x0000025c80226bc0, 0x0000025c80227090,
0x0000025c80227560, 0x0000025c802288a0, 0x0000025c80227a30, 0x0000025c80226220,
0x0000025c80229240, 0x0000025c80229710, 0x0000025c82fb3040, 0x0000025c82fb1830,
0x0000025c82fb26a0, 0x0000025c82fb1d00, 0x0000025c82fb2b70, 0x0000025c825c1cd0,
0x0000025c82fb39e0, 0x0000025c82fb0020, 0x0000025c82fb3eb0, 0x0000025c82fb04f0,
0x0000025c82fb4380, 0x0000025c82fb09c0, 0x0000025c82fb51f0, 0x0000025c82fb4850,
0x0000025c82fb21d0, 0x0000025c82fb6ed0, 0x0000025c82fb73a0, 0x0000025c82fb7870,
0x0000025c85e37270, 0x0000025c85e38a80, 0x0000025c85e35a60, 0x0000025c85e35f30,
0x0000025c85e39dc0, 0x0000025c85e37c10, 0x0000025c85e38f50, 0x0000025c85e39420,
0x0000025c85e368d0, 0x0000025c85e3d2b0, 0x0000025c85e3ac30, 0x0000025c85e3b100,
0x0000025c85e3b5d0, 0x0000025c85e3c440, 0x0000025c85e3cde0, 0x0000025c85e3c910,
0x0000025c825c34e0, 0x0000025c825c4820, 0x0000025c825c4cf0, 0x0000025c825c5b60,
0x0000025c825c21a0, 0x0000025c825c7d10, 0x0000025c825c81e0, 0x0000025c825c8b80,
0x0000025c825c9050, 0x0000025c825c86b0, 0x0000025c825c69d0, 0x0000025c825c6ea0,
0x0000025cfda75a60, 0x0000025cfda76400, 0x0000025cfda768d0, 0x0000025cfda74250,
0x0000025cfda738b0, 0x0000025c80227f00, 0x0000025c802283d0, 0x0000025c80228d70,
0x0000025c832e2690, 0x0000025c832e1350, 0x0000025c832e2b60, 0x0000025c832e51e0,
0x0000025c832e3030, 0x0000025c832e4840, 0x0000025c832e3ea0, 0x0000025c832e3500,
0x0000025c832e39d0, 0x0000025c832e4370, 0x0000025c832e4d10, 0x0000025c832e1820,
0x0000025c887c8b60, 0x0000025c832e56b0, 0x0000025c832e1cf0, 0x0000025c832e7d30,
0x0000025c832e6520, 0x0000025c832e5b80, 0x0000025c832e6050
}

Java Threads: ( => current thread )
  0x0000025cd8686480 JavaThread "main" [_thread_blocked, id=13136, stack(0x000000b8a4900000,0x000000b8a4a00000)]
  0x0000025cfb49bcd0 JavaThread "Reference Handler" daemon [_thread_blocked, id=14448, stack(0x000000b8a5000000,0x000000b8a5100000)]
  0x0000025cfb49daa0 JavaThread "Finalizer" daemon [_thread_blocked, id=30532, stack(0x000000b8a5100000,0x000000b8a5200000)]
  0x0000025cfb4b5850 JavaThread "Signal Dispatcher" daemon [_thread_blocked, id=24680, stack(0x000000b8a5200000,0x000000b8a5300000)]
  0x0000025cfb4b6110 JavaThread "Attach Listener" daemon [_thread_blocked, id=31224, stack(0x000000b8a5300000,0x000000b8a5400000)]
  0x0000025cfb4b7540 JavaThread "Service Thread" daemon [_thread_blocked, id=27912, stack(0x000000b8a5400000,0x000000b8a5500000)]
  0x0000025cfb4ba120 JavaThread "Monitor Deflation Thread" daemon [_thread_blocked, id=21932, stack(0x000000b8a5500000,0x000000b8a5600000)]
  0x0000025cfb4bdba0 JavaThread "C2 CompilerThread0" daemon [_thread_in_native, id=34436, stack(0x000000b8a5600000,0x000000b8a5700000)]
  0x0000025cfc00e0f0 JavaThread "C1 CompilerThread0" daemon [_thread_blocked, id=33948, stack(0x000000b8a5700000,0x000000b8a5800000)]
  0x0000025cfc03a100 JavaThread "Sweeper thread" daemon [_thread_blocked, id=35584, stack(0x000000b8a5800000,0x000000b8a5900000)]
  0x0000025cfc0fe860 JavaThread "Common-Cleaner" daemon [_thread_blocked, id=29496, stack(0x000000b8a5900000,0x000000b8a5a00000)]
  0x0000025cfc293180 JavaThread "Notification Thread" daemon [_thread_blocked, id=2604, stack(0x000000b8a5a00000,0x000000b8a5b00000)]
  0x0000025cfd47e4c0 JavaThread "Daemon health stats" [_thread_blocked, id=19532, stack(0x000000b8a6200000,0x000000b8a6300000)]
  0x0000025cfc2d0ce0 JavaThread "Incoming local TCP Connector on port 53404" [_thread_in_native, id=33256, stack(0x000000b8a6100000,0x000000b8a6200000)]
  0x0000025cfc3f5770 JavaThread "Daemon periodic checks" [_thread_blocked, id=35000, stack(0x000000b8a6300000,0x000000b8a6400000)]
  0x0000025cfda75590 JavaThread "Cache worker for journal cache (C:\Users\rajee\.gradle\caches\journal-1)" [_thread_blocked, id=15100, stack(0x000000b8a6b00000,0x000000b8a6c00000)]
  0x0000025cfda72f10 JavaThread "File lock request listener" [_thread_in_native, id=28100, stack(0x000000b8a6c00000,0x000000b8a6d00000)]
  0x0000025cfda75f30 JavaThread "Cache worker for file hash cache (C:\Users\rajee\.gradle\caches\8.9\fileHashes)" [_thread_blocked, id=7444, stack(0x000000b8a6d00000,0x000000b8a6e00000)]
  0x0000025c80226bc0 JavaThread "File watcher server" daemon [_thread_in_native, id=35672, stack(0x000000b8a7400000,0x000000b8a7500000)]
  0x0000025c80227090 JavaThread "File watcher consumer" daemon [_thread_blocked, id=30652, stack(0x000000b8a7500000,0x000000b8a7600000)]
  0x0000025c80227560 JavaThread "jar transforms" [_thread_blocked, id=22112, stack(0x000000b8a7600000,0x000000b8a7700000)]
  0x0000025c802288a0 JavaThread "jar transforms Thread 2" [_thread_blocked, id=13328, stack(0x000000b8a7700000,0x000000b8a7800000)]
  0x0000025c80227a30 JavaThread "jar transforms Thread 3" [_thread_blocked, id=26296, stack(0x000000b8a7800000,0x000000b8a7900000)]
  0x0000025c80226220 JavaThread "Cache worker for file content cache (C:\Users\rajee\.gradle\caches\8.9\fileContent)" [_thread_blocked, id=3932, stack(0x000000b8a7a00000,0x000000b8a7b00000)]
  0x0000025c80229240 JavaThread "jar transforms Thread 4" [_thread_blocked, id=28256, stack(0x000000b8a7e00000,0x000000b8a7f00000)]
  0x0000025c80229710 JavaThread "jar transforms Thread 5" [_thread_blocked, id=7472, stack(0x000000b8a7f00000,0x000000b8a8000000)]
  0x0000025c82fb3040 JavaThread "jar transforms Thread 6" [_thread_blocked, id=23128, stack(0x000000b8a7c00000,0x000000b8a7d00000)]
  0x0000025c82fb1830 JavaThread "jar transforms Thread 7" [_thread_blocked, id=1620, stack(0x000000b8a8000000,0x000000b8a8100000)]
  0x0000025c82fb26a0 JavaThread "jar transforms Thread 8" [_thread_blocked, id=29720, stack(0x000000b8a8200000,0x000000b8a8300000)]
  0x0000025c82fb1d00 JavaThread "Daemon Thread 4" [_thread_blocked, id=16224, stack(0x000000b8a4600000,0x000000b8a4700000)]
  0x0000025c82fb2b70 JavaThread "Daemon worker Thread 4" [_thread_in_native, id=29248, stack(0x000000b8a6400000,0x000000b8a6500000)]
  0x0000025c825c1cd0 JavaThread "VFS cleanup Thread 5" [_thread_blocked, id=20776, stack(0x000000b8a6500000,0x000000b8a6600000)]
  0x0000025c82fb39e0 JavaThread "File lock release action executor Thread 4" [_thread_blocked, id=29928, stack(0x000000b8a4700000,0x000000b8a4800000)]
  0x0000025c82fb0020 JavaThread "Handler for socket connection from /127.0.0.1:53404 to /127.0.0.1:54163" [_thread_in_native, id=11840, stack(0x000000b8a4800000,0x000000b8a4900000)]
  0x0000025c82fb3eb0 JavaThread "Cancel handler" [_thread_blocked, id=33172, stack(0x000000b8a6600000,0x000000b8a6700000)]
  0x0000025c82fb04f0 JavaThread "Asynchronous log dispatcher for DefaultDaemonConnection: socket connection from /127.0.0.1:53404 to /127.0.0.1:54163" [_thread_blocked, id=10660, stack(0x000000b8a6800000,0x000000b8a6900000)]
  0x0000025c82fb4380 JavaThread "Stdin handler" [_thread_blocked, id=16020, stack(0x000000b8a6900000,0x000000b8a6a00000)]
  0x0000025c82fb09c0 JavaThread "Daemon client event forwarder" [_thread_blocked, id=17484, stack(0x000000b8a6a00000,0x000000b8a6b00000)]
  0x0000025c82fb51f0 JavaThread "Cache worker for file hash cache (E:\Helper-ji - Copy\helperji-tracker\node_modules\@react-native-picker\picker\android\.gradle\8.9\fileHashes)" [_thread_blocked, id=35624, stack(0x000000b8a6e00000,0x000000b8a6f00000)]
  0x0000025c82fb4850 JavaThread "Cache worker for Build Output Cleanup Cache (E:\Helper-ji - Copy\helperji-tracker\node_modules\@react-native-picker\picker\android\.gradle\buildOutputCleanup)" [_thread_blocked, id=12664, stack(0x000000b8a7000000,0x000000b8a7100000)]
  0x0000025c82fb21d0 JavaThread "Cache worker for checksums cache (E:\Helper-ji - Copy\helperji-tracker\node_modules\@react-native-picker\picker\android\.gradle\8.9\checksums)" [_thread_blocked, id=30404, stack(0x000000b8a7100000,0x000000b8a7200000)]
  0x0000025c82fb6ed0 JavaThread "Cache worker for cache directory md-rule (C:\Users\rajee\.gradle\caches\8.9\md-rule)" [_thread_blocked, id=10220, stack(0x000000b8a7900000,0x000000b8a7a00000)]
  0x0000025c82fb73a0 JavaThread "Cache worker for cache directory md-supplier (C:\Users\rajee\.gradle\caches\8.9\md-supplier)" [_thread_blocked, id=35492, stack(0x000000b8a7d00000,0x000000b8a7e00000)]
  0x0000025c82fb7870 JavaThread "Unconstrained build operations" [_thread_blocked, id=21188, stack(0x000000b8a8300000,0x000000b8a8400000)]
  0x0000025c85e37270 JavaThread "Unconstrained build operations Thread 2" [_thread_blocked, id=10412, stack(0x000000b8a8500000,0x000000b8a8600000)]
  0x0000025c85e38a80 JavaThread "Unconstrained build operations Thread 3" [_thread_blocked, id=33604, stack(0x000000b8a8600000,0x000000b8a8700000)]
  0x0000025c85e35a60 JavaThread "Unconstrained build operations Thread 4" [_thread_blocked, id=9624, stack(0x000000b8a8800000,0x000000b8a8900000)]
  0x0000025c85e35f30 JavaThread "Unconstrained build operations Thread 5" [_thread_blocked, id=5828, stack(0x000000b8a8900000,0x000000b8a8a00000)]
  0x0000025c85e39dc0 JavaThread "Unconstrained build operations Thread 6" [_thread_blocked, id=32408, stack(0x000000b8a8a00000,0x000000b8a8b00000)]
  0x0000025c85e37c10 JavaThread "Unconstrained build operations Thread 7" [_thread_blocked, id=33804, stack(0x000000b8a8b00000,0x000000b8a8c00000)]
  0x0000025c85e38f50 JavaThread "Unconstrained build operations Thread 8" [_thread_blocked, id=30024, stack(0x000000b8a8c00000,0x000000b8a8d00000)]
  0x0000025c85e39420 JavaThread "Unconstrained build operations Thread 9" [_thread_blocked, id=20748, stack(0x000000b8a8d00000,0x000000b8a8e00000)]
  0x0000025c85e368d0 JavaThread "Unconstrained build operations Thread 10" [_thread_blocked, id=17492, stack(0x000000b8a8e00000,0x000000b8a8f00000)]
  0x0000025c85e3d2b0 JavaThread "Unconstrained build operations Thread 11" [_thread_blocked, id=6900, stack(0x000000b8a8f00000,0x000000b8a9000000)]
  0x0000025c85e3ac30 JavaThread "Unconstrained build operations Thread 12" [_thread_blocked, id=27724, stack(0x000000b8a9000000,0x000000b8a9100000)]
  0x0000025c85e3b100 JavaThread "Unconstrained build operations Thread 13" [_thread_blocked, id=25352, stack(0x000000b8a9100000,0x000000b8a9200000)]
  0x0000025c85e3b5d0 JavaThread "Unconstrained build operations Thread 14" [_thread_blocked, id=13644, stack(0x000000b8a9200000,0x000000b8a9300000)]
  0x0000025c85e3c440 JavaThread "Unconstrained build operations Thread 15" [_thread_blocked, id=21272, stack(0x000000b8a9300000,0x000000b8a9400000)]
  0x0000025c85e3cde0 JavaThread "Unconstrained build operations Thread 16" [_thread_blocked, id=29860, stack(0x000000b8a9400000,0x000000b8a9500000)]
  0x0000025c85e3c910 JavaThread "Unconstrained build operations Thread 17" [_thread_blocked, id=19044, stack(0x000000b8a9500000,0x000000b8a9600000)]
  0x0000025c825c34e0 JavaThread "Unconstrained build operations Thread 18" [_thread_blocked, id=34652, stack(0x000000b8a9600000,0x000000b8a9700000)]
  0x0000025c825c4820 JavaThread "Unconstrained build operations Thread 19" [_thread_blocked, id=19108, stack(0x000000b8a9700000,0x000000b8a9800000)]
  0x0000025c825c4cf0 JavaThread "Unconstrained build operations Thread 20" [_thread_blocked, id=25420, stack(0x000000b8a9800000,0x000000b8a9900000)]
  0x0000025c825c5b60 JavaThread "Unconstrained build operations Thread 21" [_thread_blocked, id=19112, stack(0x000000b8a9900000,0x000000b8a9a00000)]
  0x0000025c825c21a0 JavaThread "Unconstrained build operations Thread 22" [_thread_blocked, id=13100, stack(0x000000b8a9a00000,0x000000b8a9b00000)]
  0x0000025c825c7d10 JavaThread "Unconstrained build operations Thread 23" [_thread_blocked, id=34688, stack(0x000000b8a9b00000,0x000000b8a9c00000)]
  0x0000025c825c81e0 JavaThread "Unconstrained build operations Thread 24" [_thread_blocked, id=21172, stack(0x000000b8a9c00000,0x000000b8a9d00000)]
  0x0000025c825c8b80 JavaThread "Unconstrained build operations Thread 25" [_thread_blocked, id=34524, stack(0x000000b8a9d00000,0x000000b8a9e00000)]
  0x0000025c825c9050 JavaThread "Unconstrained build operations Thread 26" [_thread_blocked, id=26656, stack(0x000000b8a9e00000,0x000000b8a9f00000)]
  0x0000025c825c86b0 JavaThread "Unconstrained build operations Thread 27" [_thread_blocked, id=34828, stack(0x000000b8a9f00000,0x000000b8aa000000)]
  0x0000025c825c69d0 JavaThread "Unconstrained build operations Thread 28" [_thread_blocked, id=19400, stack(0x000000b8aa100000,0x000000b8aa200000)]
  0x0000025c825c6ea0 JavaThread "Unconstrained build operations Thread 29" [_thread_blocked, id=22276, stack(0x000000b8aa200000,0x000000b8aa300000)]
  0x0000025cfda75a60 JavaThread "Unconstrained build operations Thread 30" [_thread_blocked, id=16876, stack(0x000000b8aa300000,0x000000b8aa400000)]
  0x0000025cfda76400 JavaThread "Unconstrained build operations Thread 31" [_thread_blocked, id=1724, stack(0x000000b8aa400000,0x000000b8aa500000)]
  0x0000025cfda768d0 JavaThread "Unconstrained build operations Thread 32" [_thread_blocked, id=33316, stack(0x000000b8aa500000,0x000000b8aa600000)]
  0x0000025cfda74250 JavaThread "Unconstrained build operations Thread 33" [_thread_blocked, id=9360, stack(0x000000b8aa600000,0x000000b8aa700000)]
  0x0000025cfda738b0 JavaThread "Unconstrained build operations Thread 34" [_thread_blocked, id=26748, stack(0x000000b8aa700000,0x000000b8aa800000)]
  0x0000025c80227f00 JavaThread "Unconstrained build operations Thread 35" [_thread_blocked, id=33220, stack(0x000000b8aa800000,0x000000b8aa900000)]
  0x0000025c802283d0 JavaThread "Unconstrained build operations Thread 36" [_thread_blocked, id=12616, stack(0x000000b8aa900000,0x000000b8aaa00000)]
  0x0000025c80228d70 JavaThread "Unconstrained build operations Thread 37" [_thread_blocked, id=16152, stack(0x000000b8aaa00000,0x000000b8aab00000)]
  0x0000025c832e2690 JavaThread "Unconstrained build operations Thread 38" [_thread_blocked, id=20852, stack(0x000000b8aab00000,0x000000b8aac00000)]
  0x0000025c832e1350 JavaThread "Unconstrained build operations Thread 39" [_thread_blocked, id=17760, stack(0x000000b8aac00000,0x000000b8aad00000)]
  0x0000025c832e2b60 JavaThread "Unconstrained build operations Thread 40" [_thread_blocked, id=17336, stack(0x000000b8aa000000,0x000000b8aa100000)]
  0x0000025c832e51e0 JavaThread "Unconstrained build operations Thread 41" [_thread_blocked, id=2584, stack(0x000000b8aad00000,0x000000b8aae00000)]
  0x0000025c832e3030 JavaThread "Unconstrained build operations Thread 42" [_thread_blocked, id=9696, stack(0x000000b8aae00000,0x000000b8aaf00000)]
  0x0000025c832e4840 JavaThread "Unconstrained build operations Thread 43" [_thread_blocked, id=10712, stack(0x000000b8aaf00000,0x000000b8ab000000)]
  0x0000025c832e3ea0 JavaThread "Unconstrained build operations Thread 44" [_thread_blocked, id=10692, stack(0x000000b8ab000000,0x000000b8ab100000)]
  0x0000025c832e3500 JavaThread "Unconstrained build operations Thread 45" [_thread_blocked, id=27096, stack(0x000000b8ab100000,0x000000b8ab200000)]
  0x0000025c832e39d0 JavaThread "Unconstrained build operations Thread 46" [_thread_blocked, id=34540, stack(0x000000b8ab200000,0x000000b8ab300000)]
  0x0000025c832e4370 JavaThread "Unconstrained build operations Thread 47" [_thread_blocked, id=13524, stack(0x000000b8ab300000,0x000000b8ab400000)]
  0x0000025c832e4d10 JavaThread "Unconstrained build operations Thread 48" [_thread_blocked, id=14176, stack(0x000000b8ab600000,0x000000b8ab700000)]
  0x0000025c832e1820 JavaThread "Unconstrained build operations Thread 49" [_thread_blocked, id=23348, stack(0x000000b8ab700000,0x000000b8ab800000)]
=>0x0000025c887c8b60 JavaThread "C2 CompilerThread1" daemon [_thread_in_native, id=23144, stack(0x000000b8ab800000,0x000000b8ab900000)]
  0x0000025c832e56b0 JavaThread "Unconstrained build operations Thread 50" [_thread_blocked, id=19192, stack(0x000000b8ab900000,0x000000b8aba00000)]
  0x0000025c832e1cf0 JavaThread "Unconstrained build operations Thread 51" [_thread_blocked, id=13436, stack(0x000000b8aba00000,0x000000b8abb00000)]
  0x0000025c832e7d30 JavaThread "Unconstrained build operations Thread 52" [_thread_blocked, id=19724, stack(0x000000b8abb00000,0x000000b8abc00000)]
  0x0000025c832e6520 JavaThread "Unconstrained build operations Thread 53" [_thread_blocked, id=13888, stack(0x000000b8abc00000,0x000000b8abd00000)]
  0x0000025c832e5b80 JavaThread "Unconstrained build operations Thread 54" [_thread_blocked, id=32864, stack(0x000000b8abd00000,0x000000b8abe00000)]
  0x0000025c832e6050 JavaThread "Unconstrained build operations Thread 55" [_thread_blocked, id=29012, stack(0x000000b8abe00000,0x000000b8abf00000)]

Other Threads:
  0x0000025cfb499390 VMThread "VM Thread" [stack: 0x000000b8a4f00000,0x000000b8a5000000] [id=17148]
  0x0000025cd870f370 WatcherThread [stack: 0x000000b8a5b00000,0x000000b8a5c00000] [id=14472]
  0x0000025cd86f2e90 GCTaskThread "GC Thread#0" [stack: 0x000000b8a4a00000,0x000000b8a4b00000] [id=33296]
  0x0000025cfc3b56b0 GCTaskThread "GC Thread#1" [stack: 0x000000b8a5c00000,0x000000b8a5d00000] [id=7732]
  0x0000025cfc9c9a80 GCTaskThread "GC Thread#2" [stack: 0x000000b8a5d00000,0x000000b8a5e00000] [id=32324]
  0x0000025cfc9c9d30 GCTaskThread "GC Thread#3" [stack: 0x000000b8a5e00000,0x000000b8a5f00000] [id=34936]
  0x0000025cfc394040 GCTaskThread "GC Thread#4" [stack: 0x000000b8a5f00000,0x000000b8a6000000] [id=33664]
  0x0000025cfc3942f0 GCTaskThread "GC Thread#5" [stack: 0x000000b8a6000000,0x000000b8a6100000] [id=34756]
  0x0000025c802d1ac0 GCTaskThread "GC Thread#6" [stack: 0x000000b8a6f00000,0x000000b8a7000000] [id=26272]
  0x0000025cfedac6e0 GCTaskThread "GC Thread#7" [stack: 0x000000b8a7200000,0x000000b8a7300000] [id=13624]
  0x0000025cd8703ce0 ConcurrentGCThread "G1 Main Marker" [stack: 0x000000b8a4b00000,0x000000b8a4c00000] [id=32052]
  0x0000025cd87052d0 ConcurrentGCThread "G1 Conc#0" [stack: 0x000000b8a4c00000,0x000000b8a4d00000] [id=16700]
  0x0000025cff19bde0 ConcurrentGCThread "G1 Conc#1" [stack: 0x000000b8a7300000,0x000000b8a7400000] [id=20352]
  0x0000025cd874e900 ConcurrentGCThread "G1 Refine#0" [stack: 0x000000b8a4d00000,0x000000b8a4e00000] [id=9484]
  0x0000025cff5bb680 ConcurrentGCThread "G1 Refine#1" [stack: 0x000000b8a8400000,0x000000b8a8500000] [id=33620]
  0x0000025c827b2060 ConcurrentGCThread "G1 Refine#2" [stack: 0x000000b8a8700000,0x000000b8a8800000] [id=1556]
  0x0000025c8052b4f0 ConcurrentGCThread "G1 Refine#3" [stack: 0x000000b8a7b00000,0x000000b8a7c00000] [id=17940]
  0x0000025c8052b7d0 ConcurrentGCThread "G1 Refine#4" [stack: 0x000000b8ab400000,0x000000b8ab500000] [id=32260]
  0x0000025c860cf410 ConcurrentGCThread "G1 Refine#5" [stack: 0x000000b8ab500000,0x000000b8ab600000] [id=9332]
  0x0000025c82c158e0 ConcurrentGCThread "G1 Refine#6" [stack: 0x000000b8a6700000,0x000000b8a6800000] [id=29528]
  0x0000025cfb351250 ConcurrentGCThread "G1 Service" [stack: 0x000000b8a4e00000,0x000000b8a4f00000] [id=8556]

Threads with active compile tasks:
C2 CompilerThread0   887925 23135       4       java.util.regex.Matcher::replaceAll (59 bytes)
C2 CompilerThread1   887925 23127       4       org.gradle.api.internal.artifacts.ivyservice.resolveengine.graph.builder.NodeState::isExcluded (95 bytes)

VM state: not at safepoint (normal execution)

VM Mutex/Monitor currently owned by a thread: None

Heap address: 0x0000000700000000, size: 4096 MB, Compressed Oops mode: Zero based, Oop shift amount: 3

CDS archive(s) mapped at: [0x0000000800000000-0x0000000800bd0000-0x0000000800bd0000), size 12386304, SharedBaseAddress: 0x0000000800000000, ArchiveRelocationMode: 0.
Compressed class space mapped at: 0x0000000800c00000-0x0000000814000000, reserved size: 322961408
Narrow klass base: 0x0000000800000000, Narrow klass shift: 0, Narrow klass range: 0x100000000

GC Precious Log:
 CPUs: 8 total, 8 available
 Memory: 6030M
 Large Page Support: Disabled
 NUMA Support: Disabled
 Compressed Oops: Enabled (Zero based)
 Heap Region Size: 2M
 Heap Min Capacity: 256M
 Heap Initial Capacity: 256M
 Heap Max Capacity: 4G
 Pre-touch: Disabled
 Parallel Workers: 8
 Concurrent Workers: 2
 Concurrent Refinement Workers: 8
 Periodic GC: Disabled

Heap:
 garbage-first heap   total 573440K, used 228807K [0x0000000700000000, 0x0000000800000000)
  region size 2048K, 56 young (114688K), 8 survivors (16384K)
 Metaspace       used 93309K, committed 94656K, reserved 397312K
  class space    used 12393K, committed 13056K, reserved 315392K

Heap Regions: E=young(eden), S=young(survivor), O=old, HS=humongous(starts), HC=humongous(continues), CS=collection set, F=free, OA=open archive, CA=closed archive, TAMS=top-at-mark-start (previous, next)
|   0|0x0000000700000000, 0x0000000700200000, 0x0000000700200000|100%| O|  |TAMS 0x0000000700200000, 0x0000000700000000| Untracked 
|   1|0x0000000700200000, 0x0000000700400000, 0x0000000700400000|100%|HS|  |TAMS 0x0000000700400000, 0x0000000700200000| Complete 
|   2|0x0000000700400000, 0x0000000700600000, 0x0000000700600000|100%|HC|  |TAMS 0x0000000700600000, 0x0000000700400000| Complete 
|   3|0x0000000700600000, 0x0000000700800000, 0x0000000700800000|100%| O|  |TAMS 0x0000000700800000, 0x0000000700600000| Untracked 
|   4|0x0000000700800000, 0x0000000700a00000, 0x0000000700a00000|100%| O|  |TAMS 0x0000000700a00000, 0x0000000700800000| Untracked 
|   5|0x0000000700a00000, 0x0000000700c00000, 0x0000000700c00000|100%| O|  |TAMS 0x0000000700c00000, 0x0000000700a00000| Untracked 
|   6|0x0000000700c00000, 0x0000000700e00000, 0x0000000700e00000|100%| O|  |TAMS 0x0000000700e00000, 0x0000000700c00000| Untracked 
|   7|0x0000000700e00000, 0x0000000701000000, 0x0000000701000000|100%| O|  |TAMS 0x0000000701000000, 0x0000000700e00000| Untracked 
|   8|0x0000000701000000, 0x0000000701200000, 0x0000000701200000|100%| O|  |TAMS 0x0000000701200000, 0x0000000701000000| Untracked 
|   9|0x0000000701200000, 0x0000000701400000, 0x0000000701400000|100%| O|  |TAMS 0x0000000701400000, 0x0000000701200000| Untracked 
|  10|0x0000000701400000, 0x0000000701600000, 0x0000000701600000|100%| O|  |TAMS 0x0000000701600000, 0x0000000701400000| Untracked 
|  11|0x0000000701600000, 0x0000000701800000, 0x0000000701800000|100%| O|  |TAMS 0x0000000701800000, 0x0000000701600000| Untracked 
|  12|0x0000000701800000, 0x0000000701a00000, 0x0000000701a00000|100%| O|  |TAMS 0x0000000701a00000, 0x0000000701800000| Untracked 
|  13|0x0000000701a00000, 0x0000000701c00000, 0x0000000701c00000|100%| O|  |TAMS 0x0000000701c00000, 0x0000000701a00000| Untracked 
|  14|0x0000000701c00000, 0x0000000701e00000, 0x0000000701e00000|100%|HS|  |TAMS 0x0000000701c00000, 0x0000000701c00000| Complete 
|  15|0x0000000701e00000, 0x0000000702000000, 0x0000000702000000|100%| O|  |TAMS 0x0000000701e00000, 0x0000000701e00000| Untracked 
|  16|0x0000000702000000, 0x0000000702200000, 0x0000000702200000|100%| O|  |TAMS 0x0000000702000000, 0x0000000702000000| Untracked 
|  17|0x0000000702200000, 0x0000000702400000, 0x0000000702400000|100%| O|  |TAMS 0x0000000702200000, 0x0000000702200000| Untracked 
|  18|0x0000000702400000, 0x0000000702600000, 0x0000000702600000|100%| O|  |TAMS 0x0000000702400000, 0x0000000702400000| Untracked 
|  19|0x0000000702600000, 0x0000000702800000, 0x0000000702800000|100%| O|  |TAMS 0x0000000702600000, 0x0000000702600000| Untracked 
|  20|0x0000000702800000, 0x0000000702a00000, 0x0000000702a00000|100%| O|  |TAMS 0x0000000702800000, 0x0000000702800000| Untracked 
|  21|0x0000000702a00000, 0x0000000702c00000, 0x0000000702c00000|100%| O|  |TAMS 0x0000000702a00000, 0x0000000702a00000| Untracked 
|  22|0x0000000702c00000, 0x0000000702e00000, 0x0000000702e00000|100%| O|  |TAMS 0x0000000702c00000, 0x0000000702c00000| Untracked 
|  23|0x0000000702e00000, 0x0000000703000000, 0x0000000703000000|100%| O|  |TAMS 0x0000000702e00000, 0x0000000702e00000| Untracked 
|  24|0x0000000703000000, 0x0000000703200000, 0x0000000703200000|100%| O|  |TAMS 0x0000000703000000, 0x0000000703000000| Untracked 
|  25|0x0000000703200000, 0x0000000703400000, 0x0000000703400000|100%| O|  |TAMS 0x0000000703200000, 0x0000000703200000| Untracked 
|  26|0x0000000703400000, 0x0000000703600000, 0x0000000703600000|100%| O|  |TAMS 0x0000000703400000, 0x0000000703400000| Untracked 
|  27|0x0000000703600000, 0x0000000703800000, 0x0000000703800000|100%| O|  |TAMS 0x0000000703600000, 0x0000000703600000| Untracked 
|  28|0x0000000703800000, 0x0000000703a00000, 0x0000000703a00000|100%| O|  |TAMS 0x0000000703800000, 0x0000000703800000| Untracked 
|  29|0x0000000703a00000, 0x0000000703c00000, 0x0000000703c00000|100%| O|  |TAMS 0x0000000703a00000, 0x0000000703a00000| Untracked 
|  30|0x0000000703c00000, 0x0000000703e00000, 0x0000000703e00000|100%| O|  |TAMS 0x0000000703c00000, 0x0000000703c00000| Untracked 
|  31|0x0000000703e00000, 0x0000000704000000, 0x0000000704000000|100%| O|  |TAMS 0x0000000703e00000, 0x0000000703e00000| Untracked 
|  32|0x0000000704000000, 0x0000000704200000, 0x0000000704200000|100%| O|  |TAMS 0x0000000704000000, 0x0000000704000000| Untracked 
|  33|0x0000000704200000, 0x0000000704400000, 0x0000000704400000|100%| O|  |TAMS 0x0000000704200000, 0x0000000704200000| Untracked 
|  34|0x0000000704400000, 0x0000000704600000, 0x0000000704600000|100%| O|  |TAMS 0x0000000704400000, 0x0000000704400000| Untracked 
|  35|0x0000000704600000, 0x0000000704800000, 0x0000000704800000|100%| O|  |TAMS 0x0000000704600000, 0x0000000704600000| Untracked 
|  36|0x0000000704800000, 0x0000000704a00000, 0x0000000704a00000|100%| O|  |TAMS 0x0000000704800000, 0x0000000704800000| Untracked 
|  37|0x0000000704a00000, 0x0000000704c00000, 0x0000000704c00000|100%| O|  |TAMS 0x0000000704a00000, 0x0000000704a00000| Untracked 
|  38|0x0000000704c00000, 0x0000000704e00000, 0x0000000704e00000|100%| O|  |TAMS 0x0000000704c00000, 0x0000000704c00000| Untracked 
|  39|0x0000000704e00000, 0x0000000705000000, 0x0000000705000000|100%| O|  |TAMS 0x0000000704e00000, 0x0000000704e00000| Untracked 
|  40|0x0000000705000000, 0x0000000705200000, 0x0000000705200000|100%| O|  |TAMS 0x0000000705000000, 0x0000000705000000| Untracked 
|  41|0x0000000705200000, 0x0000000705400000, 0x0000000705400000|100%| O|  |TAMS 0x0000000705200000, 0x0000000705200000| Untracked 
|  42|0x0000000705400000, 0x0000000705600000, 0x0000000705600000|100%| O|  |TAMS 0x0000000705400000, 0x0000000705400000| Untracked 
|  43|0x0000000705600000, 0x0000000705800000, 0x0000000705800000|100%| O|  |TAMS 0x0000000705600000, 0x0000000705600000| Untracked 
|  44|0x0000000705800000, 0x0000000705a00000, 0x0000000705a00000|100%| O|  |TAMS 0x0000000705800000, 0x0000000705800000| Untracked 
|  45|0x0000000705a00000, 0x0000000705c00000, 0x0000000705c00000|100%| O|  |TAMS 0x0000000705a00000, 0x0000000705a00000| Untracked 
|  46|0x0000000705c00000, 0x0000000705e00000, 0x0000000705e00000|100%| O|  |TAMS 0x0000000705c00000, 0x0000000705c00000| Untracked 
|  47|0x0000000705e00000, 0x0000000706000000, 0x0000000706000000|100%| O|  |TAMS 0x0000000705e00000, 0x0000000705e00000| Untracked 
|  48|0x0000000706000000, 0x0000000706200000, 0x0000000706200000|100%| O|  |TAMS 0x0000000706000000, 0x0000000706000000| Untracked 
|  49|0x0000000706200000, 0x0000000706400000, 0x0000000706400000|100%| O|  |TAMS 0x0000000706200000, 0x0000000706200000| Untracked 
|  50|0x0000000706400000, 0x0000000706600000, 0x0000000706600000|100%| O|  |TAMS 0x0000000706400000, 0x0000000706400000| Untracked 
|  51|0x0000000706600000, 0x0000000706800000, 0x0000000706800000|100%| O|  |TAMS 0x0000000706600000, 0x0000000706600000| Untracked 
|  52|0x0000000706800000, 0x0000000706a00000, 0x0000000706a00000|100%| O|  |TAMS 0x0000000706800000, 0x0000000706800000| Untracked 
|  53|0x0000000706a00000, 0x0000000706c00000, 0x0000000706c00000|100%| O|  |TAMS 0x0000000706a00000, 0x0000000706a00000| Untracked 
|  54|0x0000000706c00000, 0x0000000706e00000, 0x0000000706e00000|100%|HS|  |TAMS 0x0000000706c00000, 0x0000000706c00000| Complete 
|  55|0x0000000706e00000, 0x0000000707000000, 0x0000000707000000|100%|HC|  |TAMS 0x0000000706e00000, 0x0000000706e00000| Complete 
|  56|0x0000000707000000, 0x0000000707200000, 0x0000000707200000|100%| O|  |TAMS 0x0000000707000000, 0x0000000707000000| Untracked 
|  57|0x0000000707200000, 0x00000007072e8200, 0x0000000707400000| 45%| O|  |TAMS 0x0000000707200000, 0x0000000707200000| Untracked 
|  58|0x0000000707400000, 0x0000000707400000, 0x0000000707600000|  0%| F|  |TAMS 0x0000000707400000, 0x0000000707400000| Untracked 
|  59|0x0000000707600000, 0x0000000707600000, 0x0000000707800000|  0%| F|  |TAMS 0x0000000707600000, 0x0000000707600000| Untracked 
|  60|0x0000000707800000, 0x0000000707800000, 0x0000000707a00000|  0%| F|  |TAMS 0x0000000707800000, 0x0000000707800000| Untracked 
|  61|0x0000000707a00000, 0x0000000707a00000, 0x0000000707c00000|  0%| F|  |TAMS 0x0000000707a00000, 0x0000000707a00000| Untracked 
|  62|0x0000000707c00000, 0x0000000707c00000, 0x0000000707e00000|  0%| F|  |TAMS 0x0000000707c00000, 0x0000000707c00000| Untracked 
|  63|0x0000000707e00000, 0x0000000707e00000, 0x0000000708000000|  0%| F|  |TAMS 0x0000000707e00000, 0x0000000707e00000| Untracked 
|  64|0x0000000708000000, 0x0000000708000000, 0x0000000708200000|  0%| F|  |TAMS 0x0000000708000000, 0x0000000708000000| Untracked 
|  65|0x0000000708200000, 0x0000000708200000, 0x0000000708400000|  0%| F|  |TAMS 0x0000000708200000, 0x0000000708200000| Untracked 
|  66|0x0000000708400000, 0x0000000708400000, 0x0000000708600000|  0%| F|  |TAMS 0x0000000708400000, 0x0000000708400000| Untracked 
|  67|0x0000000708600000, 0x0000000708600000, 0x0000000708800000|  0%| F|  |TAMS 0x0000000708600000, 0x0000000708600000| Untracked 
|  68|0x0000000708800000, 0x0000000708800000, 0x0000000708a00000|  0%| F|  |TAMS 0x0000000708800000, 0x0000000708800000| Untracked 
|  69|0x0000000708a00000, 0x0000000708a00000, 0x0000000708c00000|  0%| F|  |TAMS 0x0000000708a00000, 0x0000000708a00000| Untracked 
|  70|0x0000000708c00000, 0x0000000708c00000, 0x0000000708e00000|  0%| F|  |TAMS 0x0000000708c00000, 0x0000000708c00000| Untracked 
|  71|0x0000000708e00000, 0x0000000708e00000, 0x0000000709000000|  0%| F|  |TAMS 0x0000000708e00000, 0x0000000708e00000| Untracked 
|  72|0x0000000709000000, 0x0000000709000000, 0x0000000709200000|  0%| F|  |TAMS 0x0000000709000000, 0x0000000709000000| Untracked 
|  73|0x0000000709200000, 0x0000000709200000, 0x0000000709400000|  0%| F|  |TAMS 0x0000000709200000, 0x0000000709200000| Untracked 
|  74|0x0000000709400000, 0x0000000709400000, 0x0000000709600000|  0%| F|  |TAMS 0x0000000709400000, 0x0000000709400000| Untracked 
|  75|0x0000000709600000, 0x0000000709600000, 0x0000000709800000|  0%| F|  |TAMS 0x0000000709600000, 0x0000000709600000| Untracked 
|  76|0x0000000709800000, 0x0000000709800000, 0x0000000709a00000|  0%| F|  |TAMS 0x0000000709800000, 0x0000000709800000| Untracked 
|  77|0x0000000709a00000, 0x0000000709a00000, 0x0000000709c00000|  0%| F|  |TAMS 0x0000000709a00000, 0x0000000709a00000| Untracked 
|  78|0x0000000709c00000, 0x0000000709c00000, 0x0000000709e00000|  0%| F|  |TAMS 0x0000000709c00000, 0x0000000709c00000| Untracked 
|  79|0x0000000709e00000, 0x0000000709e00000, 0x000000070a000000|  0%| F|  |TAMS 0x0000000709e00000, 0x0000000709e00000| Untracked 
|  80|0x000000070a000000, 0x000000070a000000, 0x000000070a200000|  0%| F|  |TAMS 0x000000070a000000, 0x000000070a000000| Untracked 
|  81|0x000000070a200000, 0x000000070a200000, 0x000000070a400000|  0%| F|  |TAMS 0x000000070a200000, 0x000000070a200000| Untracked 
|  82|0x000000070a400000, 0x000000070a400000, 0x000000070a600000|  0%| F|  |TAMS 0x000000070a400000, 0x000000070a400000| Untracked 
|  83|0x000000070a600000, 0x000000070a600000, 0x000000070a800000|  0%| F|  |TAMS 0x000000070a600000, 0x000000070a600000| Untracked 
|  84|0x000000070a800000, 0x000000070a800000, 0x000000070aa00000|  0%| F|  |TAMS 0x000000070a800000, 0x000000070a800000| Untracked 
|  85|0x000000070aa00000, 0x000000070aa00000, 0x000000070ac00000|  0%| F|  |TAMS 0x000000070aa00000, 0x000000070aa00000| Untracked 
|  86|0x000000070ac00000, 0x000000070ac00000, 0x000000070ae00000|  0%| F|  |TAMS 0x000000070ac00000, 0x000000070ac00000| Untracked 
|  87|0x000000070ae00000, 0x000000070ae00000, 0x000000070b000000|  0%| F|  |TAMS 0x000000070ae00000, 0x000000070ae00000| Untracked 
|  88|0x000000070b000000, 0x000000070b000000, 0x000000070b200000|  0%| F|  |TAMS 0x000000070b000000, 0x000000070b000000| Untracked 
|  89|0x000000070b200000, 0x000000070b200000, 0x000000070b400000|  0%| F|  |TAMS 0x000000070b200000, 0x000000070b200000| Untracked 
|  90|0x000000070b400000, 0x000000070b400000, 0x000000070b600000|  0%| F|  |TAMS 0x000000070b400000, 0x000000070b400000| Untracked 
|  91|0x000000070b600000, 0x000000070b600000, 0x000000070b800000|  0%| F|  |TAMS 0x000000070b600000, 0x000000070b600000| Untracked 
|  92|0x000000070b800000, 0x000000070b800000, 0x000000070ba00000|  0%| F|  |TAMS 0x000000070b800000, 0x000000070b800000| Untracked 
|  93|0x000000070ba00000, 0x000000070ba00000, 0x000000070bc00000|  0%| F|  |TAMS 0x000000070ba00000, 0x000000070ba00000| Untracked 
|  94|0x000000070bc00000, 0x000000070bc00000, 0x000000070be00000|  0%| F|  |TAMS 0x000000070bc00000, 0x000000070bc00000| Untracked 
|  95|0x000000070be00000, 0x000000070be00000, 0x000000070c000000|  0%| F|  |TAMS 0x000000070be00000, 0x000000070be00000| Untracked 
|  96|0x000000070c000000, 0x000000070c000000, 0x000000070c200000|  0%| F|  |TAMS 0x000000070c000000, 0x000000070c000000| Untracked 
|  97|0x000000070c200000, 0x000000070c200000, 0x000000070c400000|  0%| F|  |TAMS 0x000000070c200000, 0x000000070c200000| Untracked 
|  98|0x000000070c400000, 0x000000070c400000, 0x000000070c600000|  0%| F|  |TAMS 0x000000070c400000, 0x000000070c400000| Untracked 
|  99|0x000000070c600000, 0x000000070c600000, 0x000000070c800000|  0%| F|  |TAMS 0x000000070c600000, 0x000000070c600000| Untracked 
| 100|0x000000070c800000, 0x000000070c800000, 0x000000070ca00000|  0%| F|  |TAMS 0x000000070c800000, 0x000000070c800000| Untracked 
| 101|0x000000070ca00000, 0x000000070ca00000, 0x000000070cc00000|  0%| F|  |TAMS 0x000000070ca00000, 0x000000070ca00000| Untracked 
| 102|0x000000070cc00000, 0x000000070cc00000, 0x000000070ce00000|  0%| F|  |TAMS 0x000000070cc00000, 0x000000070cc00000| Untracked 
| 103|0x000000070ce00000, 0x000000070ce00000, 0x000000070d000000|  0%| F|  |TAMS 0x000000070ce00000, 0x000000070ce00000| Untracked 
| 104|0x000000070d000000, 0x000000070d089b60, 0x000000070d200000| 26%| S|CS|TAMS 0x000000070d000000, 0x000000070d000000| Complete 
| 105|0x000000070d200000, 0x000000070d400000, 0x000000070d400000|100%| S|CS|TAMS 0x000000070d200000, 0x000000070d200000| Complete 
| 106|0x000000070d400000, 0x000000070d600000, 0x000000070d600000|100%| S|CS|TAMS 0x000000070d400000, 0x000000070d400000| Complete 
| 107|0x000000070d600000, 0x000000070d800000, 0x000000070d800000|100%| S|CS|TAMS 0x000000070d600000, 0x000000070d600000| Complete 
| 108|0x000000070d800000, 0x000000070da00000, 0x000000070da00000|100%| S|CS|TAMS 0x000000070d800000, 0x000000070d800000| Complete 
| 109|0x000000070da00000, 0x000000070dc00000, 0x000000070dc00000|100%| S|CS|TAMS 0x000000070da00000, 0x000000070da00000| Complete 
| 110|0x000000070dc00000, 0x000000070de00000, 0x000000070de00000|100%| S|CS|TAMS 0x000000070dc00000, 0x000000070dc00000| Complete 
| 111|0x000000070de00000, 0x000000070e000000, 0x000000070e000000|100%| S|CS|TAMS 0x000000070de00000, 0x000000070de00000| Complete 
| 112|0x000000070e000000, 0x000000070e000000, 0x000000070e200000|  0%| F|  |TAMS 0x000000070e000000, 0x000000070e000000| Untracked 
| 113|0x000000070e200000, 0x000000070e200000, 0x000000070e400000|  0%| F|  |TAMS 0x000000070e200000, 0x000000070e200000| Untracked 
| 114|0x000000070e400000, 0x000000070e400000, 0x000000070e600000|  0%| F|  |TAMS 0x000000070e400000, 0x000000070e400000| Untracked 
| 115|0x000000070e600000, 0x000000070e600000, 0x000000070e800000|  0%| F|  |TAMS 0x000000070e600000, 0x000000070e600000| Untracked 
| 116|0x000000070e800000, 0x000000070e800000, 0x000000070ea00000|  0%| F|  |TAMS 0x000000070e800000, 0x000000070e800000| Untracked 
| 117|0x000000070ea00000, 0x000000070ea00000, 0x000000070ec00000|  0%| F|  |TAMS 0x000000070ea00000, 0x000000070ea00000| Untracked 
| 118|0x000000070ec00000, 0x000000070ec00000, 0x000000070ee00000|  0%| F|  |TAMS 0x000000070ec00000, 0x000000070ec00000| Untracked 
| 119|0x000000070ee00000, 0x000000070ee00000, 0x000000070f000000|  0%| F|  |TAMS 0x000000070ee00000, 0x000000070ee00000| Untracked 
| 120|0x000000070f000000, 0x000000070f000000, 0x000000070f200000|  0%| F|  |TAMS 0x000000070f000000, 0x000000070f000000| Untracked 
| 121|0x000000070f200000, 0x000000070f200000, 0x000000070f400000|  0%| F|  |TAMS 0x000000070f200000, 0x000000070f200000| Untracked 
| 122|0x000000070f400000, 0x000000070f400000, 0x000000070f600000|  0%| F|  |TAMS 0x000000070f400000, 0x000000070f400000| Untracked 
| 123|0x000000070f600000, 0x000000070f600000, 0x000000070f800000|  0%| F|  |TAMS 0x000000070f600000, 0x000000070f600000| Untracked 
| 124|0x000000070f800000, 0x000000070f800000, 0x000000070fa00000|  0%| F|  |TAMS 0x000000070f800000, 0x000000070f800000| Untracked 
| 125|0x000000070fa00000, 0x000000070fa00000, 0x000000070fc00000|  0%| F|  |TAMS 0x000000070fa00000, 0x000000070fa00000| Untracked 
| 126|0x000000070fc00000, 0x000000070fc00000, 0x000000070fe00000|  0%| F|  |TAMS 0x000000070fc00000, 0x000000070fc00000| Untracked 
| 127|0x000000070fe00000, 0x000000070fe00000, 0x0000000710000000|  0%| F|  |TAMS 0x000000070fe00000, 0x000000070fe00000| Untracked 
| 128|0x0000000710000000, 0x0000000710000000, 0x0000000710200000|  0%| F|  |TAMS 0x0000000710000000, 0x0000000710000000| Untracked 
| 129|0x0000000710200000, 0x0000000710200000, 0x0000000710400000|  0%| F|  |TAMS 0x0000000710200000, 0x0000000710200000| Untracked 
| 130|0x0000000710400000, 0x0000000710400000, 0x0000000710600000|  0%| F|  |TAMS 0x0000000710400000, 0x0000000710400000| Untracked 
| 131|0x0000000710600000, 0x0000000710600000, 0x0000000710800000|  0%| F|  |TAMS 0x0000000710600000, 0x0000000710600000| Untracked 
| 132|0x0000000710800000, 0x0000000710800000, 0x0000000710a00000|  0%| F|  |TAMS 0x0000000710800000, 0x0000000710800000| Untracked 
| 133|0x0000000710a00000, 0x0000000710a00000, 0x0000000710c00000|  0%| F|  |TAMS 0x0000000710a00000, 0x0000000710a00000| Untracked 
| 134|0x0000000710c00000, 0x0000000710c00000, 0x0000000710e00000|  0%| F|  |TAMS 0x0000000710c00000, 0x0000000710c00000| Untracked 
| 135|0x0000000710e00000, 0x0000000710e00000, 0x0000000711000000|  0%| F|  |TAMS 0x0000000710e00000, 0x0000000710e00000| Untracked 
| 136|0x0000000711000000, 0x0000000711000000, 0x0000000711200000|  0%| F|  |TAMS 0x0000000711000000, 0x0000000711000000| Untracked 
| 137|0x0000000711200000, 0x0000000711200000, 0x0000000711400000|  0%| F|  |TAMS 0x0000000711200000, 0x0000000711200000| Untracked 
| 138|0x0000000711400000, 0x0000000711400000, 0x0000000711600000|  0%| F|  |TAMS 0x0000000711400000, 0x0000000711400000| Untracked 
| 139|0x0000000711600000, 0x0000000711600000, 0x0000000711800000|  0%| F|  |TAMS 0x0000000711600000, 0x0000000711600000| Untracked 
| 140|0x0000000711800000, 0x0000000711800000, 0x0000000711a00000|  0%| F|  |TAMS 0x0000000711800000, 0x0000000711800000| Untracked 
| 141|0x0000000711a00000, 0x0000000711a00000, 0x0000000711c00000|  0%| F|  |TAMS 0x0000000711a00000, 0x0000000711a00000| Untracked 
| 142|0x0000000711c00000, 0x0000000711c00000, 0x0000000711e00000|  0%| F|  |TAMS 0x0000000711c00000, 0x0000000711c00000| Untracked 
| 143|0x0000000711e00000, 0x0000000711e00000, 0x0000000712000000|  0%| F|  |TAMS 0x0000000711e00000, 0x0000000711e00000| Untracked 
| 144|0x0000000712000000, 0x0000000712000000, 0x0000000712200000|  0%| F|  |TAMS 0x0000000712000000, 0x0000000712000000| Untracked 
| 145|0x0000000712200000, 0x0000000712200000, 0x0000000712400000|  0%| F|  |TAMS 0x0000000712200000, 0x0000000712200000| Untracked 
| 146|0x0000000712400000, 0x0000000712400000, 0x0000000712600000|  0%| F|  |TAMS 0x0000000712400000, 0x0000000712400000| Untracked 
| 147|0x0000000712600000, 0x0000000712600000, 0x0000000712800000|  0%| F|  |TAMS 0x0000000712600000, 0x0000000712600000| Untracked 
| 148|0x0000000712800000, 0x0000000712800000, 0x0000000712a00000|  0%| F|  |TAMS 0x0000000712800000, 0x0000000712800000| Untracked 
| 149|0x0000000712a00000, 0x0000000712a00000, 0x0000000712c00000|  0%| F|  |TAMS 0x0000000712a00000, 0x0000000712a00000| Untracked 
| 150|0x0000000712c00000, 0x0000000712c00000, 0x0000000712e00000|  0%| F|  |TAMS 0x0000000712c00000, 0x0000000712c00000| Untracked 
| 151|0x0000000712e00000, 0x0000000712e00000, 0x0000000713000000|  0%| F|  |TAMS 0x0000000712e00000, 0x0000000712e00000| Untracked 
| 152|0x0000000713000000, 0x0000000713000000, 0x0000000713200000|  0%| F|  |TAMS 0x0000000713000000, 0x0000000713000000| Untracked 
| 153|0x0000000713200000, 0x0000000713200000, 0x0000000713400000|  0%| F|  |TAMS 0x0000000713200000, 0x0000000713200000| Untracked 
| 154|0x0000000713400000, 0x0000000713400000, 0x0000000713600000|  0%| F|  |TAMS 0x0000000713400000, 0x0000000713400000| Untracked 
| 155|0x0000000713600000, 0x0000000713600000, 0x0000000713800000|  0%| F|  |TAMS 0x0000000713600000, 0x0000000713600000| Untracked 
| 156|0x0000000713800000, 0x0000000713800000, 0x0000000713a00000|  0%| F|  |TAMS 0x0000000713800000, 0x0000000713800000| Untracked 
| 157|0x0000000713a00000, 0x0000000713a00000, 0x0000000713c00000|  0%| F|  |TAMS 0x0000000713a00000, 0x0000000713a00000| Untracked 
| 158|0x0000000713c00000, 0x0000000713c00000, 0x0000000713e00000|  0%| F|  |TAMS 0x0000000713c00000, 0x0000000713c00000| Untracked 
| 159|0x0000000713e00000, 0x0000000713e00000, 0x0000000714000000|  0%| F|  |TAMS 0x0000000713e00000, 0x0000000713e00000| Untracked 
| 160|0x0000000714000000, 0x0000000714000000, 0x0000000714200000|  0%| F|  |TAMS 0x0000000714000000, 0x0000000714000000| Untracked 
| 161|0x0000000714200000, 0x0000000714200000, 0x0000000714400000|  0%| F|  |TAMS 0x0000000714200000, 0x0000000714200000| Untracked 
| 162|0x0000000714400000, 0x0000000714400000, 0x0000000714600000|  0%| F|  |TAMS 0x0000000714400000, 0x0000000714400000| Untracked 
| 163|0x0000000714600000, 0x0000000714600000, 0x0000000714800000|  0%| F|  |TAMS 0x0000000714600000, 0x0000000714600000| Untracked 
| 164|0x0000000714800000, 0x0000000714800000, 0x0000000714a00000|  0%| F|  |TAMS 0x0000000714800000, 0x0000000714800000| Untracked 
| 165|0x0000000714a00000, 0x0000000714a00000, 0x0000000714c00000|  0%| F|  |TAMS 0x0000000714a00000, 0x0000000714a00000| Untracked 
| 166|0x0000000714c00000, 0x0000000714c00000, 0x0000000714e00000|  0%| F|  |TAMS 0x0000000714c00000, 0x0000000714c00000| Untracked 
| 167|0x0000000714e00000, 0x0000000714e00000, 0x0000000715000000|  0%| F|  |TAMS 0x0000000714e00000, 0x0000000714e00000| Untracked 
| 168|0x0000000715000000, 0x0000000715000000, 0x0000000715200000|  0%| F|  |TAMS 0x0000000715000000, 0x0000000715000000| Untracked 
| 169|0x0000000715200000, 0x0000000715200000, 0x0000000715400000|  0%| F|  |TAMS 0x0000000715200000, 0x0000000715200000| Untracked 
| 170|0x0000000715400000, 0x0000000715400000, 0x0000000715600000|  0%| F|  |TAMS 0x0000000715400000, 0x0000000715400000| Untracked 
| 171|0x0000000715600000, 0x0000000715600000, 0x0000000715800000|  0%| F|  |TAMS 0x0000000715600000, 0x0000000715600000| Untracked 
| 172|0x0000000715800000, 0x0000000715800000, 0x0000000715a00000|  0%| F|  |TAMS 0x0000000715800000, 0x0000000715800000| Untracked 
| 173|0x0000000715a00000, 0x0000000715a00000, 0x0000000715c00000|  0%| F|  |TAMS 0x0000000715a00000, 0x0000000715a00000| Untracked 
| 174|0x0000000715c00000, 0x0000000715c00000, 0x0000000715e00000|  0%| F|  |TAMS 0x0000000715c00000, 0x0000000715c00000| Untracked 
| 175|0x0000000715e00000, 0x0000000715e00000, 0x0000000716000000|  0%| F|  |TAMS 0x0000000715e00000, 0x0000000715e00000| Untracked 
| 176|0x0000000716000000, 0x0000000716000000, 0x0000000716200000|  0%| F|  |TAMS 0x0000000716000000, 0x0000000716000000| Untracked 
| 177|0x0000000716200000, 0x0000000716200000, 0x0000000716400000|  0%| F|  |TAMS 0x0000000716200000, 0x0000000716200000| Untracked 
| 178|0x0000000716400000, 0x0000000716400000, 0x0000000716600000|  0%| F|  |TAMS 0x0000000716400000, 0x0000000716400000| Untracked 
| 179|0x0000000716600000, 0x0000000716600000, 0x0000000716800000|  0%| F|  |TAMS 0x0000000716600000, 0x0000000716600000| Untracked 
| 180|0x0000000716800000, 0x0000000716800000, 0x0000000716a00000|  0%| F|  |TAMS 0x0000000716800000, 0x0000000716800000| Untracked 
| 181|0x0000000716a00000, 0x0000000716a00000, 0x0000000716c00000|  0%| F|  |TAMS 0x0000000716a00000, 0x0000000716a00000| Untracked 
| 182|0x0000000716c00000, 0x0000000716c00000, 0x0000000716e00000|  0%| F|  |TAMS 0x0000000716c00000, 0x0000000716c00000| Untracked 
| 183|0x0000000716e00000, 0x0000000716e00000, 0x0000000717000000|  0%| F|  |TAMS 0x0000000716e00000, 0x0000000716e00000| Untracked 
| 184|0x0000000717000000, 0x0000000717000000, 0x0000000717200000|  0%| F|  |TAMS 0x0000000717000000, 0x0000000717000000| Untracked 
| 185|0x0000000717200000, 0x0000000717200000, 0x0000000717400000|  0%| F|  |TAMS 0x0000000717200000, 0x0000000717200000| Untracked 
| 186|0x0000000717400000, 0x0000000717400000, 0x0000000717600000|  0%| F|  |TAMS 0x0000000717400000, 0x0000000717400000| Untracked 
| 187|0x0000000717600000, 0x0000000717600000, 0x0000000717800000|  0%| F|  |TAMS 0x0000000717600000, 0x0000000717600000| Untracked 
| 188|0x0000000717800000, 0x0000000717800000, 0x0000000717a00000|  0%| F|  |TAMS 0x0000000717800000, 0x0000000717800000| Untracked 
| 189|0x0000000717a00000, 0x0000000717a00000, 0x0000000717c00000|  0%| F|  |TAMS 0x0000000717a00000, 0x0000000717a00000| Untracked 
| 190|0x0000000717c00000, 0x0000000717c00000, 0x0000000717e00000|  0%| F|  |TAMS 0x0000000717c00000, 0x0000000717c00000| Untracked 
| 191|0x0000000717e00000, 0x0000000717e00000, 0x0000000718000000|  0%| F|  |TAMS 0x0000000717e00000, 0x0000000717e00000| Untracked 
| 192|0x0000000718000000, 0x0000000718000000, 0x0000000718200000|  0%| F|  |TAMS 0x0000000718000000, 0x0000000718000000| Untracked 
| 193|0x0000000718200000, 0x0000000718200000, 0x0000000718400000|  0%| F|  |TAMS 0x0000000718200000, 0x0000000718200000| Untracked 
| 194|0x0000000718400000, 0x0000000718400000, 0x0000000718600000|  0%| F|  |TAMS 0x0000000718400000, 0x0000000718400000| Untracked 
| 195|0x0000000718600000, 0x0000000718600000, 0x0000000718800000|  0%| F|  |TAMS 0x0000000718600000, 0x0000000718600000| Untracked 
| 196|0x0000000718800000, 0x0000000718800000, 0x0000000718a00000|  0%| F|  |TAMS 0x0000000718800000, 0x0000000718800000| Untracked 
| 197|0x0000000718a00000, 0x0000000718a00000, 0x0000000718c00000|  0%| F|  |TAMS 0x0000000718a00000, 0x0000000718a00000| Untracked 
| 198|0x0000000718c00000, 0x0000000718c00000, 0x0000000718e00000|  0%| F|  |TAMS 0x0000000718c00000, 0x0000000718c00000| Untracked 
| 199|0x0000000718e00000, 0x0000000718e00000, 0x0000000719000000|  0%| F|  |TAMS 0x0000000718e00000, 0x0000000718e00000| Untracked 
| 200|0x0000000719000000, 0x0000000719000000, 0x0000000719200000|  0%| F|  |TAMS 0x0000000719000000, 0x0000000719000000| Untracked 
| 201|0x0000000719200000, 0x0000000719200000, 0x0000000719400000|  0%| F|  |TAMS 0x0000000719200000, 0x0000000719200000| Untracked 
| 202|0x0000000719400000, 0x0000000719400000, 0x0000000719600000|  0%| F|  |TAMS 0x0000000719400000, 0x0000000719400000| Untracked 
| 203|0x0000000719600000, 0x0000000719600000, 0x0000000719800000|  0%| F|  |TAMS 0x0000000719600000, 0x0000000719600000| Untracked 
| 204|0x0000000719800000, 0x0000000719800000, 0x0000000719a00000|  0%| F|  |TAMS 0x0000000719800000, 0x0000000719800000| Untracked 
| 205|0x0000000719a00000, 0x0000000719a00000, 0x0000000719c00000|  0%| F|  |TAMS 0x0000000719a00000, 0x0000000719a00000| Untracked 
| 206|0x0000000719c00000, 0x0000000719c00000, 0x0000000719e00000|  0%| F|  |TAMS 0x0000000719c00000, 0x0000000719c00000| Untracked 
| 207|0x0000000719e00000, 0x0000000719e00000, 0x000000071a000000|  0%| F|  |TAMS 0x0000000719e00000, 0x0000000719e00000| Untracked 
| 208|0x000000071a000000, 0x000000071a000000, 0x000000071a200000|  0%| F|  |TAMS 0x000000071a000000, 0x000000071a000000| Untracked 
| 209|0x000000071a200000, 0x000000071a200000, 0x000000071a400000|  0%| F|  |TAMS 0x000000071a200000, 0x000000071a200000| Untracked 
| 210|0x000000071a400000, 0x000000071a400000, 0x000000071a600000|  0%| F|  |TAMS 0x000000071a400000, 0x000000071a400000| Untracked 
| 211|0x000000071a600000, 0x000000071a600000, 0x000000071a800000|  0%| F|  |TAMS 0x000000071a600000, 0x000000071a600000| Untracked 
| 212|0x000000071a800000, 0x000000071a800000, 0x000000071aa00000|  0%| F|  |TAMS 0x000000071a800000, 0x000000071a800000| Untracked 
| 213|0x000000071aa00000, 0x000000071aa00000, 0x000000071ac00000|  0%| F|  |TAMS 0x000000071aa00000, 0x000000071aa00000| Untracked 
| 214|0x000000071ac00000, 0x000000071ac00000, 0x000000071ae00000|  0%| F|  |TAMS 0x000000071ac00000, 0x000000071ac00000| Untracked 
| 215|0x000000071ae00000, 0x000000071ae00000, 0x000000071b000000|  0%| F|  |TAMS 0x000000071ae00000, 0x000000071ae00000| Untracked 
| 216|0x000000071b000000, 0x000000071b000000, 0x000000071b200000|  0%| F|  |TAMS 0x000000071b000000, 0x000000071b000000| Untracked 
| 217|0x000000071b200000, 0x000000071b200000, 0x000000071b400000|  0%| F|  |TAMS 0x000000071b200000, 0x000000071b200000| Untracked 
| 218|0x000000071b400000, 0x000000071b400000, 0x000000071b600000|  0%| F|  |TAMS 0x000000071b400000, 0x000000071b400000| Untracked 
| 219|0x000000071b600000, 0x000000071b600000, 0x000000071b800000|  0%| F|  |TAMS 0x000000071b600000, 0x000000071b600000| Untracked 
| 220|0x000000071b800000, 0x000000071b800000, 0x000000071ba00000|  0%| F|  |TAMS 0x000000071b800000, 0x000000071b800000| Untracked 
| 221|0x000000071ba00000, 0x000000071ba00000, 0x000000071bc00000|  0%| F|  |TAMS 0x000000071ba00000, 0x000000071ba00000| Untracked 
| 222|0x000000071bc00000, 0x000000071bc00000, 0x000000071be00000|  0%| F|  |TAMS 0x000000071bc00000, 0x000000071bc00000| Untracked 
| 223|0x000000071be00000, 0x000000071be00000, 0x000000071c000000|  0%| F|  |TAMS 0x000000071be00000, 0x000000071be00000| Untracked 
| 224|0x000000071c000000, 0x000000071c000000, 0x000000071c200000|  0%| F|  |TAMS 0x000000071c000000, 0x000000071c000000| Untracked 
| 225|0x000000071c200000, 0x000000071c200000, 0x000000071c400000|  0%| F|  |TAMS 0x000000071c200000, 0x000000071c200000| Untracked 
| 226|0x000000071c400000, 0x000000071c400000, 0x000000071c600000|  0%| F|  |TAMS 0x000000071c400000, 0x000000071c400000| Untracked 
| 227|0x000000071c600000, 0x000000071c600000, 0x000000071c800000|  0%| F|  |TAMS 0x000000071c600000, 0x000000071c600000| Untracked 
| 228|0x000000071c800000, 0x000000071c800000, 0x000000071ca00000|  0%| F|  |TAMS 0x000000071c800000, 0x000000071c800000| Untracked 
| 229|0x000000071ca00000, 0x000000071ca00000, 0x000000071cc00000|  0%| F|  |TAMS 0x000000071ca00000, 0x000000071ca00000| Untracked 
| 230|0x000000071cc00000, 0x000000071cc00000, 0x000000071ce00000|  0%| F|  |TAMS 0x000000071cc00000, 0x000000071cc00000| Untracked 
| 231|0x000000071ce00000, 0x000000071ce00000, 0x000000071d000000|  0%| F|  |TAMS 0x000000071ce00000, 0x000000071ce00000| Untracked 
| 232|0x000000071d000000, 0x000000071d200000, 0x000000071d200000|100%| E|  |TAMS 0x000000071d000000, 0x000000071d000000| Complete 
| 233|0x000000071d200000, 0x000000071d400000, 0x000000071d400000|100%| E|CS|TAMS 0x000000071d200000, 0x000000071d200000| Complete 
| 234|0x000000071d400000, 0x000000071d600000, 0x000000071d600000|100%| E|CS|TAMS 0x000000071d400000, 0x000000071d400000| Complete 
| 235|0x000000071d600000, 0x000000071d800000, 0x000000071d800000|100%| E|CS|TAMS 0x000000071d600000, 0x000000071d600000| Complete 
| 236|0x000000071d800000, 0x000000071da00000, 0x000000071da00000|100%| E|CS|TAMS 0x000000071d800000, 0x000000071d800000| Complete 
| 237|0x000000071da00000, 0x000000071dc00000, 0x000000071dc00000|100%| E|CS|TAMS 0x000000071da00000, 0x000000071da00000| Complete 
| 238|0x000000071dc00000, 0x000000071de00000, 0x000000071de00000|100%| E|CS|TAMS 0x000000071dc00000, 0x000000071dc00000| Complete 
| 239|0x000000071de00000, 0x000000071e000000, 0x000000071e000000|100%| E|CS|TAMS 0x000000071de00000, 0x000000071de00000| Complete 
| 240|0x000000071e000000, 0x000000071e200000, 0x000000071e200000|100%| E|CS|TAMS 0x000000071e000000, 0x000000071e000000| Complete 
| 241|0x000000071e200000, 0x000000071e400000, 0x000000071e400000|100%| E|CS|TAMS 0x000000071e200000, 0x000000071e200000| Complete 
| 242|0x000000071e400000, 0x000000071e600000, 0x000000071e600000|100%| E|CS|TAMS 0x000000071e400000, 0x000000071e400000| Complete 
| 243|0x000000071e600000, 0x000000071e800000, 0x000000071e800000|100%| E|CS|TAMS 0x000000071e600000, 0x000000071e600000| Complete 
| 244|0x000000071e800000, 0x000000071ea00000, 0x000000071ea00000|100%| E|CS|TAMS 0x000000071e800000, 0x000000071e800000| Complete 
| 245|0x000000071ea00000, 0x000000071ec00000, 0x000000071ec00000|100%| E|CS|TAMS 0x000000071ea00000, 0x000000071ea00000| Complete 
| 246|0x000000071ec00000, 0x000000071ee00000, 0x000000071ee00000|100%| E|CS|TAMS 0x000000071ec00000, 0x000000071ec00000| Complete 
| 247|0x000000071ee00000, 0x000000071f000000, 0x000000071f000000|100%| E|CS|TAMS 0x000000071ee00000, 0x000000071ee00000| Complete 
| 248|0x000000071f000000, 0x000000071f200000, 0x000000071f200000|100%| E|CS|TAMS 0x000000071f000000, 0x000000071f000000| Complete 
| 249|0x000000071f200000, 0x000000071f400000, 0x000000071f400000|100%| E|CS|TAMS 0x000000071f200000, 0x000000071f200000| Complete 
| 250|0x000000071f400000, 0x000000071f600000, 0x000000071f600000|100%| E|CS|TAMS 0x000000071f400000, 0x000000071f400000| Complete 
| 251|0x000000071f600000, 0x000000071f800000, 0x000000071f800000|100%| E|CS|TAMS 0x000000071f600000, 0x000000071f600000| Complete 
| 252|0x000000071f800000, 0x000000071fa00000, 0x000000071fa00000|100%| E|CS|TAMS 0x000000071f800000, 0x000000071f800000| Complete 
| 253|0x000000071fa00000, 0x000000071fc00000, 0x000000071fc00000|100%| E|CS|TAMS 0x000000071fa00000, 0x000000071fa00000| Complete 
| 254|0x000000071fc00000, 0x000000071fe00000, 0x000000071fe00000|100%| E|CS|TAMS 0x000000071fc00000, 0x000000071fc00000| Complete 
| 255|0x000000071fe00000, 0x0000000720000000, 0x0000000720000000|100%| E|CS|TAMS 0x000000071fe00000, 0x000000071fe00000| Complete 
| 256|0x0000000720000000, 0x0000000720200000, 0x0000000720200000|100%| E|CS|TAMS 0x0000000720000000, 0x0000000720000000| Complete 
| 257|0x0000000720200000, 0x0000000720400000, 0x0000000720400000|100%| E|CS|TAMS 0x0000000720200000, 0x0000000720200000| Complete 
| 258|0x0000000720400000, 0x0000000720600000, 0x0000000720600000|100%| E|CS|TAMS 0x0000000720400000, 0x0000000720400000| Complete 
| 259|0x0000000720600000, 0x0000000720800000, 0x0000000720800000|100%| E|CS|TAMS 0x0000000720600000, 0x0000000720600000| Complete 
| 260|0x0000000720800000, 0x0000000720a00000, 0x0000000720a00000|100%| E|CS|TAMS 0x0000000720800000, 0x0000000720800000| Complete 
| 261|0x0000000720a00000, 0x0000000720c00000, 0x0000000720c00000|100%| E|CS|TAMS 0x0000000720a00000, 0x0000000720a00000| Complete 
| 262|0x0000000720c00000, 0x0000000720e00000, 0x0000000720e00000|100%| E|CS|TAMS 0x0000000720c00000, 0x0000000720c00000| Complete 
| 263|0x0000000720e00000, 0x0000000721000000, 0x0000000721000000|100%| E|CS|TAMS 0x0000000720e00000, 0x0000000720e00000| Complete 
| 264|0x0000000721000000, 0x0000000721200000, 0x0000000721200000|100%| E|CS|TAMS 0x0000000721000000, 0x0000000721000000| Complete 
| 265|0x0000000721200000, 0x0000000721400000, 0x0000000721400000|100%| E|CS|TAMS 0x0000000721200000, 0x0000000721200000| Complete 
| 266|0x0000000721400000, 0x0000000721600000, 0x0000000721600000|100%| E|CS|TAMS 0x0000000721400000, 0x0000000721400000| Complete 
| 267|0x0000000721600000, 0x0000000721800000, 0x0000000721800000|100%| E|CS|TAMS 0x0000000721600000, 0x0000000721600000| Complete 
| 268|0x0000000721800000, 0x0000000721a00000, 0x0000000721a00000|100%| E|CS|TAMS 0x0000000721800000, 0x0000000721800000| Complete 
| 269|0x0000000721a00000, 0x0000000721c00000, 0x0000000721c00000|100%| E|CS|TAMS 0x0000000721a00000, 0x0000000721a00000| Complete 
| 270|0x0000000721c00000, 0x0000000721e00000, 0x0000000721e00000|100%| E|CS|TAMS 0x0000000721c00000, 0x0000000721c00000| Complete 
| 271|0x0000000721e00000, 0x0000000722000000, 0x0000000722000000|100%| E|CS|TAMS 0x0000000721e00000, 0x0000000721e00000| Complete 
| 272|0x0000000722000000, 0x0000000722200000, 0x0000000722200000|100%| E|CS|TAMS 0x0000000722000000, 0x0000000722000000| Complete 
| 273|0x0000000722200000, 0x0000000722400000, 0x0000000722400000|100%| E|CS|TAMS 0x0000000722200000, 0x0000000722200000| Complete 
| 274|0x0000000722400000, 0x0000000722600000, 0x0000000722600000|100%| E|CS|TAMS 0x0000000722400000, 0x0000000722400000| Complete 
| 275|0x0000000722600000, 0x0000000722800000, 0x0000000722800000|100%| E|CS|TAMS 0x0000000722600000, 0x0000000722600000| Complete 
| 276|0x0000000722800000, 0x0000000722a00000, 0x0000000722a00000|100%| E|CS|TAMS 0x0000000722800000, 0x0000000722800000| Complete 
| 277|0x0000000722a00000, 0x0000000722c00000, 0x0000000722c00000|100%| E|CS|TAMS 0x0000000722a00000, 0x0000000722a00000| Complete 
| 278|0x0000000722c00000, 0x0000000722e00000, 0x0000000722e00000|100%| E|CS|TAMS 0x0000000722c00000, 0x0000000722c00000| Complete 
| 279|0x0000000722e00000, 0x0000000723000000, 0x0000000723000000|100%| E|CS|TAMS 0x0000000722e00000, 0x0000000722e00000| Complete 

Card table byte_map: [0x0000025cefa30000,0x0000025cf0230000] _byte_map_base: 0x0000025cec230000

Marking Bits (Prev, Next): (CMBitMap*) 0x0000025cd86f33f0, (CMBitMap*) 0x0000025cd86f33b0
 Prev Bits: [0x0000025cf4a30000, 0x0000025cf8a30000)
 Next Bits: [0x0000025cf0a30000, 0x0000025cf4a30000)

Polling page: 0x0000025cd6600000

Metaspace:

Usage:
  Non-class:     79.02 MB used.
      Class:     12.10 MB used.
       Both:     91.12 MB used.

Virtual space:
  Non-class space:       80.00 MB reserved,      79.69 MB (>99%) committed,  10 nodes.
      Class space:      308.00 MB reserved,      12.75 MB (  4%) committed,  1 nodes.
             Both:      388.00 MB reserved,      92.44 MB ( 24%) committed. 

Chunk freelists:
   Non-Class:  336.00 KB
       Class:  3.25 MB
        Both:  3.58 MB

MaxMetaspaceSize: 384.00 MB
CompressedClassSpaceSize: 308.00 MB
Initial GC threshold: 21.00 MB
Current GC threshold: 98.25 MB
CDS: on
MetaspaceReclaimPolicy: balanced
 - commit_granule_bytes: 65536.
 - commit_granule_words: 8192.
 - virtual_space_node_default_size: 1048576.
 - enlarge_chunks_in_place: 1.
 - new_chunks_are_fully_committed: 0.
 - uncommit_free_chunks: 1.
 - use_allocation_guard: 0.
 - handle_deallocations: 1.


Internal statistics:

num_allocs_failed_limit: 9.
num_arena_births: 2146.
num_arena_deaths: 0.
num_vsnodes_births: 11.
num_vsnodes_deaths: 0.
num_space_committed: 1479.
num_space_uncommitted: 0.
num_chunks_returned_to_freelist: 9.
num_chunks_taken_from_freelist: 6244.
num_chunk_merges: 6.
num_chunk_splits: 3823.
num_chunks_enlarged: 2123.
num_purges: 0.
num_inconsistent_stats: 0.

CodeHeap 'non-profiled nmethods': size=120000Kb used=16188Kb max_used=16188Kb free=103811Kb
 bounds [0x0000025ce79d0000, 0x0000025ce89a0000, 0x0000025ceef00000]
CodeHeap 'profiled nmethods': size=120000Kb used=35802Kb max_used=35802Kb free=84197Kb
 bounds [0x0000025cdff00000, 0x0000025ce2200000, 0x0000025ce7430000]
CodeHeap 'non-nmethods': size=5760Kb used=2457Kb max_used=2524Kb free=3302Kb
 bounds [0x0000025ce7430000, 0x0000025ce76c0000, 0x0000025ce79d0000]
 total_blobs=19418 nmethods=18455 adapters=872
 compilation: enabled
              stopped_count=0, restarted_count=0
 full_count=0

Compilation events (20 events):
Event: 886.654 Thread 0x0000025cfb4bdba0 nmethod 23123 0x0000025ce899a410 code [0x0000025ce899a6a0, 0x0000025ce899c670]
Event: 886.654 Thread 0x0000025cfb4bdba0 23131       4       java.util.regex.Matcher::appendExpandedReplacement (510 bytes)
Event: 886.660 Thread 0x0000025cfc00e0f0 23134       3       org.gradle.api.internal.artifacts.ivyservice.ivyresolve.parser.PomReader::setPomParent (67 bytes)
Event: 886.661 Thread 0x0000025cfc00e0f0 nmethod 23134 0x0000025ce21e7090 code [0x0000025ce21e7300, 0x0000025ce21e8028]
Event: 886.702 Thread 0x0000025cfb4bdba0 nmethod 23131 0x0000025ce899d910 code [0x0000025ce899dae0, 0x0000025ce899ea18]
Event: 886.702 Thread 0x0000025cfb4bdba0 23135       4       java.util.regex.Matcher::replaceAll (59 bytes)
Event: 886.738 Thread 0x0000025cfc00e0f0 23137       3       com.sun.org.apache.xerces.internal.utils.XMLSecurityPropertyManager::<init> (80 bytes)
Event: 886.740 Thread 0x0000025cfc00e0f0 nmethod 23137 0x0000025ce21e8390 code [0x0000025ce21e8600, 0x0000025ce21e9498]
Event: 886.740 Thread 0x0000025cfc00e0f0 23138       3       com.sun.org.apache.xerces.internal.utils.XMLSecurityManager::convert (100 bytes)
Event: 886.741 Thread 0x0000025cfc00e0f0 nmethod 23138 0x0000025ce21e9810 code [0x0000025ce21e9a80, 0x0000025ce21ea5b8]
Event: 886.743 Thread 0x0000025cfc00e0f0 23139       3       com.sun.org.apache.xerces.internal.impl.dtd.XMLDTDValidator::reset (297 bytes)
Event: 886.747 Thread 0x0000025cfc00e0f0 nmethod 23139 0x0000025ce21ea890 code [0x0000025ce21ead00, 0x0000025ce21edce8]
Event: 886.747 Thread 0x0000025cfc00e0f0 23140       3       com.sun.org.apache.xerces.internal.impl.XMLEntityManager::createReader (581 bytes)
Event: 886.751 Thread 0x0000025cfc00e0f0 nmethod 23140 0x0000025ce21ee990 code [0x0000025ce21eef00, 0x0000025ce21f1a68]
Event: 886.752 Thread 0x0000025cfc00e0f0 23141       3       com.sun.xml.internal.stream.Entity::<init> (9 bytes)
Event: 886.752 Thread 0x0000025cfc00e0f0 nmethod 23141 0x0000025ce21f2710 code [0x0000025ce21f28c0, 0x0000025ce21f2ae8]
Event: 886.752 Thread 0x0000025cfc00e0f0 23142       3       com.sun.org.apache.xerces.internal.impl.XMLScanner::startEntity (33 bytes)
Event: 886.753 Thread 0x0000025cfc00e0f0 nmethod 23142 0x0000025ce21f2b90 code [0x0000025ce21f2d40, 0x0000025ce21f2f88]
Event: 886.753 Thread 0x0000025cfc00e0f0 23143       3       com.sun.org.apache.xerces.internal.impl.XMLScanner::endEntity (18 bytes)
Event: 886.754 Thread 0x0000025cfc00e0f0 nmethod 23143 0x0000025ce136b310 code [0x0000025ce136b4a0, 0x0000025ce136b5f8]

GC Heap History (20 events):
Event: 472.724 GC heap before
{Heap before GC invocations=32 (full 0):
 garbage-first heap   total 573440K, used 452630K [0x0000000700000000, 0x0000000800000000)
  region size 2048K, 168 young (344064K), 8 survivors (16384K)
 Metaspace       used 81035K, committed 82304K, reserved 389120K
  class space    used 11052K, committed 11648K, reserved 315392K
}
Event: 472.748 GC heap after
{Heap after GC invocations=33 (full 0):
 garbage-first heap   total 573440K, used 124654K [0x0000000700000000, 0x0000000800000000)
  region size 2048K, 8 young (16384K), 8 survivors (16384K)
 Metaspace       used 81035K, committed 82304K, reserved 389120K
  class space    used 11052K, committed 11648K, reserved 315392K
}
Event: 481.394 GC heap before
{Heap before GC invocations=33 (full 0):
 garbage-first heap   total 573440K, used 452334K [0x0000000700000000, 0x0000000800000000)
  region size 2048K, 168 young (344064K), 8 survivors (16384K)
 Metaspace       used 81336K, committed 82624K, reserved 389120K
  class space    used 11058K, committed 11648K, reserved 315392K
}
Event: 481.411 GC heap after
{Heap after GC invocations=34 (full 0):
 garbage-first heap   total 573440K, used 125522K [0x0000000700000000, 0x0000000800000000)
  region size 2048K, 8 young (16384K), 8 survivors (16384K)
 Metaspace       used 81336K, committed 82624K, reserved 389120K
  class space    used 11058K, committed 11648K, reserved 315392K
}
Event: 595.805 GC heap before
{Heap before GC invocations=34 (full 0):
 garbage-first heap   total 573440K, used 451154K [0x0000000700000000, 0x0000000800000000)
  region size 2048K, 168 young (344064K), 8 survivors (16384K)
 Metaspace       used 81568K, committed 82816K, reserved 389120K
  class space    used 11059K, committed 11648K, reserved 315392K
}
Event: 595.968 GC heap after
{Heap after GC invocations=35 (full 0):
 garbage-first heap   total 573440K, used 122926K [0x0000000700000000, 0x0000000800000000)
  region size 2048K, 7 young (14336K), 7 survivors (14336K)
 Metaspace       used 81568K, committed 82816K, reserved 389120K
  class space    used 11059K, committed 11648K, reserved 315392K
}
Event: 619.388 GC heap before
{Heap before GC invocations=35 (full 0):
 garbage-first heap   total 573440K, used 450606K [0x0000000700000000, 0x0000000800000000)
  region size 2048K, 168 young (344064K), 7 survivors (14336K)
 Metaspace       used 81753K, committed 83072K, reserved 389120K
  class space    used 11059K, committed 11648K, reserved 315392K
}
Event: 619.462 GC heap after
{Heap after GC invocations=36 (full 0):
 garbage-first heap   total 573440K, used 125175K [0x0000000700000000, 0x0000000800000000)
  region size 2048K, 8 young (16384K), 8 survivors (16384K)
 Metaspace       used 81753K, committed 83072K, reserved 389120K
  class space    used 11059K, committed 11648K, reserved 315392K
}
Event: 627.914 GC heap before
{Heap before GC invocations=36 (full 0):
 garbage-first heap   total 573440K, used 452855K [0x0000000700000000, 0x0000000800000000)
  region size 2048K, 168 young (344064K), 8 survivors (16384K)
 Metaspace       used 81884K, committed 83136K, reserved 389120K
  class space    used 11059K, committed 11648K, reserved 315392K
}
Event: 627.960 GC heap after
{Heap after GC invocations=37 (full 0):
 garbage-first heap   total 573440K, used 124291K [0x0000000700000000, 0x0000000800000000)
  region size 2048K, 4 young (8192K), 4 survivors (8192K)
 Metaspace       used 81884K, committed 83136K, reserved 389120K
  class space    used 11059K, committed 11648K, reserved 315392K
}
Event: 633.987 GC heap before
{Heap before GC invocations=37 (full 0):
 garbage-first heap   total 573440K, used 458115K [0x0000000700000000, 0x0000000800000000)
  region size 2048K, 168 young (344064K), 4 survivors (8192K)
 Metaspace       used 81959K, committed 83200K, reserved 389120K
  class space    used 11059K, committed 11648K, reserved 315392K
}
Event: 634.078 GC heap after
{Heap after GC invocations=38 (full 0):
 garbage-first heap   total 573440K, used 124995K [0x0000000700000000, 0x0000000800000000)
  region size 2048K, 4 young (8192K), 4 survivors (8192K)
 Metaspace       used 81959K, committed 83200K, reserved 389120K
  class space    used 11059K, committed 11648K, reserved 315392K
}
Event: 639.235 GC heap before
{Heap before GC invocations=38 (full 0):
 garbage-first heap   total 573440K, used 460867K [0x0000000700000000, 0x0000000800000000)
  region size 2048K, 168 young (344064K), 4 survivors (8192K)
 Metaspace       used 82058K, committed 83328K, reserved 389120K
  class space    used 11059K, committed 11648K, reserved 315392K
}
Event: 639.252 GC heap after
{Heap after GC invocations=39 (full 0):
 garbage-first heap   total 573440K, used 125638K [0x0000000700000000, 0x0000000800000000)
  region size 2048K, 4 young (8192K), 4 survivors (8192K)
 Metaspace       used 82058K, committed 83328K, reserved 389120K
  class space    used 11059K, committed 11648K, reserved 315392K
}
Event: 642.912 GC heap before
{Heap before GC invocations=39 (full 0):
 garbage-first heap   total 573440K, used 459462K [0x0000000700000000, 0x0000000800000000)
  region size 2048K, 168 young (344064K), 4 survivors (8192K)
 Metaspace       used 82133K, committed 83392K, reserved 389120K
  class space    used 11059K, committed 11648K, reserved 315392K
}
Event: 642.930 GC heap after
{Heap after GC invocations=40 (full 0):
 garbage-first heap   total 573440K, used 125580K [0x0000000700000000, 0x0000000800000000)
  region size 2048K, 4 young (8192K), 4 survivors (8192K)
 Metaspace       used 82133K, committed 83392K, reserved 389120K
  class space    used 11059K, committed 11648K, reserved 315392K
}
Event: 647.155 GC heap before
{Heap before GC invocations=40 (full 0):
 garbage-first heap   total 573440K, used 461452K [0x0000000700000000, 0x0000000800000000)
  region size 2048K, 168 young (344064K), 4 survivors (8192K)
 Metaspace       used 82198K, committed 83456K, reserved 389120K
  class space    used 11059K, committed 11648K, reserved 315392K
}
Event: 647.174 GC heap after
{Heap after GC invocations=41 (full 0):
 garbage-first heap   total 573440K, used 125052K [0x0000000700000000, 0x0000000800000000)
  region size 2048K, 4 young (8192K), 4 survivors (8192K)
 Metaspace       used 82198K, committed 83456K, reserved 389120K
  class space    used 11059K, committed 11648K, reserved 315392K
}
Event: 878.570 GC heap before
{Heap before GC invocations=41 (full 0):
 garbage-first heap   total 573440K, used 458876K [0x0000000700000000, 0x0000000800000000)
  region size 2048K, 168 young (344064K), 4 survivors (8192K)
 Metaspace       used 93040K, committed 94400K, reserved 397312K
  class space    used 12390K, committed 13056K, reserved 315392K
}
Event: 878.794 GC heap after
{Heap after GC invocations=42 (full 0):
 garbage-first heap   total 573440K, used 132551K [0x0000000700000000, 0x0000000800000000)
  region size 2048K, 8 young (16384K), 8 survivors (16384K)
 Metaspace       used 93040K, committed 94400K, reserved 397312K
  class space    used 12390K, committed 13056K, reserved 315392K
}

Deoptimization events (20 events):
Event: 885.849 Thread 0x0000025c832e3500 Uncommon trap: trap_request=0xffffffbe fr.pc=0x0000025ce8592ab8 relative=0x0000000000001238
Event: 885.849 Thread 0x0000025c832e3500 Uncommon trap: reason=profile_predicate action=maybe_recompile pc=0x0000025ce8592ab8 method=sun.security.ssl.SSLTransport.decode(Lsun/security/ssl/TransportContext;[Ljava/nio/ByteBuffer;II[Ljava/nio/ByteBuffer;II)Lsun/security/ssl/Plaintext; @ 178 c2
Event: 885.849 Thread 0x0000025c832e3500 DEOPT PACKING pc=0x0000025ce8592ab8 sp=0x000000b8ab1fc3d0
Event: 885.850 Thread 0x0000025c832e3500 DEOPT UNPACKING pc=0x0000025ce74823a3 sp=0x000000b8ab1fc398 mode 2
Event: 885.850 Thread 0x0000025c832e3500 Uncommon trap: trap_request=0xffffffbe fr.pc=0x0000025ce8592ab8 relative=0x0000000000001238
Event: 885.850 Thread 0x0000025c832e3500 Uncommon trap: reason=profile_predicate action=maybe_recompile pc=0x0000025ce8592ab8 method=sun.security.ssl.SSLTransport.decode(Lsun/security/ssl/TransportContext;[Ljava/nio/ByteBuffer;II[Ljava/nio/ByteBuffer;II)Lsun/security/ssl/Plaintext; @ 178 c2
Event: 885.850 Thread 0x0000025c832e3500 DEOPT PACKING pc=0x0000025ce8592ab8 sp=0x000000b8ab1fc3d0
Event: 885.850 Thread 0x0000025c832e3500 DEOPT UNPACKING pc=0x0000025ce74823a3 sp=0x000000b8ab1fc398 mode 2
Event: 886.316 Thread 0x0000025c82fb2b70 Uncommon trap: trap_request=0xffffffc6 fr.pc=0x0000025ce8858edc relative=0x0000000000002cbc
Event: 886.316 Thread 0x0000025c82fb2b70 Uncommon trap: reason=bimorphic_or_optimized_type_check action=maybe_recompile pc=0x0000025ce8858edc method=org.gradle.api.internal.artifacts.ivyservice.resolveengine.graph.builder.NodeState.isExcluded(Lorg/gradle/api/internal/artifacts/ivyservice/resolve
Event: 886.316 Thread 0x0000025c82fb2b70 DEOPT PACKING pc=0x0000025ce8858edc sp=0x000000b8a64f7e70
Event: 886.316 Thread 0x0000025c82fb2b70 DEOPT UNPACKING pc=0x0000025ce74823a3 sp=0x000000b8a64f7e90 mode 2
Event: 886.316 Thread 0x0000025c82fb2b70 Uncommon trap: trap_request=0xffffffc6 fr.pc=0x0000025ce8858edc relative=0x0000000000002cbc
Event: 886.316 Thread 0x0000025c82fb2b70 Uncommon trap: reason=bimorphic_or_optimized_type_check action=maybe_recompile pc=0x0000025ce8858edc method=org.gradle.api.internal.artifacts.ivyservice.resolveengine.graph.builder.NodeState.isExcluded(Lorg/gradle/api/internal/artifacts/ivyservice/resolve
Event: 886.316 Thread 0x0000025c82fb2b70 DEOPT PACKING pc=0x0000025ce8858edc sp=0x000000b8a64f7e70
Event: 886.316 Thread 0x0000025c82fb2b70 DEOPT UNPACKING pc=0x0000025ce74823a3 sp=0x000000b8a64f7e90 mode 2
Event: 886.316 Thread 0x0000025c82fb2b70 Uncommon trap: trap_request=0xffffffc6 fr.pc=0x0000025ce8858edc relative=0x0000000000002cbc
Event: 886.316 Thread 0x0000025c82fb2b70 Uncommon trap: reason=bimorphic_or_optimized_type_check action=maybe_recompile pc=0x0000025ce8858edc method=org.gradle.api.internal.artifacts.ivyservice.resolveengine.graph.builder.NodeState.isExcluded(Lorg/gradle/api/internal/artifacts/ivyservice/resolve
Event: 886.316 Thread 0x0000025c82fb2b70 DEOPT PACKING pc=0x0000025ce8858edc sp=0x000000b8a64f7e70
Event: 886.316 Thread 0x0000025c82fb2b70 DEOPT UNPACKING pc=0x0000025ce74823a3 sp=0x000000b8a64f7e90 mode 2

Classes unloaded (0 events):
No events

Classes redefined (0 events):
No events

Internal exceptions (20 events):
Event: 873.732 Thread 0x0000025c82fb2b70 Exception <a 'sun/nio/fs/WindowsException'{0x0000000710ccdcd8}> (0x0000000710ccdcd8) 
thrown [s\open\src\hotspot\share\prims\jni.cpp, line 516]
Event: 873.736 Thread 0x0000025c82fb2b70 Exception <a 'sun/nio/fs/WindowsException'{0x0000000710ccf640}> (0x0000000710ccf640) 
thrown [s\open\src\hotspot\share\prims\jni.cpp, line 516]
Event: 873.762 Thread 0x0000025c82fb2b70 Exception <a 'sun/nio/fs/WindowsException'{0x0000000710ce2310}> (0x0000000710ce2310) 
thrown [s\open\src\hotspot\share\prims\jni.cpp, line 516]
Event: 873.766 Thread 0x0000025c82fb2b70 Exception <a 'sun/nio/fs/WindowsException'{0x0000000710cf8220}> (0x0000000710cf8220) 
thrown [s\open\src\hotspot\share\prims\jni.cpp, line 516]
Event: 873.774 Thread 0x0000025c82fb2b70 Exception <a 'sun/nio/fs/WindowsException'{0x0000000710d0a6b0}> (0x0000000710d0a6b0) 
thrown [s\open\src\hotspot\share\prims\jni.cpp, line 516]
Event: 873.780 Thread 0x0000025c82fb2b70 Exception <a 'sun/nio/fs/WindowsException'{0x0000000710d1e768}> (0x0000000710d1e768) 
thrown [s\open\src\hotspot\share\prims\jni.cpp, line 516]
Event: 873.785 Thread 0x0000025c82fb2b70 Exception <a 'sun/nio/fs/WindowsException'{0x0000000710d29608}> (0x0000000710d29608) 
thrown [s\open\src\hotspot\share\prims\jni.cpp, line 516]
Event: 873.911 Thread 0x0000025c82fb3040 Exception <a 'sun/nio/fs/WindowsException'{0x0000000710a10b58}> (0x0000000710a10b58) 
thrown [s\open\src\hotspot\share\prims\jni.cpp, line 516]
Event: 873.912 Thread 0x0000025c82fb3040 Exception <a 'sun/nio/fs/WindowsException'{0x0000000710a111b8}> (0x0000000710a111b8) 
thrown [s\open\src\hotspot\share\prims\jni.cpp, line 516]
Event: 873.917 Thread 0x0000025c82fb3040 Exception <a 'sun/nio/fs/WindowsException'{0x0000000710a22440}> (0x0000000710a22440) 
thrown [s\open\src\hotspot\share\prims\jni.cpp, line 516]
Event: 873.922 Thread 0x0000025c82fb3040 Exception <a 'sun/nio/fs/WindowsException'{0x0000000710a31c00}> (0x0000000710a31c00) 
thrown [s\open\src\hotspot\share\prims\jni.cpp, line 516]
Event: 873.929 Thread 0x0000025c82fb3040 Exception <a 'sun/nio/fs/WindowsException'{0x0000000710a41880}> (0x0000000710a41880) 
thrown [s\open\src\hotspot\share\prims\jni.cpp, line 516]
Event: 873.934 Thread 0x0000025c82fb3040 Exception <a 'sun/nio/fs/WindowsException'{0x0000000710a54fa8}> (0x0000000710a54fa8) 
thrown [s\open\src\hotspot\share\prims\jni.cpp, line 516]
Event: 873.943 Thread 0x0000025c82fb3040 Exception <a 'sun/nio/fs/WindowsException'{0x0000000710a60d80}> (0x0000000710a60d80) 
thrown [s\open\src\hotspot\share\prims\jni.cpp, line 516]
Event: 874.051 Thread 0x0000025c82fb2b70 Exception <a 'java/lang/ClassNotFoundException'{0x0000000710a9b7c0}: build_4lgjwb5pjkbnuiv529xwpnoq1BeanInfo> (0x0000000710a9b7c0) 
thrown [s\open\src\hotspot\share\classfile\systemDictionary.cpp, line 256]
Event: 874.059 Thread 0x0000025c82fb2b70 Exception <a 'java/lang/ClassNotFoundException'{0x0000000710aa29d0}: build_4lgjwb5pjkbnuiv529xwpnoq1Customizer> (0x0000000710aa29d0) 
thrown [s\open\src\hotspot\share\classfile\systemDictionary.cpp, line 256]
Event: 877.386 Thread 0x0000025c85e37c10 Implicit null exception at 0x0000025ce830c408 to 0x0000025ce83113f4
Event: 885.849 Thread 0x0000025c832e3500 Implicit null exception at 0x0000025ce85919aa to 0x0000025ce8592a80
Event: 885.849 Thread 0x0000025c832e3500 Implicit null exception at 0x0000025ce85919aa to 0x0000025ce8592a80
Event: 885.850 Thread 0x0000025c832e3500 Implicit null exception at 0x0000025ce85919aa to 0x0000025ce8592a80

VM Operations (20 events):
Event: 875.970 Executing VM operation: HandshakeAllThreads
Event: 875.970 Executing VM operation: HandshakeAllThreads done
Event: 876.970 Executing VM operation: Cleanup
Event: 876.971 Executing VM operation: Cleanup done
Event: 877.978 Executing VM operation: Cleanup
Event: 877.995 Executing VM operation: Cleanup done
Event: 878.569 Executing VM operation: G1CollectForAllocation
Event: 878.795 Executing VM operation: G1CollectForAllocation done
Event: 879.802 Executing VM operation: Cleanup
Event: 879.802 Executing VM operation: Cleanup done
Event: 880.816 Executing VM operation: Cleanup
Event: 880.816 Executing VM operation: Cleanup done
Event: 881.817 Executing VM operation: Cleanup
Event: 881.818 Executing VM operation: Cleanup done
Event: 883.826 Executing VM operation: Cleanup
Event: 883.850 Executing VM operation: Cleanup done
Event: 885.853 Executing VM operation: Cleanup
Event: 885.854 Executing VM operation: Cleanup done
Event: 886.859 Executing VM operation: Cleanup
Event: 886.859 Executing VM operation: Cleanup done

Events (20 events):
Event: 883.825 Thread 0x0000025c832e2690 Thread added: 0x0000025c832e2690
Event: 883.827 Thread 0x0000025c832e1350 Thread added: 0x0000025c832e1350
Event: 885.001 Thread 0x0000025c887c67f0 Thread exited: 0x0000025c887c67f0
Event: 885.220 Thread 0x0000025c832e2b60 Thread added: 0x0000025c832e2b60
Event: 885.220 Thread 0x0000025c832e51e0 Thread added: 0x0000025c832e51e0
Event: 885.579 Thread 0x0000025c832e3030 Thread added: 0x0000025c832e3030
Event: 885.580 Thread 0x0000025c832e4840 Thread added: 0x0000025c832e4840
Event: 885.811 Thread 0x0000025c832e3ea0 Thread added: 0x0000025c832e3ea0
Event: 885.812 Thread 0x0000025c832e3500 Thread added: 0x0000025c832e3500
Event: 885.812 Thread 0x0000025c832e39d0 Thread added: 0x0000025c832e39d0
Event: 885.812 Thread 0x0000025c832e4370 Thread added: 0x0000025c832e4370
Event: 885.812 Thread 0x0000025c832e4d10 Thread added: 0x0000025c832e4d10
Event: 885.813 Thread 0x0000025c832e1820 Thread added: 0x0000025c832e1820
Event: 885.881 Thread 0x0000025c887c8b60 Thread added: 0x0000025c887c8b60
Event: 886.322 Thread 0x0000025c832e56b0 Thread added: 0x0000025c832e56b0
Event: 886.323 Thread 0x0000025c832e1cf0 Thread added: 0x0000025c832e1cf0
Event: 886.457 Thread 0x0000025c832e7d30 Thread added: 0x0000025c832e7d30
Event: 886.459 Thread 0x0000025c832e6520 Thread added: 0x0000025c832e6520
Event: 886.460 Thread 0x0000025c832e5b80 Thread added: 0x0000025c832e5b80
Event: 886.461 Thread 0x0000025c832e6050 Thread added: 0x0000025c832e6050


Dynamic libraries:
0x00007ff65f070000 - 0x00007ff65f080000 	C:\Program Files\Java\jdk-17\bin\java.exe
0x00007ff93fba0000 - 0x00007ff93fe09000 	C:\WINDOWS\SYSTEM32\ntdll.dll
0x00007ff93e770000 - 0x00007ff93e839000 	C:\WINDOWS\System32\KERNEL32.DLL
0x00007ff93d270000 - 0x00007ff93d663000 	C:\WINDOWS\System32\KERNELBASE.dll
0x00007ff93d7f0000 - 0x00007ff93d93b000 	C:\WINDOWS\System32\ucrtbase.dll
0x00007ff9305a0000 - 0x00007ff9305b8000 	C:\Program Files\Java\jdk-17\bin\jli.dll
0x00007ff930df0000 - 0x00007ff930e0b000 	C:\Program Files\Java\jdk-17\bin\VCRUNTIME140.dll
0x00007ff93e450000 - 0x00007ff93e504000 	C:\WINDOWS\System32\ADVAPI32.dll
0x00007ff93ebe0000 - 0x00007ff93ec89000 	C:\WINDOWS\System32\msvcrt.dll
0x00007ff93d970000 - 0x00007ff93da16000 	C:\WINDOWS\System32\sechost.dll
0x00007ff93e5b0000 - 0x00007ff93e6c8000 	C:\WINDOWS\System32\RPCRT4.dll
0x00007ff93db30000 - 0x00007ff93dcf4000 	C:\WINDOWS\System32\USER32.dll
0x00007ff93d940000 - 0x00007ff93d967000 	C:\WINDOWS\System32\win32u.dll
0x00007ff92de10000 - 0x00007ff92e0a3000 	C:\WINDOWS\WinSxS\amd64_microsoft.windows.common-controls_6595b64144ccf1df_6.0.26100.5074_none_3e0d6f78e32fd63f\COMCTL32.dll
0x00007ff93e8c0000 - 0x00007ff93e8eb000 	C:\WINDOWS\System32\GDI32.dll
0x00007ff93cfd0000 - 0x00007ff93d0fd000 	C:\WINDOWS\System32\gdi32full.dll
0x00007ff93cf20000 - 0x00007ff93cfc3000 	C:\WINDOWS\System32\msvcp_win.dll
0x00007ff936f50000 - 0x00007ff936f5b000 	C:\WINDOWS\SYSTEM32\VERSION.dll
0x00007ff93e8f0000 - 0x00007ff93e91f000 	C:\WINDOWS\System32\IMM32.DLL
0x00007ff9296c0000 - 0x00007ff9296cc000 	C:\Program Files\Java\jdk-17\bin\vcruntime140_1.dll
0x00007ff8f38a0000 - 0x00007ff8f392e000 	C:\Program Files\Java\jdk-17\bin\msvcp140.dll
0x00007ff8b8050000 - 0x00007ff8b8c27000 	C:\Program Files\Java\jdk-17\bin\server\jvm.dll
0x00007ff93e760000 - 0x00007ff93e768000 	C:\WINDOWS\System32\PSAPI.DLL
0x00007ff936af0000 - 0x00007ff936b25000 	C:\WINDOWS\SYSTEM32\WINMM.dll
0x00007ff930e40000 - 0x00007ff930e4a000 	C:\WINDOWS\SYSTEM32\WSOCK32.dll
0x00007ff93e510000 - 0x00007ff93e584000 	C:\WINDOWS\System32\ws2_32.DLL
0x00007ff93bb10000 - 0x00007ff93bb2b000 	C:\WINDOWS\SYSTEM32\kernel.appcore.dll
0x00007ff9296b0000 - 0x00007ff9296ba000 	C:\Program Files\Java\jdk-17\bin\jimage.dll
0x00007ff932db0000 - 0x00007ff932ff2000 	C:\WINDOWS\SYSTEM32\DBGHELP.DLL
0x00007ff93f320000 - 0x00007ff93f69b000 	C:\WINDOWS\System32\combase.dll
0x00007ff93eaf0000 - 0x00007ff93ebc7000 	C:\WINDOWS\System32\OLEAUT32.dll
0x00007ff92c670000 - 0x00007ff92c6ad000 	C:\WINDOWS\SYSTEM32\dbgcore.DLL
0x00007ff93ce80000 - 0x00007ff93cf19000 	C:\WINDOWS\System32\bcryptPrimitives.dll
0x00007ff929640000 - 0x00007ff92964e000 	C:\Program Files\Java\jdk-17\bin\instrument.dll
0x00007ff90f6b0000 - 0x00007ff90f6d5000 	C:\Program Files\Java\jdk-17\bin\java.dll
0x00007ff8ee8d0000 - 0x00007ff8ee9a7000 	C:\Program Files\Java\jdk-17\bin\jsvml.dll
0x00007ff93dd00000 - 0x00007ff93e44d000 	C:\WINDOWS\System32\SHELL32.dll
0x00007ff93d100000 - 0x00007ff93d26c000 	C:\WINDOWS\System32\wintypes.dll
0x00007ff93a9d0000 - 0x00007ff93b229000 	C:\WINDOWS\SYSTEM32\windows.storage.dll
0x00007ff93ee20000 - 0x00007ff93ef10000 	C:\WINDOWS\System32\SHCORE.dll
0x00007ff93f2b0000 - 0x00007ff93f312000 	C:\WINDOWS\System32\shlwapi.dll
0x00007ff93cc50000 - 0x00007ff93cc79000 	C:\WINDOWS\SYSTEM32\profapi.dll
0x00007ff925460000 - 0x00007ff925478000 	C:\Program Files\Java\jdk-17\bin\zip.dll
0x00007ff924530000 - 0x00007ff924549000 	C:\Program Files\Java\jdk-17\bin\net.dll
0x00007ff933f30000 - 0x00007ff93404f000 	C:\WINDOWS\SYSTEM32\WINHTTP.dll
0x00007ff93c090000 - 0x00007ff93c0fb000 	C:\WINDOWS\system32\mswsock.dll
0x00007ff922600000 - 0x00007ff922616000 	C:\Program Files\Java\jdk-17\bin\nio.dll
0x00007ff929630000 - 0x00007ff929640000 	C:\Program Files\Java\jdk-17\bin\verify.dll
0x00007ff90f760000 - 0x00007ff90f787000 	C:\Users\rajee\.gradle\native\c067742578af261105cb4f569cf0c3c89f3d7b1fecec35dd04571415982c5e48\windows-amd64\native-platform.dll
0x00007ff8f0800000 - 0x00007ff8f0944000 	C:\Users\rajee\.gradle\native\100fb08df4bc3b14c8652ba06237920a3bd2aa13389f12d3474272988ae205f9\windows-amd64\native-platform-file-events.dll
0x00007ff929580000 - 0x00007ff92958a000 	C:\Program Files\Java\jdk-17\bin\management.dll
0x00007ff929490000 - 0x00007ff92949b000 	C:\Program Files\Java\jdk-17\bin\management_ext.dll
0x00007ff93c330000 - 0x00007ff93c34b000 	C:\WINDOWS\SYSTEM32\CRYPTSP.dll
0x00007ff93ba70000 - 0x00007ff93baab000 	C:\WINDOWS\system32\rsaenh.dll
0x00007ff93c130000 - 0x00007ff93c15b000 	C:\WINDOWS\SYSTEM32\USERENV.dll
0x00007ff93cc20000 - 0x00007ff93cc46000 	C:\WINDOWS\SYSTEM32\bcrypt.dll
0x00007ff93c350000 - 0x00007ff93c35c000 	C:\WINDOWS\SYSTEM32\CRYPTBASE.dll
0x00007ff93b580000 - 0x00007ff93b5b4000 	C:\WINDOWS\SYSTEM32\IPHLPAPI.DLL
0x00007ff93ec90000 - 0x00007ff93ec9a000 	C:\WINDOWS\System32\NSI.dll
0x00007ff934190000 - 0x00007ff9341ae000 	C:\WINDOWS\SYSTEM32\dhcpcsvc6.DLL
0x00007ff933a80000 - 0x00007ff933aa3000 	C:\WINDOWS\SYSTEM32\dhcpcsvc.DLL
0x00007ff93b620000 - 0x00007ff93b746000 	C:\WINDOWS\SYSTEM32\DNSAPI.dll
0x00007ff9272a0000 - 0x00007ff9272ad000 	C:\Program Files\Java\jdk-17\bin\sunmscapi.dll
0x00007ff93d670000 - 0x00007ff93d7e7000 	C:\WINDOWS\System32\CRYPT32.dll
0x00007ff93c550000 - 0x00007ff93c580000 	C:\WINDOWS\SYSTEM32\ncrypt.dll
0x00007ff93c500000 - 0x00007ff93c53f000 	C:\WINDOWS\SYSTEM32\NTASN1.dll
0x00007ff8deb80000 - 0x00007ff8deb88000 	C:\WINDOWS\system32\wshunix.dll
0x00007ff92f3c0000 - 0x00007ff92f3cb000 	C:\Windows\System32\rasadhlp.dll
0x00007ff932a80000 - 0x00007ff932b06000 	C:\WINDOWS\System32\fwpuclnt.dll

dbghelp: loaded successfully - version: 4.0.5 - missing functions: none
symbol engine: initialized successfully - sym options: 0x614 - pdb path: .;C:\Program Files\Java\jdk-17\bin;C:\WINDOWS\SYSTEM32;C:\WINDOWS\WinSxS\amd64_microsoft.windows.common-controls_6595b64144ccf1df_6.0.26100.5074_none_3e0d6f78e32fd63f;C:\Program Files\Java\jdk-17\bin\server;C:\Users\rajee\.gradle\native\c067742578af261105cb4f569cf0c3c89f3d7b1fecec35dd04571415982c5e48\windows-amd64;C:\Users\rajee\.gradle\native\100fb08df4bc3b14c8652ba06237920a3bd2aa13389f12d3474272988ae205f9\windows-amd64

VM Arguments:
jvm_args: --add-opens=java.base/java.util=ALL-UNNAMED --add-opens=java.base/java.lang=ALL-UNNAMED --add-opens=java.base/java.lang.invoke=ALL-UNNAMED --add-opens=java.prefs/java.util.prefs=ALL-UNNAMED --add-exports=jdk.compiler/com.sun.tools.javac.api=ALL-UNNAMED --add-exports=jdk.compiler/com.sun.tools.javac.util=ALL-UNNAMED --add-opens=java.base/java.nio.charset=ALL-UNNAMED --add-opens=java.base/java.net=ALL-UNNAMED --add-opens=java.base/java.util.concurrent.atomic=ALL-UNNAMED -XX:MaxMetaspaceSize=384m -XX:+HeapDumpOnOutOfMemoryError -Xms256m -Xmx512m -Dfile.encoding=utf8 -Duser.country=IN -Duser.language=en -Duser.variant -javaagent:C:\Users\rajee\.gradle\wrapper\dists\gradle-8.9-bin\90cnw93cvbtalezasaz0blq0a\gradle-8.9\lib\agents\gradle-instrumentation-agent-8.9.jar -Xmx4g 
java_command: org.gradle.launcher.daemon.bootstrap.GradleDaemon 8.9
java_class_path (initial): C:\Users\rajee\.gradle\wrapper\dists\gradle-8.9-bin\90cnw93cvbtalezasaz0blq0a\gradle-8.9\lib\gradle-daemon-main-8.9.jar
Launcher Type: SUN_STANDARD

[Global flags]
     intx CICompilerCount                          = 4                                         {product} {ergonomic}
   size_t CompressedClassSpaceSize                 = 322961408                                 {product} {ergonomic}
     uint ConcGCThreads                            = 2                                         {product} {ergonomic}
     uint G1ConcRefinementThreads                  = 8                                         {product} {ergonomic}
   size_t G1HeapRegionSize                         = 2097152                                   {product} {ergonomic}
    uintx GCDrainStackTargetSize                   = 64                                        {product} {ergonomic}
     bool HeapDumpOnOutOfMemoryError               = true                                   {manageable} {command line}
   size_t InitialHeapSize                          = 268435456                                 {product} {command line}
   size_t MarkStackSize                            = 4194304                                   {product} {ergonomic}
   size_t MaxHeapSize                              = 4294967296                                {product} {command line}
   size_t MaxMetaspaceSize                         = 402653184                                 {product} {command line}
   size_t MaxNewSize                               = 2575302656                                {product} {ergonomic}
   size_t MinHeapDeltaBytes                        = 2097152                                   {product} {ergonomic}
   size_t MinHeapSize                              = 268435456                                 {product} {command line}
    uintx NonNMethodCodeHeapSize                   = 5839372                                {pd product} {ergonomic}
    uintx NonProfiledCodeHeapSize                  = 122909434                              {pd product} {ergonomic}
    uintx ProfiledCodeHeapSize                     = 122909434                              {pd product} {ergonomic}
    uintx ReservedCodeCacheSize                    = 251658240                              {pd product} {ergonomic}
     bool SegmentedCodeCache                       = true                                      {product} {ergonomic}
   size_t SoftMaxHeapSize                          = 4294967296                             {manageable} {ergonomic}
     bool UseCompressedClassPointers               = true                           {product lp64_product} {ergonomic}
     bool UseCompressedOops                        = true                           {product lp64_product} {ergonomic}
     bool UseG1GC                                  = true                                      {product} {ergonomic}
     bool UseLargePagesIndividualAllocation        = false                                  {pd product} {ergonomic}

Logging:
Log output configuration:
 #0: stdout all=warning uptime,level,tags
 #1: stderr all=off uptime,level,tags

Environment Variables:
JAVA_HOME=C:\Program Files\Java\jdk-17
_JAVA_OPTIONS=-Xmx4g
PATH=C:\Program Files (x86)\Common Files\Oracle\Java\javapath;C:\Program Files\Common Files\Oracle\Java\javapath;C:\WINDOWS\system32;C:\WINDOWS;C:\WINDOWS\System32\Wbem;C:\WINDOWS\System32\WindowsPowerShell\v1.0\;C:\WINDOWS\System32\OpenSSH\;C:\Program Files\dotnet\;C:\Program Files\Git\cmd;C:\Android;C:\Windows\System32;C:\Program Files\nodejs\;C:\Users\rajee\AppData\Local\Microsoft\WindowsApps;C:\MinGW\bin;C:\Users\rajee\AppData\Local\Programs\Microsoft VS Code\bin;C:\Program Files\JetBrains\IntelliJ IDEA Community Edition 2022.3.1\bin;;C:\Program Files\JetBrains\PyCharm Community Edition 2023.1\bin;;C:\Users\rajee\AppData\Local\Microsoft\WinGet\Packages\Schniz.fnm_Microsoft.Winget.Source_8wekyb3d8bbwe;C:\Program Files\MongoDB\Server\7.0\bin;C:\Users\rajee\AppData\Local\Programs\mongosh\;C:\Users\rajee\AppData\Local\Muse Hub\lib;C:\Users\rajee\AppData\Roaming\npm
USERNAME=rajee
OS=Windows_NT
PROCESSOR_IDENTIFIER=AMD64 Family 23 Model 24 Stepping 1, AuthenticAMD



---------------  S Y S T E M  ---------------

OS:
 Windows 11 , 64 bit Build 26100 (10.0.26100.5074)
OS uptime: 13 days 19:15 hours

CPU: total 8 (initial active 8) (8 cores per cpu, 2 threads per core) family 23 model 24 stepping 1 microcode 0x810810d, cx8, cmov, fxsr, ht, mmx, 3dnowpref, sse, sse2, sse3, ssse3, sse4a, sse4.1, sse4.2, popcnt, lzcnt, tsc, tscinvbit, avx, avx2, aes, clmul, bmi1, bmi2, adx, sha, fma, vzeroupper, clflush, clflushopt

Memory: 4k page, system-wide physical 6030M (623M free)
TotalPageFile size 24462M (AvailPageFile size 151M)
current process WorkingSet (physical memory assigned to process): 421M, peak: 732M
current process commit charge ("private bytes"): 919M, peak: 922M

vm_info: Java HotSpot(TM) 64-Bit Server VM (17.0.6+9-LTS-190) for windows-amd64 JRE (17.0.6+9-LTS-190), built on Dec  6 2022 15:53:54 by "mach5one" with MS VC++ 17.1 (VS2022)

END.
